{"V:\\FSW-101\\Binar-Project\\showcarpedia-next\\server\\index.js": {"path":"V:\\FSW-101\\Binar-Project\\showcarpedia-next\\server\\index.js","statementMap":{"0":{"start":{"line":1,"column":16},"end":{"line":1,"column":34}},"1":{"start":{"line":2,"column":13},"end":{"line":2,"column":28}},"2":{"start":{"line":3,"column":12},"end":{"line":3,"column":21}},"3":{"start":{"line":4,"column":13},"end":{"line":4,"column":36}},"4":{"start":{"line":5,"column":15},"end":{"line":5,"column":34}},"5":{"start":{"line":6,"column":15},"end":{"line":6,"column":48}},"6":{"start":{"line":7,"column":11},"end":{"line":13,"column":2}},"7":{"start":{"line":15,"column":15},"end":{"line":19,"column":1}},"8":{"start":{"line":23,"column":0},"end":{"line":38,"column":2}},"9":{"start":{"line":24,"column":4},"end":{"line":26,"column":6}},"10":{"start":{"line":25,"column":8},"end":{"line":25,"column":25}},"11":{"start":{"line":28,"column":4},"end":{"line":33,"column":6}},"12":{"start":{"line":29,"column":8},"end":{"line":32,"column":10}},"13":{"start":{"line":35,"column":4},"end":{"line":36,"column":6}},"14":{"start":{"line":40,"column":21},"end":{"line":40,"column":45}},"15":{"start":{"line":43,"column":0},"end":{"line":43,"column":47}},"16":{"start":{"line":44,"column":0},"end":{"line":44,"column":23}},"17":{"start":{"line":45,"column":0},"end":{"line":45,"column":33}},"18":{"start":{"line":46,"column":0},"end":{"line":46,"column":23}},"19":{"start":{"line":48,"column":0},"end":{"line":48,"column":23}},"20":{"start":{"line":53,"column":0},"end":{"line":53,"column":15}},"21":{"start":{"line":55,"column":0},"end":{"line":55,"column":21}}},"fnMap":{"0":{"name":"(anonymous_0)","decl":{"start":{"line":23,"column":20},"end":{"line":23,"column":21}},"loc":{"start":{"line":23,"column":32},"end":{"line":38,"column":1}},"line":23},"1":{"name":"(anonymous_1)","decl":{"start":{"line":24,"column":23},"end":{"line":24,"column":24}},"loc":{"start":{"line":24,"column":35},"end":{"line":26,"column":5}},"line":24},"2":{"name":"(anonymous_2)","decl":{"start":{"line":28,"column":24},"end":{"line":28,"column":25}},"loc":{"start":{"line":28,"column":47},"end":{"line":33,"column":5}},"line":28},"3":{"name":"(anonymous_3)","decl":{"start":{"line":35,"column":28},"end":{"line":35,"column":29}},"loc":{"start":{"line":35,"column":34},"end":{"line":36,"column":5}},"line":35}},"branchMap":{},"s":{"0":1,"1":1,"2":1,"3":1,"4":1,"5":1,"6":1,"7":1,"8":1,"9":0,"10":0,"11":0,"12":0,"13":0,"14":1,"15":1,"16":1,"17":1,"18":1,"19":1,"20":1,"21":1},"f":{"0":0,"1":0,"2":0,"3":0},"b":{},"_coverageSchema":"1a1c01bbd47fc00a2c39e90264f33305004495a9","hash":"2e6ba6bf788b40a43f7db331a81b38425d53d6a9"}
,"V:\\FSW-101\\Binar-Project\\showcarpedia-next\\server\\config\\config.js": {"path":"V:\\FSW-101\\Binar-Project\\showcarpedia-next\\server\\config\\config.js","statementMap":{"0":{"start":{"line":1,"column":0},"end":{"line":1,"column":26}},"1":{"start":{"line":2,"column":0},"end":{"line":24,"column":1}}},"fnMap":{},"branchMap":{},"s":{"0":1,"1":1},"f":{},"b":{},"_coverageSchema":"1a1c01bbd47fc00a2c39e90264f33305004495a9","hash":"2cbd3f46e969886d7a2b7d189702eb00cf8780fa"}
,"V:\\FSW-101\\Binar-Project\\showcarpedia-next\\server\\controllers\\aboutController.js": {"path":"V:\\FSW-101\\Binar-Project\\showcarpedia-next\\server\\controllers\\aboutController.js","statementMap":{"0":{"start":{"line":1,"column":18},"end":{"line":1,"column":38}},"1":{"start":{"line":5,"column":6},"end":{"line":11,"column":10}},"2":{"start":{"line":7,"column":10},"end":{"line":10,"column":12}},"3":{"start":{"line":21,"column":31},"end":{"line":21,"column":39}},"4":{"start":{"line":22,"column":20},"end":{"line":25,"column":5}},"5":{"start":{"line":26,"column":4},"end":{"line":33,"column":8}},"6":{"start":{"line":32,"column":8},"end":{"line":32,"column":50}},"7":{"start":{"line":43,"column":0},"end":{"line":43,"column":33}}},"fnMap":{"0":{"name":"(anonymous_0)","decl":{"start":{"line":4,"column":2},"end":{"line":4,"column":3}},"loc":{"start":{"line":4,"column":35},"end":{"line":18,"column":3}},"line":4},"1":{"name":"(anonymous_1)","decl":{"start":{"line":6,"column":14},"end":{"line":6,"column":15}},"loc":{"start":{"line":6,"column":24},"end":{"line":11,"column":9}},"line":6},"2":{"name":"(anonymous_2)","decl":{"start":{"line":20,"column":2},"end":{"line":20,"column":3}},"loc":{"start":{"line":20,"column":37},"end":{"line":40,"column":3}},"line":20},"3":{"name":"(anonymous_3)","decl":{"start":{"line":31,"column":12},"end":{"line":31,"column":13}},"loc":{"start":{"line":31,"column":18},"end":{"line":33,"column":7}},"line":31}},"branchMap":{},"s":{"0":1,"1":0,"2":0,"3":0,"4":0,"5":0,"6":0,"7":1},"f":{"0":0,"1":0,"2":0,"3":0},"b":{},"_coverageSchema":"1a1c01bbd47fc00a2c39e90264f33305004495a9","hash":"36cad5051b6b3917b7babdca11a5f1522728f08e"}
,"V:\\FSW-101\\Binar-Project\\showcarpedia-next\\server\\controllers\\adminController.js": {"path":"V:\\FSW-101\\Binar-Project\\showcarpedia-next\\server\\controllers\\adminController.js","statementMap":{"0":{"start":{"line":1,"column":26},"end":{"line":1,"column":46}},"1":{"start":{"line":2,"column":25},"end":{"line":2,"column":62}},"2":{"start":{"line":6,"column":25},"end":{"line":27,"column":3}},"3":{"start":{"line":8,"column":21},"end":{"line":8,"column":34}},"4":{"start":{"line":10,"column":4},"end":{"line":26,"column":5}},"5":{"start":{"line":11,"column":6},"end":{"line":23,"column":7}},"6":{"start":{"line":12,"column":21},"end":{"line":17,"column":10}},"7":{"start":{"line":18,"column":8},"end":{"line":18,"column":34}},"8":{"start":{"line":20,"column":8},"end":{"line":22,"column":10}},"9":{"start":{"line":25,"column":6},"end":{"line":25,"column":33}},"10":{"start":{"line":29,"column":22},"end":{"line":72,"column":5}},"11":{"start":{"line":30,"column":9},"end":{"line":71,"column":9}},"12":{"start":{"line":31,"column":27},"end":{"line":31,"column":40}},"13":{"start":{"line":32,"column":10},"end":{"line":68,"column":11}},"14":{"start":{"line":33,"column":50},"end":{"line":33,"column":58}},"15":{"start":{"line":34,"column":33},"end":{"line":34,"column":73}},"16":{"start":{"line":35,"column":12},"end":{"line":35,"column":96}},"17":{"start":{"line":35,"column":30},"end":{"line":35,"column":96}},"18":{"start":{"line":36,"column":36},"end":{"line":36,"column":79}},"19":{"start":{"line":37,"column":12},"end":{"line":37,"column":103}},"20":{"start":{"line":37,"column":33},"end":{"line":37,"column":103}},"21":{"start":{"line":39,"column":32},"end":{"line":41,"column":13}},"22":{"start":{"line":42,"column":25},"end":{"line":42,"column":55}},"23":{"start":{"line":44,"column":12},"end":{"line":65,"column":13}},"24":{"start":{"line":46,"column":37},"end":{"line":49,"column":15}},"25":{"start":{"line":51,"column":30},"end":{"line":51,"column":66}},"26":{"start":{"line":53,"column":14},"end":{"line":61,"column":15}},"27":{"start":{"line":54,"column":16},"end":{"line":60,"column":18}},"28":{"start":{"line":63,"column":19},"end":{"line":65,"column":13}},"29":{"start":{"line":64,"column":14},"end":{"line":64,"column":62}},"30":{"start":{"line":67,"column":12},"end":{"line":67,"column":87}},"31":{"start":{"line":70,"column":13},"end":{"line":70,"column":68}},"32":{"start":{"line":75,"column":22},"end":{"line":75,"column":35}},"33":{"start":{"line":76,"column":19},"end":{"line":76,"column":32}},"34":{"start":{"line":77,"column":6},"end":{"line":90,"column":9}},"35":{"start":{"line":78,"column":8},"end":{"line":87,"column":12}},"36":{"start":{"line":80,"column":12},"end":{"line":83,"column":14}},"37":{"start":{"line":86,"column":12},"end":{"line":86,"column":28}},"38":{"start":{"line":89,"column":10},"end":{"line":89,"column":84}},"39":{"start":{"line":93,"column":18},"end":{"line":119,"column":5}},"40":{"start":{"line":94,"column":6},"end":{"line":118,"column":7}},"41":{"start":{"line":95,"column":21},"end":{"line":95,"column":34}},"42":{"start":{"line":96,"column":24},"end":{"line":96,"column":37}},"43":{"start":{"line":97,"column":29},"end":{"line":101,"column":9}},"44":{"start":{"line":103,"column":8},"end":{"line":114,"column":9}},"45":{"start":{"line":104,"column":25},"end":{"line":108,"column":12}},"46":{"start":{"line":109,"column":10},"end":{"line":111,"column":11}},"47":{"start":{"line":110,"column":12},"end":{"line":110,"column":66}},"48":{"start":{"line":113,"column":10},"end":{"line":113,"column":85}},"49":{"start":{"line":116,"column":8},"end":{"line":116,"column":27}},"50":{"start":{"line":117,"column":8},"end":{"line":117,"column":49}},"51":{"start":{"line":122,"column":6},"end":{"line":152,"column":7}},"52":{"start":{"line":123,"column":24},"end":{"line":123,"column":37}},"53":{"start":{"line":124,"column":21},"end":{"line":124,"column":34}},"54":{"start":{"line":125,"column":29},"end":{"line":127,"column":9}},"55":{"start":{"line":129,"column":8},"end":{"line":148,"column":9}},"56":{"start":{"line":130,"column":29},"end":{"line":134,"column":12}},"57":{"start":{"line":135,"column":12},"end":{"line":137,"column":13}},"58":{"start":{"line":136,"column":14},"end":{"line":136,"column":62}},"59":{"start":{"line":138,"column":32},"end":{"line":142,"column":14}},"60":{"start":{"line":143,"column":10},"end":{"line":145,"column":11}},"61":{"start":{"line":144,"column":12},"end":{"line":144,"column":64}},"62":{"start":{"line":147,"column":10},"end":{"line":147,"column":86}},"63":{"start":{"line":150,"column":8},"end":{"line":150,"column":26}},"64":{"start":{"line":155,"column":1},"end":{"line":155,"column":33}}},"fnMap":{"0":{"name":"(anonymous_0)","decl":{"start":{"line":6,"column":25},"end":{"line":6,"column":26}},"loc":{"start":{"line":6,"column":45},"end":{"line":27,"column":3}},"line":6},"1":{"name":"(anonymous_1)","decl":{"start":{"line":29,"column":22},"end":{"line":29,"column":23}},"loc":{"start":{"line":29,"column":42},"end":{"line":72,"column":5}},"line":29},"2":{"name":"(anonymous_2)","decl":{"start":{"line":74,"column":4},"end":{"line":74,"column":5}},"loc":{"start":{"line":74,"column":39},"end":{"line":91,"column":7}},"line":74},"3":{"name":"(anonymous_3)","decl":{"start":{"line":79,"column":16},"end":{"line":79,"column":17}},"loc":{"start":{"line":79,"column":26},"end":{"line":84,"column":11}},"line":79},"4":{"name":"(anonymous_4)","decl":{"start":{"line":85,"column":17},"end":{"line":85,"column":18}},"loc":{"start":{"line":85,"column":26},"end":{"line":87,"column":11}},"line":85},"5":{"name":"(anonymous_5)","decl":{"start":{"line":93,"column":18},"end":{"line":93,"column":19}},"loc":{"start":{"line":93,"column":38},"end":{"line":119,"column":5}},"line":93},"6":{"name":"(anonymous_6)","decl":{"start":{"line":121,"column":4},"end":{"line":121,"column":5}},"loc":{"start":{"line":121,"column":34},"end":{"line":153,"column":5}},"line":121}},"branchMap":{"0":{"loc":{"start":{"line":11,"column":6},"end":{"line":23,"column":7}},"type":"if","locations":[{"start":{"line":11,"column":6},"end":{"line":23,"column":7}},{"start":{"line":19,"column":11},"end":{"line":23,"column":7}}],"line":11},"1":{"loc":{"start":{"line":11,"column":11},"end":{"line":11,"column":60}},"type":"binary-expr","locations":[{"start":{"line":11,"column":11},"end":{"line":11,"column":36}},{"start":{"line":11,"column":40},"end":{"line":11,"column":60}}],"line":11},"2":{"loc":{"start":{"line":32,"column":10},"end":{"line":68,"column":11}},"type":"if","locations":[{"start":{"line":32,"column":10},"end":{"line":68,"column":11}},{"start":{"line":66,"column":17},"end":{"line":68,"column":11}}],"line":32},"3":{"loc":{"start":{"line":35,"column":12},"end":{"line":35,"column":96}},"type":"if","locations":[{"start":{"line":35,"column":12},"end":{"line":35,"column":96}},{"start":{},"end":{}}],"line":35},"4":{"loc":{"start":{"line":37,"column":12},"end":{"line":37,"column":103}},"type":"if","locations":[{"start":{"line":37,"column":12},"end":{"line":37,"column":103}},{"start":{},"end":{}}],"line":37},"5":{"loc":{"start":{"line":44,"column":12},"end":{"line":65,"column":13}},"type":"if","locations":[{"start":{"line":44,"column":12},"end":{"line":65,"column":13}},{"start":{"line":63,"column":19},"end":{"line":65,"column":13}}],"line":44},"6":{"loc":{"start":{"line":53,"column":14},"end":{"line":61,"column":15}},"type":"if","locations":[{"start":{"line":53,"column":14},"end":{"line":61,"column":15}},{"start":{},"end":{}}],"line":53},"7":{"loc":{"start":{"line":63,"column":19},"end":{"line":65,"column":13}},"type":"if","locations":[{"start":{"line":63,"column":19},"end":{"line":65,"column":13}},{"start":{},"end":{}}],"line":63},"8":{"loc":{"start":{"line":77,"column":6},"end":{"line":90,"column":9}},"type":"if","locations":[{"start":{"line":77,"column":6},"end":{"line":90,"column":9}},{"start":{"line":88,"column":15},"end":{"line":90,"column":9}}],"line":77},"9":{"loc":{"start":{"line":103,"column":8},"end":{"line":114,"column":9}},"type":"if","locations":[{"start":{"line":103,"column":8},"end":{"line":114,"column":9}},{"start":{"line":112,"column":15},"end":{"line":114,"column":9}}],"line":103},"10":{"loc":{"start":{"line":109,"column":10},"end":{"line":111,"column":11}},"type":"if","locations":[{"start":{"line":109,"column":10},"end":{"line":111,"column":11}},{"start":{},"end":{}}],"line":109},"11":{"loc":{"start":{"line":129,"column":8},"end":{"line":148,"column":9}},"type":"if","locations":[{"start":{"line":129,"column":8},"end":{"line":148,"column":9}},{"start":{"line":146,"column":15},"end":{"line":148,"column":9}}],"line":129},"12":{"loc":{"start":{"line":135,"column":12},"end":{"line":137,"column":13}},"type":"if","locations":[{"start":{"line":135,"column":12},"end":{"line":137,"column":13}},{"start":{},"end":{}}],"line":135},"13":{"loc":{"start":{"line":143,"column":10},"end":{"line":145,"column":11}},"type":"if","locations":[{"start":{"line":143,"column":10},"end":{"line":145,"column":11}},{"start":{},"end":{}}],"line":143}},"s":{"0":1,"1":1,"2":1,"3":2,"4":2,"5":2,"6":2,"7":2,"8":0,"9":0,"10":1,"11":3,"12":3,"13":3,"14":3,"15":3,"16":3,"17":1,"18":2,"19":2,"20":1,"21":1,"22":1,"23":1,"24":1,"25":1,"26":1,"27":1,"28":0,"29":0,"30":0,"31":0,"32":2,"33":2,"34":2,"35":1,"36":1,"37":0,"38":1,"39":1,"40":2,"41":2,"42":2,"43":2,"44":2,"45":1,"46":1,"47":1,"48":1,"49":0,"50":0,"51":2,"52":2,"53":2,"54":2,"55":2,"56":1,"57":1,"58":1,"59":1,"60":1,"61":1,"62":1,"63":1,"64":1},"f":{"0":2,"1":3,"2":2,"3":1,"4":0,"5":2,"6":2},"b":{"0":[2,0],"1":[2,1],"2":[3,0],"3":[1,2],"4":[1,1],"5":[1,0],"6":[1,0],"7":[0,0],"8":[1,1],"9":[1,1],"10":[1,0],"11":[1,1],"12":[1,0],"13":[1,0]},"_coverageSchema":"1a1c01bbd47fc00a2c39e90264f33305004495a9","hash":"db5259d87c92d5dcdf14ea82b0fe60857b3838a5"}
,"V:\\FSW-101\\Binar-Project\\showcarpedia-next\\server\\controllers\\carsController.js": {"path":"V:\\FSW-101\\Binar-Project\\showcarpedia-next\\server\\controllers\\carsController.js","statementMap":{"0":{"start":{"line":1,"column":18},"end":{"line":1,"column":38}},"1":{"start":{"line":2,"column":13},"end":{"line":2,"column":33}},"2":{"start":{"line":4,"column":18},"end":{"line":48,"column":3}},"3":{"start":{"line":15,"column":8},"end":{"line":15,"column":16}},"4":{"start":{"line":16,"column":24},"end":{"line":27,"column":5}},"5":{"start":{"line":28,"column":4},"end":{"line":47,"column":5}},"6":{"start":{"line":29,"column":19},"end":{"line":29,"column":52}},"7":{"start":{"line":31,"column":6},"end":{"line":42,"column":8}},"8":{"start":{"line":44,"column":6},"end":{"line":46,"column":8}},"9":{"start":{"line":51,"column":4},"end":{"line":62,"column":5}},"10":{"start":{"line":52,"column":19},"end":{"line":57,"column":8}},"11":{"start":{"line":58,"column":6},"end":{"line":58,"column":58}},"12":{"start":{"line":58,"column":24},"end":{"line":58,"column":58}},"13":{"start":{"line":59,"column":6},"end":{"line":59,"column":32}},"14":{"start":{"line":61,"column":6},"end":{"line":61,"column":17}},"15":{"start":{"line":66,"column":4},"end":{"line":84,"column":5}},"16":{"start":{"line":67,"column":19},"end":{"line":67,"column":29}},"17":{"start":{"line":68,"column":19},"end":{"line":68,"column":45}},"18":{"start":{"line":69,"column":6},"end":{"line":81,"column":7}},"19":{"start":{"line":70,"column":8},"end":{"line":80,"column":10}},"20":{"start":{"line":83,"column":6},"end":{"line":83,"column":17}},"21":{"start":{"line":88,"column":4},"end":{"line":126,"column":5}},"22":{"start":{"line":89,"column":19},"end":{"line":89,"column":29}},"23":{"start":{"line":100,"column":10},"end":{"line":100,"column":18}},"24":{"start":{"line":101,"column":29},"end":{"line":112,"column":7}},"25":{"start":{"line":113,"column":19},"end":{"line":117,"column":8}},"26":{"start":{"line":118,"column":6},"end":{"line":123,"column":7}},"27":{"start":{"line":119,"column":8},"end":{"line":122,"column":10}},"28":{"start":{"line":125,"column":6},"end":{"line":125,"column":17}},"29":{"start":{"line":129,"column":4},"end":{"line":146,"column":5}},"30":{"start":{"line":130,"column":19},"end":{"line":130,"column":29}},"31":{"start":{"line":131,"column":25},"end":{"line":133,"column":7}},"32":{"start":{"line":134,"column":19},"end":{"line":138,"column":8}},"33":{"start":{"line":139,"column":6},"end":{"line":143,"column":7}},"34":{"start":{"line":140,"column":8},"end":{"line":142,"column":10}},"35":{"start":{"line":145,"column":6},"end":{"line":145,"column":17}},"36":{"start":{"line":149,"column":63},"end":{"line":149,"column":72}},"37":{"start":{"line":150,"column":18},"end":{"line":154,"column":5}},"38":{"start":{"line":156,"column":26},"end":{"line":158,"column":5}},"39":{"start":{"line":157,"column":47},"end":{"line":157,"column":57}},"40":{"start":{"line":159,"column":4},"end":{"line":159,"column":30}},"41":{"start":{"line":160,"column":4},"end":{"line":179,"column":5}},"42":{"start":{"line":161,"column":19},"end":{"line":174,"column":8}},"43":{"start":{"line":175,"column":6},"end":{"line":175,"column":69}},"44":{"start":{"line":175,"column":24},"end":{"line":175,"column":69}},"45":{"start":{"line":176,"column":6},"end":{"line":176,"column":39}},"46":{"start":{"line":178,"column":6},"end":{"line":178,"column":17}},"47":{"start":{"line":183,"column":17},"end":{"line":183,"column":40}},"48":{"start":{"line":184,"column":4},"end":{"line":184,"column":22}},"49":{"start":{"line":185,"column":18},"end":{"line":185,"column":36}},"50":{"start":{"line":186,"column":21},"end":{"line":186,"column":44}},"51":{"start":{"line":187,"column":4},"end":{"line":196,"column":5}},"52":{"start":{"line":188,"column":19},"end":{"line":192,"column":8}},"53":{"start":{"line":193,"column":6},"end":{"line":193,"column":68}},"54":{"start":{"line":193,"column":16},"end":{"line":193,"column":68}},"55":{"start":{"line":195,"column":6},"end":{"line":195,"column":15}},"56":{"start":{"line":199,"column":0},"end":{"line":199,"column":31}}},"fnMap":{"0":{"name":"(anonymous_0)","decl":{"start":{"line":4,"column":18},"end":{"line":4,"column":19}},"loc":{"start":{"line":4,"column":38},"end":{"line":48,"column":3}},"line":4},"1":{"name":"(anonymous_1)","decl":{"start":{"line":50,"column":2},"end":{"line":50,"column":3}},"loc":{"start":{"line":50,"column":39},"end":{"line":63,"column":3}},"line":50},"2":{"name":"(anonymous_2)","decl":{"start":{"line":65,"column":2},"end":{"line":65,"column":3}},"loc":{"start":{"line":65,"column":40},"end":{"line":85,"column":3}},"line":65},"3":{"name":"(anonymous_3)","decl":{"start":{"line":87,"column":2},"end":{"line":87,"column":3}},"loc":{"start":{"line":87,"column":43},"end":{"line":127,"column":3}},"line":87},"4":{"name":"(anonymous_4)","decl":{"start":{"line":128,"column":2},"end":{"line":128,"column":3}},"loc":{"start":{"line":128,"column":39},"end":{"line":147,"column":3}},"line":128},"5":{"name":"(anonymous_5)","decl":{"start":{"line":148,"column":2},"end":{"line":148,"column":3}},"loc":{"start":{"line":148,"column":41},"end":{"line":180,"column":3}},"line":148},"6":{"name":"(anonymous_6)","decl":{"start":{"line":157,"column":35},"end":{"line":157,"column":36}},"loc":{"start":{"line":157,"column":47},"end":{"line":157,"column":57}},"line":157},"7":{"name":"(anonymous_7)","decl":{"start":{"line":182,"column":2},"end":{"line":182,"column":3}},"loc":{"start":{"line":182,"column":39},"end":{"line":197,"column":3}},"line":182}},"branchMap":{"0":{"loc":{"start":{"line":58,"column":6},"end":{"line":58,"column":58}},"type":"if","locations":[{"start":{"line":58,"column":6},"end":{"line":58,"column":58}},{"start":{},"end":{}}],"line":58},"1":{"loc":{"start":{"line":69,"column":6},"end":{"line":81,"column":7}},"type":"if","locations":[{"start":{"line":69,"column":6},"end":{"line":81,"column":7}},{"start":{},"end":{}}],"line":69},"2":{"loc":{"start":{"line":118,"column":6},"end":{"line":123,"column":7}},"type":"if","locations":[{"start":{"line":118,"column":6},"end":{"line":123,"column":7}},{"start":{},"end":{}}],"line":118},"3":{"loc":{"start":{"line":139,"column":6},"end":{"line":143,"column":7}},"type":"if","locations":[{"start":{"line":139,"column":6},"end":{"line":143,"column":7}},{"start":{},"end":{}}],"line":139},"4":{"loc":{"start":{"line":165,"column":22},"end":{"line":165,"column":72}},"type":"cond-expr","locations":[{"start":{"line":165,"column":46},"end":{"line":165,"column":53}},{"start":{"line":165,"column":56},"end":{"line":165,"column":72}}],"line":165},"5":{"loc":{"start":{"line":175,"column":6},"end":{"line":175,"column":69}},"type":"if","locations":[{"start":{"line":175,"column":6},"end":{"line":175,"column":69}},{"start":{},"end":{}}],"line":175},"6":{"loc":{"start":{"line":193,"column":6},"end":{"line":193,"column":68}},"type":"if","locations":[{"start":{"line":193,"column":6},"end":{"line":193,"column":68}},{"start":{},"end":{}}],"line":193}},"s":{"0":1,"1":1,"2":1,"3":0,"4":0,"5":0,"6":0,"7":0,"8":0,"9":0,"10":0,"11":0,"12":0,"13":0,"14":0,"15":0,"16":0,"17":0,"18":0,"19":0,"20":0,"21":0,"22":0,"23":0,"24":0,"25":0,"26":0,"27":0,"28":0,"29":0,"30":0,"31":0,"32":0,"33":0,"34":0,"35":0,"36":0,"37":0,"38":0,"39":0,"40":0,"41":0,"42":0,"43":0,"44":0,"45":0,"46":0,"47":0,"48":0,"49":0,"50":0,"51":0,"52":0,"53":0,"54":0,"55":0,"56":1},"f":{"0":0,"1":0,"2":0,"3":0,"4":0,"5":0,"6":0,"7":0},"b":{"0":[0,0],"1":[0,0],"2":[0,0],"3":[0,0],"4":[0,0],"5":[0,0],"6":[0,0]},"_coverageSchema":"1a1c01bbd47fc00a2c39e90264f33305004495a9","hash":"c1ce4c541692ed313103989eb87c0599d94f3d42"}
,"V:\\FSW-101\\Binar-Project\\showcarpedia-next\\server\\controllers\\chatController.js": {"path":"V:\\FSW-101\\Binar-Project\\showcarpedia-next\\server\\controllers\\chatController.js","statementMap":{"0":{"start":{"line":1,"column":22},"end":{"line":1,"column":42}},"1":{"start":{"line":2,"column":17},"end":{"line":2,"column":37}},"2":{"start":{"line":3,"column":17},"end":{"line":3,"column":37}},"3":{"start":{"line":6,"column":24},"end":{"line":21,"column":5}},"4":{"start":{"line":7,"column":6},"end":{"line":20,"column":7}},"5":{"start":{"line":8,"column":24},"end":{"line":16,"column":12}},"6":{"start":{"line":17,"column":10},"end":{"line":17,"column":37}},"7":{"start":{"line":19,"column":10},"end":{"line":19,"column":61}},"8":{"start":{"line":23,"column":21},"end":{"line":34,"column":5}},"9":{"start":{"line":24,"column":8},"end":{"line":33,"column":9}},"10":{"start":{"line":25,"column":27},"end":{"line":25,"column":38}},"11":{"start":{"line":26,"column":25},"end":{"line":29,"column":14}},"12":{"start":{"line":30,"column":12},"end":{"line":30,"column":38}},"13":{"start":{"line":32,"column":12},"end":{"line":32,"column":63}},"14":{"start":{"line":37,"column":8},"end":{"line":48,"column":9}},"15":{"start":{"line":38,"column":25},"end":{"line":38,"column":36}},"16":{"start":{"line":39,"column":23},"end":{"line":44,"column":12}},"17":{"start":{"line":45,"column":10},"end":{"line":45,"column":37}},"18":{"start":{"line":47,"column":10},"end":{"line":47,"column":22}},"19":{"start":{"line":52,"column":7},"end":{"line":73,"column":8}},"20":{"start":{"line":53,"column":26},"end":{"line":53,"column":39}},"21":{"start":{"line":54,"column":22},"end":{"line":69,"column":11}},"22":{"start":{"line":70,"column":9},"end":{"line":70,"column":35}},"23":{"start":{"line":72,"column":9},"end":{"line":72,"column":20}},"24":{"start":{"line":77,"column":6},"end":{"line":102,"column":7}},"25":{"start":{"line":78,"column":25},"end":{"line":78,"column":40}},"26":{"start":{"line":79,"column":21},"end":{"line":82,"column":10}},"27":{"start":{"line":83,"column":21},"end":{"line":98,"column":10}},"28":{"start":{"line":99,"column":8},"end":{"line":99,"column":34}},"29":{"start":{"line":101,"column":8},"end":{"line":101,"column":19}},"30":{"start":{"line":106,"column":6},"end":{"line":133,"column":4}},"31":{"start":{"line":107,"column":28},"end":{"line":107,"column":36}},"32":{"start":{"line":109,"column":23},"end":{"line":109,"column":34}},"33":{"start":{"line":110,"column":25},"end":{"line":110,"column":38}},"34":{"start":{"line":112,"column":25},"end":{"line":115,"column":8}},"35":{"start":{"line":116,"column":28},"end":{"line":118,"column":9}},"36":{"start":{"line":119,"column":21},"end":{"line":119,"column":51}},"37":{"start":{"line":121,"column":8},"end":{"line":129,"column":9}},"38":{"start":{"line":122,"column":10},"end":{"line":126,"column":12}},"39":{"start":{"line":127,"column":15},"end":{"line":129,"column":9}},"40":{"start":{"line":128,"column":10},"end":{"line":128,"column":58}},"41":{"start":{"line":132,"column":8},"end":{"line":132,"column":63}},"42":{"start":{"line":137,"column":4},"end":{"line":164,"column":2}},"43":{"start":{"line":138,"column":26},"end":{"line":138,"column":34}},"44":{"start":{"line":140,"column":21},"end":{"line":140,"column":32}},"45":{"start":{"line":141,"column":23},"end":{"line":141,"column":38}},"46":{"start":{"line":143,"column":23},"end":{"line":146,"column":6}},"47":{"start":{"line":147,"column":26},"end":{"line":149,"column":7}},"48":{"start":{"line":150,"column":19},"end":{"line":150,"column":49}},"49":{"start":{"line":152,"column":6},"end":{"line":160,"column":7}},"50":{"start":{"line":153,"column":8},"end":{"line":157,"column":10}},"51":{"start":{"line":158,"column":13},"end":{"line":160,"column":7}},"52":{"start":{"line":159,"column":8},"end":{"line":159,"column":56}},"53":{"start":{"line":163,"column":6},"end":{"line":163,"column":61}},"54":{"start":{"line":168,"column":0},"end":{"line":168,"column":31}}},"fnMap":{"0":{"name":"(anonymous_0)","decl":{"start":{"line":6,"column":24},"end":{"line":6,"column":25}},"loc":{"start":{"line":6,"column":44},"end":{"line":21,"column":5}},"line":6},"1":{"name":"(anonymous_1)","decl":{"start":{"line":23,"column":21},"end":{"line":23,"column":22}},"loc":{"start":{"line":23,"column":41},"end":{"line":34,"column":5}},"line":23},"2":{"name":"(anonymous_2)","decl":{"start":{"line":36,"column":4},"end":{"line":36,"column":5}},"loc":{"start":{"line":36,"column":35},"end":{"line":49,"column":7}},"line":36},"3":{"name":"(anonymous_3)","decl":{"start":{"line":51,"column":4},"end":{"line":51,"column":5}},"loc":{"start":{"line":51,"column":36},"end":{"line":74,"column":5}},"line":51},"4":{"name":"(anonymous_4)","decl":{"start":{"line":76,"column":4},"end":{"line":76,"column":5}},"loc":{"start":{"line":76,"column":41},"end":{"line":103,"column":4}},"line":76},"5":{"name":"(anonymous_5)","decl":{"start":{"line":105,"column":3},"end":{"line":105,"column":4}},"loc":{"start":{"line":105,"column":35},"end":{"line":134,"column":3}},"line":105},"6":{"name":"(anonymous_6)","decl":{"start":{"line":136,"column":2},"end":{"line":136,"column":3}},"loc":{"start":{"line":136,"column":39},"end":{"line":165,"column":1}},"line":136}},"branchMap":{"0":{"loc":{"start":{"line":121,"column":8},"end":{"line":129,"column":9}},"type":"if","locations":[{"start":{"line":121,"column":8},"end":{"line":129,"column":9}},{"start":{"line":127,"column":15},"end":{"line":129,"column":9}}],"line":121},"1":{"loc":{"start":{"line":127,"column":15},"end":{"line":129,"column":9}},"type":"if","locations":[{"start":{"line":127,"column":15},"end":{"line":129,"column":9}},{"start":{},"end":{}}],"line":127},"2":{"loc":{"start":{"line":152,"column":6},"end":{"line":160,"column":7}},"type":"if","locations":[{"start":{"line":152,"column":6},"end":{"line":160,"column":7}},{"start":{"line":158,"column":13},"end":{"line":160,"column":7}}],"line":152},"3":{"loc":{"start":{"line":158,"column":13},"end":{"line":160,"column":7}},"type":"if","locations":[{"start":{"line":158,"column":13},"end":{"line":160,"column":7}},{"start":{},"end":{}}],"line":158}},"s":{"0":1,"1":1,"2":1,"3":1,"4":0,"5":0,"6":0,"7":0,"8":1,"9":0,"10":0,"11":0,"12":0,"13":0,"14":0,"15":0,"16":0,"17":0,"18":0,"19":0,"20":0,"21":0,"22":0,"23":0,"24":0,"25":0,"26":0,"27":0,"28":0,"29":0,"30":0,"31":0,"32":0,"33":0,"34":0,"35":0,"36":0,"37":0,"38":0,"39":0,"40":0,"41":0,"42":0,"43":0,"44":0,"45":0,"46":0,"47":0,"48":0,"49":0,"50":0,"51":0,"52":0,"53":0,"54":1},"f":{"0":0,"1":0,"2":0,"3":0,"4":0,"5":0,"6":0},"b":{"0":[0,0],"1":[0,0],"2":[0,0],"3":[0,0]},"_coverageSchema":"1a1c01bbd47fc00a2c39e90264f33305004495a9","hash":"18dbe95f340b4725d8f2ef8f9099bcf0250f1fff"}
,"V:\\FSW-101\\Binar-Project\\showcarpedia-next\\server\\controllers\\index.js": {"path":"V:\\FSW-101\\Binar-Project\\showcarpedia-next\\server\\controllers\\index.js","statementMap":{"0":{"start":{"line":1,"column":0},"end":{"line":8,"column":1}}},"fnMap":{},"branchMap":{},"s":{"0":1},"f":{},"b":{},"_coverageSchema":"1a1c01bbd47fc00a2c39e90264f33305004495a9","hash":"0cca022ec0e7686d7b000d40a9e878f2dcdccf2e"}
,"V:\\FSW-101\\Binar-Project\\showcarpedia-next\\server\\controllers\\insightsController.js": {"path":"V:\\FSW-101\\Binar-Project\\showcarpedia-next\\server\\controllers\\insightsController.js","statementMap":{"0":{"start":{"line":1,"column":47},"end":{"line":1,"column":67}},"1":{"start":{"line":6,"column":27},"end":{"line":11,"column":10}},"2":{"start":{"line":12,"column":8},"end":{"line":14,"column":10}},"3":{"start":{"line":18,"column":28},"end":{"line":23,"column":10}},"4":{"start":{"line":24,"column":8},"end":{"line":26,"column":10}},"5":{"start":{"line":30,"column":33},"end":{"line":34,"column":10}},"6":{"start":{"line":35,"column":8},"end":{"line":37,"column":10}},"7":{"start":{"line":41,"column":29},"end":{"line":58,"column":10}},"8":{"start":{"line":60,"column":8},"end":{"line":62,"column":10}},"9":{"start":{"line":67,"column":0},"end":{"line":67,"column":35}}},"fnMap":{"0":{"name":"(anonymous_0)","decl":{"start":{"line":5,"column":4},"end":{"line":5,"column":5}},"loc":{"start":{"line":5,"column":41},"end":{"line":15,"column":5}},"line":5},"1":{"name":"(anonymous_1)","decl":{"start":{"line":17,"column":4},"end":{"line":17,"column":5}},"loc":{"start":{"line":17,"column":42},"end":{"line":27,"column":5}},"line":17},"2":{"name":"(anonymous_2)","decl":{"start":{"line":29,"column":4},"end":{"line":29,"column":5}},"loc":{"start":{"line":29,"column":47},"end":{"line":38,"column":5}},"line":29},"3":{"name":"(anonymous_3)","decl":{"start":{"line":40,"column":4},"end":{"line":40,"column":5}},"loc":{"start":{"line":40,"column":43},"end":{"line":64,"column":5}},"line":40}},"branchMap":{},"s":{"0":1,"1":0,"2":0,"3":0,"4":0,"5":0,"6":0,"7":0,"8":0,"9":1},"f":{"0":0,"1":0,"2":0,"3":0},"b":{},"_coverageSchema":"1a1c01bbd47fc00a2c39e90264f33305004495a9","hash":"7995311eb67e06813a6198bb02013a8f1f71a54a"}
,"V:\\FSW-101\\Binar-Project\\showcarpedia-next\\server\\controllers\\loginController.js": {"path":"V:\\FSW-101\\Binar-Project\\showcarpedia-next\\server\\controllers\\loginController.js","statementMap":{"0":{"start":{"line":1,"column":28},"end":{"line":1,"column":48}},"1":{"start":{"line":2,"column":27},"end":{"line":2,"column":64}},"2":{"start":{"line":3,"column":26},"end":{"line":3,"column":60}},"3":{"start":{"line":6,"column":19},"end":{"line":52,"column":5}},"4":{"start":{"line":7,"column":8},"end":{"line":51,"column":9}},"5":{"start":{"line":8,"column":23},"end":{"line":8,"column":27}},"6":{"start":{"line":9,"column":43},"end":{"line":9,"column":51}},"7":{"start":{"line":10,"column":25},"end":{"line":14,"column":14}},"8":{"start":{"line":15,"column":29},"end":{"line":15,"column":38}},"9":{"start":{"line":17,"column":12},"end":{"line":23,"column":13}},"10":{"start":{"line":18,"column":16},"end":{"line":22,"column":18}},"11":{"start":{"line":25,"column":36},"end":{"line":25,"column":81}},"12":{"start":{"line":27,"column":12},"end":{"line":29,"column":13}},"13":{"start":{"line":28,"column":16},"end":{"line":28,"column":74}},"14":{"start":{"line":31,"column":33},"end":{"line":36,"column":14}},"15":{"start":{"line":38,"column":12},"end":{"line":40,"column":14}},"16":{"start":{"line":42,"column":12},"end":{"line":48,"column":15}},"17":{"start":{"line":50,"column":12},"end":{"line":50,"column":69}},"18":{"start":{"line":54,"column":0},"end":{"line":54,"column":31}}},"fnMap":{"0":{"name":"(anonymous_0)","decl":{"start":{"line":6,"column":19},"end":{"line":6,"column":20}},"loc":{"start":{"line":6,"column":45},"end":{"line":52,"column":5}},"line":6}},"branchMap":{"0":{"loc":{"start":{"line":17,"column":12},"end":{"line":23,"column":13}},"type":"if","locations":[{"start":{"line":17,"column":12},"end":{"line":23,"column":13}},{"start":{},"end":{}}],"line":17},"1":{"loc":{"start":{"line":27,"column":12},"end":{"line":29,"column":13}},"type":"if","locations":[{"start":{"line":27,"column":12},"end":{"line":29,"column":13}},{"start":{},"end":{}}],"line":27}},"s":{"0":1,"1":1,"2":1,"3":1,"4":0,"5":0,"6":0,"7":0,"8":0,"9":0,"10":0,"11":0,"12":0,"13":0,"14":0,"15":0,"16":0,"17":0,"18":1},"f":{"0":0},"b":{"0":[0,0],"1":[0,0]},"_coverageSchema":"1a1c01bbd47fc00a2c39e90264f33305004495a9","hash":"949285490ebf87958dc9f31b68ffe746bb82c98f"}
,"V:\\FSW-101\\Binar-Project\\showcarpedia-next\\server\\controllers\\productController.js": {"path":"V:\\FSW-101\\Binar-Project\\showcarpedia-next\\server\\controllers\\productController.js","statementMap":{"0":{"start":{"line":1,"column":18},"end":{"line":1,"column":38}},"1":{"start":{"line":4,"column":8},"end":{"line":10,"column":9}},"2":{"start":{"line":5,"column":25},"end":{"line":5,"column":70}},"3":{"start":{"line":6,"column":12},"end":{"line":6,"column":63}},"4":{"start":{"line":6,"column":29},"end":{"line":6,"column":63}},"5":{"start":{"line":7,"column":12},"end":{"line":7,"column":38}},"6":{"start":{"line":9,"column":12},"end":{"line":9,"column":23}},"7":{"start":{"line":14,"column":0},"end":{"line":14,"column":34}}},"fnMap":{"0":{"name":"(anonymous_0)","decl":{"start":{"line":3,"column":4},"end":{"line":3,"column":5}},"loc":{"start":{"line":3,"column":39},"end":{"line":11,"column":5}},"line":3}},"branchMap":{"0":{"loc":{"start":{"line":6,"column":12},"end":{"line":6,"column":63}},"type":"if","locations":[{"start":{"line":6,"column":12},"end":{"line":6,"column":63}},{"start":{},"end":{}}],"line":6}},"s":{"0":1,"1":0,"2":0,"3":0,"4":0,"5":0,"6":0,"7":1},"f":{"0":0},"b":{"0":[0,0]},"_coverageSchema":"1a1c01bbd47fc00a2c39e90264f33305004495a9","hash":"fd6877f2874043fa8032361366c513f9880347c0"}
,"V:\\FSW-101\\Binar-Project\\showcarpedia-next\\server\\controllers\\profileController.js": {"path":"V:\\FSW-101\\Binar-Project\\showcarpedia-next\\server\\controllers\\profileController.js","statementMap":{"0":{"start":{"line":1,"column":20},"end":{"line":1,"column":40}},"1":{"start":{"line":6,"column":19},"end":{"line":6,"column":30}},"2":{"start":{"line":7,"column":4},"end":{"line":13,"column":5}},"3":{"start":{"line":8,"column":6},"end":{"line":8,"column":53}},"4":{"start":{"line":8,"column":19},"end":{"line":8,"column":53}},"5":{"start":{"line":9,"column":19},"end":{"line":9,"column":63}},"6":{"start":{"line":10,"column":6},"end":{"line":10,"column":33}},"7":{"start":{"line":12,"column":6},"end":{"line":12,"column":18}},"8":{"start":{"line":17,"column":19},"end":{"line":17,"column":30}},"9":{"start":{"line":18,"column":79},"end":{"line":18,"column":87}},"10":{"start":{"line":20,"column":20},"end":{"line":27,"column":27}},"11":{"start":{"line":29,"column":4},"end":{"line":39,"column":5}},"12":{"start":{"line":30,"column":8},"end":{"line":30,"column":53}},"13":{"start":{"line":30,"column":20},"end":{"line":30,"column":53}},"14":{"start":{"line":31,"column":8},"end":{"line":31,"column":54}},"15":{"start":{"line":32,"column":8},"end":{"line":36,"column":9}},"16":{"start":{"line":38,"column":8},"end":{"line":38,"column":19}},"17":{"start":{"line":43,"column":0},"end":{"line":43,"column":35}}},"fnMap":{"0":{"name":"(anonymous_0)","decl":{"start":{"line":5,"column":2},"end":{"line":5,"column":3}},"loc":{"start":{"line":5,"column":37},"end":{"line":14,"column":3}},"line":5},"1":{"name":"(anonymous_1)","decl":{"start":{"line":15,"column":2},"end":{"line":15,"column":3}},"loc":{"start":{"line":15,"column":37},"end":{"line":40,"column":3}},"line":15}},"branchMap":{"0":{"loc":{"start":{"line":8,"column":6},"end":{"line":8,"column":53}},"type":"if","locations":[{"start":{"line":8,"column":6},"end":{"line":8,"column":53}},{"start":{},"end":{}}],"line":8},"1":{"loc":{"start":{"line":30,"column":8},"end":{"line":30,"column":53}},"type":"if","locations":[{"start":{"line":30,"column":8},"end":{"line":30,"column":53}},{"start":{},"end":{}}],"line":30}},"s":{"0":1,"1":0,"2":0,"3":0,"4":0,"5":0,"6":0,"7":0,"8":0,"9":0,"10":0,"11":0,"12":0,"13":0,"14":0,"15":0,"16":0,"17":1},"f":{"0":0,"1":0},"b":{"0":[0,0],"1":[0,0]},"_coverageSchema":"1a1c01bbd47fc00a2c39e90264f33305004495a9","hash":"f5ecc02b1d699c3dad786e9e868e438363afa10b"}
,"V:\\FSW-101\\Binar-Project\\showcarpedia-next\\server\\controllers\\registerController.js": {"path":"V:\\FSW-101\\Binar-Project\\showcarpedia-next\\server\\controllers\\registerController.js","statementMap":{"0":{"start":{"line":1,"column":37},"end":{"line":1,"column":57}},"1":{"start":{"line":2,"column":25},"end":{"line":2,"column":62}},"2":{"start":{"line":5,"column":23},"end":{"line":53,"column":6}},"3":{"start":{"line":6,"column":9},"end":{"line":52,"column":10}},"4":{"start":{"line":7,"column":51},"end":{"line":7,"column":59}},"5":{"start":{"line":8,"column":34},"end":{"line":8,"column":74}},"6":{"start":{"line":9,"column":13},"end":{"line":9,"column":97}},"7":{"start":{"line":9,"column":31},"end":{"line":9,"column":97}},"8":{"start":{"line":10,"column":37},"end":{"line":10,"column":80}},"9":{"start":{"line":11,"column":13},"end":{"line":11,"column":104}},"10":{"start":{"line":11,"column":34},"end":{"line":11,"column":104}},"11":{"start":{"line":13,"column":33},"end":{"line":15,"column":14}},"12":{"start":{"line":16,"column":26},"end":{"line":16,"column":56}},"13":{"start":{"line":18,"column":13},"end":{"line":49,"column":14}},"14":{"start":{"line":20,"column":38},"end":{"line":23,"column":16}},"15":{"start":{"line":25,"column":31},"end":{"line":25,"column":67}},"16":{"start":{"line":27,"column":15},"end":{"line":45,"column":16}},"17":{"start":{"line":29,"column":41},"end":{"line":32,"column":18}},"18":{"start":{"line":34,"column":34},"end":{"line":34,"column":74}},"19":{"start":{"line":36,"column":17},"end":{"line":44,"column":18}},"20":{"start":{"line":37,"column":20},"end":{"line":43,"column":22}},"21":{"start":{"line":47,"column":20},"end":{"line":49,"column":14}},"22":{"start":{"line":48,"column":15},"end":{"line":48,"column":63}},"23":{"start":{"line":51,"column":13},"end":{"line":51,"column":68}},"24":{"start":{"line":55,"column":1},"end":{"line":55,"column":36}}},"fnMap":{"0":{"name":"(anonymous_0)","decl":{"start":{"line":5,"column":23},"end":{"line":5,"column":24}},"loc":{"start":{"line":5,"column":43},"end":{"line":53,"column":6}},"line":5}},"branchMap":{"0":{"loc":{"start":{"line":9,"column":13},"end":{"line":9,"column":97}},"type":"if","locations":[{"start":{"line":9,"column":13},"end":{"line":9,"column":97}},{"start":{},"end":{}}],"line":9},"1":{"loc":{"start":{"line":11,"column":13},"end":{"line":11,"column":104}},"type":"if","locations":[{"start":{"line":11,"column":13},"end":{"line":11,"column":104}},{"start":{},"end":{}}],"line":11},"2":{"loc":{"start":{"line":18,"column":13},"end":{"line":49,"column":14}},"type":"if","locations":[{"start":{"line":18,"column":13},"end":{"line":49,"column":14}},{"start":{"line":47,"column":20},"end":{"line":49,"column":14}}],"line":18},"3":{"loc":{"start":{"line":27,"column":15},"end":{"line":45,"column":16}},"type":"if","locations":[{"start":{"line":27,"column":15},"end":{"line":45,"column":16}},{"start":{},"end":{}}],"line":27},"4":{"loc":{"start":{"line":36,"column":17},"end":{"line":44,"column":18}},"type":"if","locations":[{"start":{"line":36,"column":17},"end":{"line":44,"column":18}},{"start":{},"end":{}}],"line":36},"5":{"loc":{"start":{"line":47,"column":20},"end":{"line":49,"column":14}},"type":"if","locations":[{"start":{"line":47,"column":20},"end":{"line":49,"column":14}},{"start":{},"end":{}}],"line":47}},"s":{"0":1,"1":1,"2":1,"3":0,"4":0,"5":0,"6":0,"7":0,"8":0,"9":0,"10":0,"11":0,"12":0,"13":0,"14":0,"15":0,"16":0,"17":0,"18":0,"19":0,"20":0,"21":0,"22":0,"23":0,"24":1},"f":{"0":0},"b":{"0":[0,0],"1":[0,0],"2":[0,0],"3":[0,0],"4":[0,0],"5":[0,0]},"_coverageSchema":"1a1c01bbd47fc00a2c39e90264f33305004495a9","hash":"e6a17f6a79386080156a5cfcb1e06774565d1f45"}
,"V:\\FSW-101\\Binar-Project\\showcarpedia-next\\server\\controllers\\userController.js": {"path":"V:\\FSW-101\\Binar-Project\\showcarpedia-next\\server\\controllers\\userController.js","statementMap":{"0":{"start":{"line":1,"column":26},"end":{"line":1,"column":46}},"1":{"start":{"line":2,"column":25},"end":{"line":2,"column":62}},"2":{"start":{"line":7,"column":22},"end":{"line":7,"column":33}},"3":{"start":{"line":8,"column":6},"end":{"line":17,"column":10}},"4":{"start":{"line":10,"column":10},"end":{"line":13,"column":12}},"5":{"start":{"line":16,"column":10},"end":{"line":16,"column":26}},"6":{"start":{"line":21,"column":22},"end":{"line":21,"column":33}},"7":{"start":{"line":22,"column":25},"end":{"line":26,"column":7}},"8":{"start":{"line":27,"column":6},"end":{"line":37,"column":10}},"9":{"start":{"line":33,"column":10},"end":{"line":33,"column":52}},"10":{"start":{"line":36,"column":10},"end":{"line":36,"column":26}},"11":{"start":{"line":40,"column":1},"end":{"line":40,"column":32}}},"fnMap":{"0":{"name":"(anonymous_0)","decl":{"start":{"line":6,"column":4},"end":{"line":6,"column":5}},"loc":{"start":{"line":6,"column":39},"end":{"line":18,"column":5}},"line":6},"1":{"name":"(anonymous_1)","decl":{"start":{"line":9,"column":14},"end":{"line":9,"column":15}},"loc":{"start":{"line":9,"column":24},"end":{"line":14,"column":9}},"line":9},"2":{"name":"(anonymous_2)","decl":{"start":{"line":15,"column":15},"end":{"line":15,"column":16}},"loc":{"start":{"line":15,"column":24},"end":{"line":17,"column":9}},"line":15},"3":{"name":"(anonymous_3)","decl":{"start":{"line":20,"column":4},"end":{"line":20,"column":5}},"loc":{"start":{"line":20,"column":32},"end":{"line":38,"column":5}},"line":20},"4":{"name":"(anonymous_4)","decl":{"start":{"line":32,"column":14},"end":{"line":32,"column":15}},"loc":{"start":{"line":32,"column":20},"end":{"line":34,"column":9}},"line":32},"5":{"name":"(anonymous_5)","decl":{"start":{"line":35,"column":15},"end":{"line":35,"column":16}},"loc":{"start":{"line":35,"column":24},"end":{"line":37,"column":9}},"line":35}},"branchMap":{},"s":{"0":1,"1":1,"2":0,"3":0,"4":0,"5":0,"6":0,"7":0,"8":0,"9":0,"10":0,"11":1},"f":{"0":0,"1":0,"2":0,"3":0,"4":0,"5":0},"b":{},"_coverageSchema":"1a1c01bbd47fc00a2c39e90264f33305004495a9","hash":"e571f34ade9b03b780816860f03d1d2eb6e0da50"}
,"V:\\FSW-101\\Binar-Project\\showcarpedia-next\\server\\controllers\\wishlistController.js": {"path":"V:\\FSW-101\\Binar-Project\\showcarpedia-next\\server\\controllers\\wishlistController.js","statementMap":{"0":{"start":{"line":1,"column":36},"end":{"line":1,"column":56}},"1":{"start":{"line":4,"column":18},"end":{"line":27,"column":3}},"2":{"start":{"line":5,"column":17},"end":{"line":5,"column":25}},"3":{"start":{"line":6,"column":26},"end":{"line":6,"column":34}},"4":{"start":{"line":7,"column":28},"end":{"line":10,"column":5}},"5":{"start":{"line":11,"column":4},"end":{"line":26,"column":5}},"6":{"start":{"line":12,"column":27},"end":{"line":14,"column":8}},"7":{"start":{"line":16,"column":6},"end":{"line":21,"column":7}},"8":{"start":{"line":17,"column":8},"end":{"line":17,"column":62}},"9":{"start":{"line":19,"column":7},"end":{"line":19,"column":46}},"10":{"start":{"line":20,"column":8},"end":{"line":20,"column":56}},"11":{"start":{"line":23,"column":6},"end":{"line":25,"column":9}},"12":{"start":{"line":30,"column":17},"end":{"line":30,"column":25}},"13":{"start":{"line":31,"column":4},"end":{"line":51,"column":5}},"14":{"start":{"line":32,"column":19},"end":{"line":46,"column":8}},"15":{"start":{"line":47,"column":6},"end":{"line":47,"column":78}},"16":{"start":{"line":47,"column":24},"end":{"line":47,"column":78}},"17":{"start":{"line":48,"column":5},"end":{"line":48,"column":39}},"18":{"start":{"line":50,"column":6},"end":{"line":50,"column":18}},"19":{"start":{"line":105,"column":4},"end":{"line":122,"column":5}},"20":{"start":{"line":106,"column":28},"end":{"line":106,"column":36}},"21":{"start":{"line":107,"column":19},"end":{"line":107,"column":27}},"22":{"start":{"line":108,"column":19},"end":{"line":113,"column":8}},"23":{"start":{"line":114,"column":6},"end":{"line":119,"column":7}},"24":{"start":{"line":115,"column":8},"end":{"line":118,"column":11}},"25":{"start":{"line":121,"column":6},"end":{"line":121,"column":18}},"26":{"start":{"line":125,"column":0},"end":{"line":125,"column":36}}},"fnMap":{"0":{"name":"(anonymous_0)","decl":{"start":{"line":4,"column":18},"end":{"line":4,"column":19}},"loc":{"start":{"line":4,"column":38},"end":{"line":27,"column":3}},"line":4},"1":{"name":"(anonymous_1)","decl":{"start":{"line":29,"column":2},"end":{"line":29,"column":3}},"loc":{"start":{"line":29,"column":38},"end":{"line":52,"column":3}},"line":29},"2":{"name":"(anonymous_2)","decl":{"start":{"line":104,"column":2},"end":{"line":104,"column":3}},"loc":{"start":{"line":104,"column":40},"end":{"line":123,"column":3}},"line":104}},"branchMap":{"0":{"loc":{"start":{"line":16,"column":6},"end":{"line":21,"column":7}},"type":"if","locations":[{"start":{"line":16,"column":6},"end":{"line":21,"column":7}},{"start":{"line":18,"column":13},"end":{"line":21,"column":7}}],"line":16},"1":{"loc":{"start":{"line":47,"column":6},"end":{"line":47,"column":78}},"type":"if","locations":[{"start":{"line":47,"column":6},"end":{"line":47,"column":78}},{"start":{},"end":{}}],"line":47},"2":{"loc":{"start":{"line":114,"column":6},"end":{"line":119,"column":7}},"type":"if","locations":[{"start":{"line":114,"column":6},"end":{"line":119,"column":7}},{"start":{},"end":{}}],"line":114}},"s":{"0":1,"1":1,"2":0,"3":0,"4":0,"5":0,"6":0,"7":0,"8":0,"9":0,"10":0,"11":0,"12":0,"13":0,"14":0,"15":0,"16":0,"17":0,"18":0,"19":0,"20":0,"21":0,"22":0,"23":0,"24":0,"25":0,"26":1},"f":{"0":0,"1":0,"2":0},"b":{"0":[0,0],"1":[0,0],"2":[0,0]},"_coverageSchema":"1a1c01bbd47fc00a2c39e90264f33305004495a9","hash":"8767b8ee6181766e97338d1f8305bd32a38698ba"}
,"V:\\FSW-101\\Binar-Project\\showcarpedia-next\\server\\helpers\\passwordHandler.js": {"path":"V:\\FSW-101\\Binar-Project\\showcarpedia-next\\server\\helpers\\passwordHandler.js","statementMap":{"0":{"start":{"line":1,"column":15},"end":{"line":1,"column":32}},"1":{"start":{"line":2,"column":14},"end":{"line":2,"column":16}},"2":{"start":{"line":4,"column":21},"end":{"line":6,"column":1}},"3":{"start":{"line":5,"column":2},"end":{"line":5,"column":50}},"4":{"start":{"line":8,"column":23},"end":{"line":10,"column":1}},"5":{"start":{"line":9,"column":2},"end":{"line":9,"column":55}},"6":{"start":{"line":12,"column":0},"end":{"line":15,"column":1}}},"fnMap":{"0":{"name":"(anonymous_0)","decl":{"start":{"line":4,"column":21},"end":{"line":4,"column":22}},"loc":{"start":{"line":4,"column":35},"end":{"line":6,"column":1}},"line":4},"1":{"name":"(anonymous_1)","decl":{"start":{"line":8,"column":23},"end":{"line":8,"column":24}},"loc":{"start":{"line":8,"column":59},"end":{"line":10,"column":1}},"line":8}},"branchMap":{},"s":{"0":1,"1":1,"2":1,"3":5,"4":1,"5":0,"6":1},"f":{"0":5,"1":0},"b":{},"_coverageSchema":"1a1c01bbd47fc00a2c39e90264f33305004495a9","hash":"96ec81d86c07b83dd192b6cbec8e1cbebd0e9f6b"}
,"V:\\FSW-101\\Binar-Project\\showcarpedia-next\\server\\helpers\\tokenHandler.js": {"path":"V:\\FSW-101\\Binar-Project\\showcarpedia-next\\server\\helpers\\tokenHandler.js","statementMap":{"0":{"start":{"line":1,"column":0},"end":{"line":1,"column":26}},"1":{"start":{"line":2,"column":12},"end":{"line":2,"column":35}},"2":{"start":{"line":4,"column":22},"end":{"line":6,"column":1}},"3":{"start":{"line":5,"column":2},"end":{"line":5,"column":56}},"4":{"start":{"line":8,"column":20},"end":{"line":10,"column":1}},"5":{"start":{"line":9,"column":2},"end":{"line":9,"column":56}},"6":{"start":{"line":12,"column":0},"end":{"line":15,"column":1}}},"fnMap":{"0":{"name":"(anonymous_0)","decl":{"start":{"line":4,"column":22},"end":{"line":4,"column":23}},"loc":{"start":{"line":4,"column":41},"end":{"line":6,"column":1}},"line":4},"1":{"name":"(anonymous_1)","decl":{"start":{"line":8,"column":20},"end":{"line":8,"column":21}},"loc":{"start":{"line":8,"column":37},"end":{"line":10,"column":1}},"line":8}},"branchMap":{},"s":{"0":1,"1":1,"2":1,"3":2,"4":1,"5":20,"6":1},"f":{"0":2,"1":20},"b":{},"_coverageSchema":"1a1c01bbd47fc00a2c39e90264f33305004495a9","hash":"adc26bdd0cc1cd36bbec7ec5c1efcaca96886c95"}
,"V:\\FSW-101\\Binar-Project\\showcarpedia-next\\server\\middleware\\authentication.js": {"path":"V:\\FSW-101\\Binar-Project\\showcarpedia-next\\server\\middleware\\authentication.js","statementMap":{"0":{"start":{"line":1,"column":17},"end":{"line":1,"column":37}},"1":{"start":{"line":2,"column":24},"end":{"line":2,"column":58}},"2":{"start":{"line":5,"column":0},"end":{"line":27,"column":1}},"3":{"start":{"line":6,"column":2},"end":{"line":26,"column":3}},"4":{"start":{"line":7,"column":29},"end":{"line":7,"column":40}},"5":{"start":{"line":8,"column":4},"end":{"line":22,"column":5}},"6":{"start":{"line":9,"column":26},"end":{"line":9,"column":57}},"7":{"start":{"line":10,"column":23},"end":{"line":14,"column":8}},"8":{"start":{"line":15,"column":6},"end":{"line":17,"column":7}},"9":{"start":{"line":16,"column":8},"end":{"line":16,"column":76}},"10":{"start":{"line":18,"column":6},"end":{"line":18,"column":28}},"11":{"start":{"line":19,"column":6},"end":{"line":19,"column":12}},"12":{"start":{"line":21,"column":6},"end":{"line":21,"column":63}},"13":{"start":{"line":24,"column":4},"end":{"line":24,"column":22}},"14":{"start":{"line":25,"column":4},"end":{"line":25,"column":62}}},"fnMap":{"0":{"name":"(anonymous_0)","decl":{"start":{"line":5,"column":17},"end":{"line":5,"column":18}},"loc":{"start":{"line":5,"column":43},"end":{"line":27,"column":1}},"line":5}},"branchMap":{"0":{"loc":{"start":{"line":8,"column":4},"end":{"line":22,"column":5}},"type":"if","locations":[{"start":{"line":8,"column":4},"end":{"line":22,"column":5}},{"start":{"line":20,"column":11},"end":{"line":22,"column":5}}],"line":8},"1":{"loc":{"start":{"line":15,"column":6},"end":{"line":17,"column":7}},"type":"if","locations":[{"start":{"line":15,"column":6},"end":{"line":17,"column":7}},{"start":{},"end":{}}],"line":15}},"s":{"0":1,"1":1,"2":1,"3":22,"4":22,"5":22,"6":20,"7":20,"8":20,"9":0,"10":20,"11":20,"12":2,"13":0,"14":0},"f":{"0":22},"b":{"0":[20,2],"1":[0,20]},"_coverageSchema":"1a1c01bbd47fc00a2c39e90264f33305004495a9","hash":"21a60c7b6f215fdb619cb9e782a6c72128fcae88"}
,"V:\\FSW-101\\Binar-Project\\showcarpedia-next\\server\\middleware\\validatorYup.js": {"path":"V:\\FSW-101\\Binar-Project\\showcarpedia-next\\server\\middleware\\validatorYup.js","statementMap":{"0":{"start":{"line":1,"column":25},"end":{"line":10,"column":3}},"1":{"start":{"line":1,"column":37},"end":{"line":10,"column":3}},"2":{"start":{"line":2,"column":4},"end":{"line":9,"column":5}},"3":{"start":{"line":3,"column":6},"end":{"line":5,"column":9}},"4":{"start":{"line":6,"column":6},"end":{"line":6,"column":20}},"5":{"start":{"line":8,"column":6},"end":{"line":8,"column":76}},"6":{"start":{"line":12,"column":0},"end":{"line":12,"column":37}}},"fnMap":{"0":{"name":"(anonymous_0)","decl":{"start":{"line":1,"column":25},"end":{"line":1,"column":26}},"loc":{"start":{"line":1,"column":37},"end":{"line":10,"column":3}},"line":1},"1":{"name":"(anonymous_1)","decl":{"start":{"line":1,"column":37},"end":{"line":1,"column":38}},"loc":{"start":{"line":1,"column":63},"end":{"line":10,"column":3}},"line":1}},"branchMap":{},"s":{"0":1,"1":8,"2":12,"3":12,"4":5,"5":7,"6":1},"f":{"0":8,"1":12},"b":{},"_coverageSchema":"1a1c01bbd47fc00a2c39e90264f33305004495a9","hash":"bcb9e20a0c6db0800ec1afa47e9c3ba0b4e0e35d"}
,"V:\\FSW-101\\Binar-Project\\showcarpedia-next\\server\\models\\about.js": {"path":"V:\\FSW-101\\Binar-Project\\showcarpedia-next\\server\\models\\about.js","statementMap":{"0":{"start":{"line":4,"column":4},"end":{"line":4,"column":24}},"1":{"start":{"line":5,"column":0},"end":{"line":24,"column":2}},"2":{"start":{"line":16,"column":2},"end":{"line":22,"column":5}},"3":{"start":{"line":23,"column":2},"end":{"line":23,"column":15}}},"fnMap":{"0":{"name":"(anonymous_0)","decl":{"start":{"line":5,"column":17},"end":{"line":5,"column":18}},"loc":{"start":{"line":5,"column":43},"end":{"line":24,"column":1}},"line":5},"1":{"name":"(anonymous_1)","decl":{"start":{"line":12,"column":4},"end":{"line":12,"column":5}},"loc":{"start":{"line":12,"column":29},"end":{"line":14,"column":5}},"line":12}},"branchMap":{},"s":{"0":1,"1":1,"2":1,"3":1},"f":{"0":1,"1":1},"b":{},"_coverageSchema":"1a1c01bbd47fc00a2c39e90264f33305004495a9","hash":"d5a35455fb4edaef1c780d170da1572b82e55fc0"}
,"V:\\FSW-101\\Binar-Project\\showcarpedia-next\\server\\models\\chat.js": {"path":"V:\\FSW-101\\Binar-Project\\showcarpedia-next\\server\\models\\chat.js","statementMap":{"0":{"start":{"line":4,"column":4},"end":{"line":4,"column":24}},"1":{"start":{"line":5,"column":0},"end":{"line":41,"column":2}},"2":{"start":{"line":13,"column":6},"end":{"line":13,"column":59}},"3":{"start":{"line":14,"column":6},"end":{"line":14,"column":64}},"4":{"start":{"line":17,"column":2},"end":{"line":39,"column":5}},"5":{"start":{"line":40,"column":2},"end":{"line":40,"column":14}}},"fnMap":{"0":{"name":"(anonymous_0)","decl":{"start":{"line":5,"column":17},"end":{"line":5,"column":18}},"loc":{"start":{"line":5,"column":43},"end":{"line":41,"column":1}},"line":5},"1":{"name":"(anonymous_1)","decl":{"start":{"line":12,"column":4},"end":{"line":12,"column":5}},"loc":{"start":{"line":12,"column":29},"end":{"line":15,"column":5}},"line":12}},"branchMap":{},"s":{"0":1,"1":1,"2":1,"3":1,"4":1,"5":1},"f":{"0":1,"1":1},"b":{},"_coverageSchema":"1a1c01bbd47fc00a2c39e90264f33305004495a9","hash":"d9f36b110a039272d4f850781d49d4a38a76e734"}
,"V:\\FSW-101\\Binar-Project\\showcarpedia-next\\server\\models\\index.js": {"path":"V:\\FSW-101\\Binar-Project\\showcarpedia-next\\server\\models\\index.js","statementMap":{"0":{"start":{"line":3,"column":11},"end":{"line":3,"column":24}},"1":{"start":{"line":4,"column":13},"end":{"line":4,"column":28}},"2":{"start":{"line":5,"column":18},"end":{"line":5,"column":38}},"3":{"start":{"line":6,"column":17},"end":{"line":6,"column":42}},"4":{"start":{"line":7,"column":12},"end":{"line":7,"column":49}},"5":{"start":{"line":8,"column":15},"end":{"line":8,"column":63}},"6":{"start":{"line":9,"column":11},"end":{"line":9,"column":13}},"7":{"start":{"line":12,"column":0},"end":{"line":16,"column":1}},"8":{"start":{"line":13,"column":2},"end":{"line":13,"column":74}},"9":{"start":{"line":15,"column":2},"end":{"line":15,"column":87}},"10":{"start":{"line":18,"column":0},"end":{"line":26,"column":5}},"11":{"start":{"line":21,"column":4},"end":{"line":21,"column":90}},"12":{"start":{"line":24,"column":18},"end":{"line":24,"column":85}},"13":{"start":{"line":25,"column":4},"end":{"line":25,"column":27}},"14":{"start":{"line":28,"column":0},"end":{"line":32,"column":3}},"15":{"start":{"line":29,"column":2},"end":{"line":31,"column":3}},"16":{"start":{"line":30,"column":4},"end":{"line":30,"column":32}},"17":{"start":{"line":34,"column":0},"end":{"line":34,"column":25}},"18":{"start":{"line":35,"column":0},"end":{"line":35,"column":25}},"19":{"start":{"line":37,"column":0},"end":{"line":37,"column":20}}},"fnMap":{"0":{"name":"(anonymous_0)","decl":{"start":{"line":20,"column":10},"end":{"line":20,"column":11}},"loc":{"start":{"line":20,"column":18},"end":{"line":22,"column":3}},"line":20},"1":{"name":"(anonymous_1)","decl":{"start":{"line":23,"column":11},"end":{"line":23,"column":12}},"loc":{"start":{"line":23,"column":19},"end":{"line":26,"column":3}},"line":23},"2":{"name":"(anonymous_2)","decl":{"start":{"line":28,"column":24},"end":{"line":28,"column":25}},"loc":{"start":{"line":28,"column":37},"end":{"line":32,"column":1}},"line":28}},"branchMap":{"0":{"loc":{"start":{"line":7,"column":12},"end":{"line":7,"column":49}},"type":"binary-expr","locations":[{"start":{"line":7,"column":12},"end":{"line":7,"column":32}},{"start":{"line":7,"column":36},"end":{"line":7,"column":49}}],"line":7},"1":{"loc":{"start":{"line":12,"column":0},"end":{"line":16,"column":1}},"type":"if","locations":[{"start":{"line":12,"column":0},"end":{"line":16,"column":1}},{"start":{"line":14,"column":7},"end":{"line":16,"column":1}}],"line":12},"2":{"loc":{"start":{"line":21,"column":11},"end":{"line":21,"column":89}},"type":"binary-expr","locations":[{"start":{"line":21,"column":12},"end":{"line":21,"column":35}},{"start":{"line":21,"column":41},"end":{"line":21,"column":58}},{"start":{"line":21,"column":64},"end":{"line":21,"column":88}}],"line":21},"3":{"loc":{"start":{"line":29,"column":2},"end":{"line":31,"column":3}},"type":"if","locations":[{"start":{"line":29,"column":2},"end":{"line":31,"column":3}},{"start":{},"end":{}}],"line":29}},"s":{"0":1,"1":1,"2":1,"3":1,"4":1,"5":1,"6":1,"7":1,"8":0,"9":1,"10":1,"11":8,"12":7,"13":7,"14":1,"15":7,"16":7,"17":1,"18":1,"19":1},"f":{"0":8,"1":7,"2":7},"b":{"0":[1,0],"1":[0,1],"2":[8,8,7],"3":[7,0]},"_coverageSchema":"1a1c01bbd47fc00a2c39e90264f33305004495a9","hash":"9c3c3e250635b7bf07e91c1f3b2b297b627a4ad2"}
,"V:\\FSW-101\\Binar-Project\\showcarpedia-next\\server\\models\\product.js": {"path":"V:\\FSW-101\\Binar-Project\\showcarpedia-next\\server\\models\\product.js","statementMap":{"0":{"start":{"line":2,"column":16},"end":{"line":2,"column":36}},"1":{"start":{"line":3,"column":0},"end":{"line":37,"column":1}},"2":{"start":{"line":12,"column":6},"end":{"line":15,"column":8}},"3":{"start":{"line":18,"column":2},"end":{"line":35,"column":3}},"4":{"start":{"line":36,"column":2},"end":{"line":36,"column":16}}},"fnMap":{"0":{"name":"(anonymous_0)","decl":{"start":{"line":3,"column":17},"end":{"line":3,"column":18}},"loc":{"start":{"line":3,"column":43},"end":{"line":37,"column":1}},"line":3},"1":{"name":"(anonymous_1)","decl":{"start":{"line":10,"column":4},"end":{"line":10,"column":5}},"loc":{"start":{"line":10,"column":29},"end":{"line":16,"column":5}},"line":10}},"branchMap":{},"s":{"0":1,"1":1,"2":1,"3":1,"4":1},"f":{"0":1,"1":1},"b":{},"_coverageSchema":"1a1c01bbd47fc00a2c39e90264f33305004495a9","hash":"c01f77add1922ca4dcb36b8d7166d35a99f30e27"}
,"V:\\FSW-101\\Binar-Project\\showcarpedia-next\\server\\models\\profile.js": {"path":"V:\\FSW-101\\Binar-Project\\showcarpedia-next\\server\\models\\profile.js","statementMap":{"0":{"start":{"line":4,"column":4},"end":{"line":4,"column":24}},"1":{"start":{"line":5,"column":0},"end":{"line":35,"column":2}},"2":{"start":{"line":13,"column":6},"end":{"line":13,"column":59}},"3":{"start":{"line":16,"column":2},"end":{"line":33,"column":5}},"4":{"start":{"line":34,"column":2},"end":{"line":34,"column":17}}},"fnMap":{"0":{"name":"(anonymous_0)","decl":{"start":{"line":5,"column":17},"end":{"line":5,"column":18}},"loc":{"start":{"line":5,"column":43},"end":{"line":35,"column":1}},"line":5},"1":{"name":"(anonymous_1)","decl":{"start":{"line":12,"column":4},"end":{"line":12,"column":5}},"loc":{"start":{"line":12,"column":29},"end":{"line":14,"column":5}},"line":12}},"branchMap":{},"s":{"0":1,"1":1,"2":1,"3":1,"4":1},"f":{"0":1,"1":1},"b":{},"_coverageSchema":"1a1c01bbd47fc00a2c39e90264f33305004495a9","hash":"4b62fb3517ab12b9e2950df9756d54893cb0c4dd"}
,"V:\\FSW-101\\Binar-Project\\showcarpedia-next\\server\\models\\roomlists.js": {"path":"V:\\FSW-101\\Binar-Project\\showcarpedia-next\\server\\models\\roomlists.js","statementMap":{"0":{"start":{"line":4,"column":4},"end":{"line":4,"column":24}},"1":{"start":{"line":5,"column":0},"end":{"line":35,"column":2}},"2":{"start":{"line":13,"column":6},"end":{"line":13,"column":61}},"3":{"start":{"line":14,"column":6},"end":{"line":14,"column":89}},"4":{"start":{"line":17,"column":2},"end":{"line":33,"column":5}},"5":{"start":{"line":34,"column":2},"end":{"line":34,"column":19}}},"fnMap":{"0":{"name":"(anonymous_0)","decl":{"start":{"line":5,"column":17},"end":{"line":5,"column":18}},"loc":{"start":{"line":5,"column":43},"end":{"line":35,"column":1}},"line":5},"1":{"name":"(anonymous_1)","decl":{"start":{"line":12,"column":4},"end":{"line":12,"column":5}},"loc":{"start":{"line":12,"column":29},"end":{"line":15,"column":5}},"line":12}},"branchMap":{},"s":{"0":1,"1":1,"2":1,"3":1,"4":1,"5":1},"f":{"0":1,"1":1},"b":{},"_coverageSchema":"1a1c01bbd47fc00a2c39e90264f33305004495a9","hash":"916ac167fbfb2d60fbc2d87cca39adea89164714"}
,"V:\\FSW-101\\Binar-Project\\showcarpedia-next\\server\\models\\user.js": {"path":"V:\\FSW-101\\Binar-Project\\showcarpedia-next\\server\\models\\user.js","statementMap":{"0":{"start":{"line":4,"column":4},"end":{"line":4,"column":24}},"1":{"start":{"line":5,"column":0},"end":{"line":31,"column":2}},"2":{"start":{"line":13,"column":6},"end":{"line":13,"column":56}},"3":{"start":{"line":15,"column":6},"end":{"line":15,"column":60}},"4":{"start":{"line":16,"column":6},"end":{"line":17,"column":56}},"5":{"start":{"line":20,"column":2},"end":{"line":29,"column":5}},"6":{"start":{"line":30,"column":2},"end":{"line":30,"column":14}}},"fnMap":{"0":{"name":"(anonymous_0)","decl":{"start":{"line":5,"column":17},"end":{"line":5,"column":18}},"loc":{"start":{"line":5,"column":43},"end":{"line":31,"column":1}},"line":5},"1":{"name":"(anonymous_1)","decl":{"start":{"line":12,"column":4},"end":{"line":12,"column":5}},"loc":{"start":{"line":12,"column":29},"end":{"line":18,"column":5}},"line":12}},"branchMap":{},"s":{"0":1,"1":1,"2":1,"3":1,"4":1,"5":1,"6":1},"f":{"0":1,"1":1},"b":{},"_coverageSchema":"1a1c01bbd47fc00a2c39e90264f33305004495a9","hash":"747423c999e11633efe74efae44680273cde4bc1"}
,"V:\\FSW-101\\Binar-Project\\showcarpedia-next\\server\\models\\wishlist.js": {"path":"V:\\FSW-101\\Binar-Project\\showcarpedia-next\\server\\models\\wishlist.js","statementMap":{"0":{"start":{"line":4,"column":4},"end":{"line":4,"column":24}},"1":{"start":{"line":5,"column":0},"end":{"line":25,"column":2}},"2":{"start":{"line":13,"column":6},"end":{"line":13,"column":63}},"3":{"start":{"line":14,"column":6},"end":{"line":14,"column":69}},"4":{"start":{"line":17,"column":2},"end":{"line":23,"column":5}},"5":{"start":{"line":24,"column":2},"end":{"line":24,"column":18}}},"fnMap":{"0":{"name":"(anonymous_0)","decl":{"start":{"line":5,"column":17},"end":{"line":5,"column":18}},"loc":{"start":{"line":5,"column":43},"end":{"line":25,"column":1}},"line":5},"1":{"name":"(anonymous_1)","decl":{"start":{"line":12,"column":4},"end":{"line":12,"column":5}},"loc":{"start":{"line":12,"column":29},"end":{"line":15,"column":5}},"line":12}},"branchMap":{},"s":{"0":1,"1":1,"2":1,"3":1,"4":1,"5":1},"f":{"0":1,"1":1},"b":{},"_coverageSchema":"1a1c01bbd47fc00a2c39e90264f33305004495a9","hash":"070a848958d35af8ca197689bb7e157252761b64"}
,"V:\\FSW-101\\Binar-Project\\showcarpedia-next\\server\\routes\\index.js": {"path":"V:\\FSW-101\\Binar-Project\\showcarpedia-next\\server\\routes\\index.js","statementMap":{"0":{"start":{"line":1,"column":15},"end":{"line":1,"column":42}},"1":{"start":{"line":2,"column":11},"end":{"line":2,"column":26}},"2":{"start":{"line":3,"column":23},"end":{"line":3,"column":62}},"3":{"start":{"line":5,"column":0},"end":{"line":5,"column":50}},"4":{"start":{"line":5,"column":27},"end":{"line":5,"column":49}},"5":{"start":{"line":7,"column":0},"end":{"line":7,"column":21}},"6":{"start":{"line":10,"column":0},"end":{"line":10,"column":26}},"7":{"start":{"line":11,"column":0},"end":{"line":11,"column":55}},"8":{"start":{"line":11,"column":32},"end":{"line":11,"column":54}},"9":{"start":{"line":13,"column":0},"end":{"line":13,"column":23}}},"fnMap":{"0":{"name":"(anonymous_0)","decl":{"start":{"line":5,"column":15},"end":{"line":5,"column":16}},"loc":{"start":{"line":5,"column":27},"end":{"line":5,"column":49}},"line":5},"1":{"name":"(anonymous_1)","decl":{"start":{"line":11,"column":20},"end":{"line":11,"column":21}},"loc":{"start":{"line":11,"column":32},"end":{"line":11,"column":54}},"line":11}},"branchMap":{},"s":{"0":1,"1":1,"2":1,"3":1,"4":0,"5":1,"6":1,"7":1,"8":0,"9":1},"f":{"0":0,"1":0},"b":{},"_coverageSchema":"1a1c01bbd47fc00a2c39e90264f33305004495a9","hash":"c5db5986c839bfdd8377ae8f582f2d26c408476c"}
,"V:\\FSW-101\\Binar-Project\\showcarpedia-next\\server\\routes\\v1\\AboutRouter.js": {"path":"V:\\FSW-101\\Binar-Project\\showcarpedia-next\\server\\routes\\v1\\AboutRouter.js","statementMap":{"0":{"start":{"line":1,"column":20},"end":{"line":1,"column":47}},"1":{"start":{"line":2,"column":26},"end":{"line":2,"column":54}},"2":{"start":{"line":5,"column":0},"end":{"line":5,"column":47}},"3":{"start":{"line":6,"column":0},"end":{"line":6,"column":49}},"4":{"start":{"line":7,"column":0},"end":{"line":7,"column":28}}},"fnMap":{},"branchMap":{},"s":{"0":1,"1":1,"2":1,"3":1,"4":1},"f":{},"b":{},"_coverageSchema":"1a1c01bbd47fc00a2c39e90264f33305004495a9","hash":"96eb5ab5be22b805ed281a9afc373f00983ffa05"}
,"V:\\FSW-101\\Binar-Project\\showcarpedia-next\\server\\routes\\v1\\InsightsRouter.js": {"path":"V:\\FSW-101\\Binar-Project\\showcarpedia-next\\server\\routes\\v1\\InsightsRouter.js","statementMap":{"0":{"start":{"line":1,"column":23},"end":{"line":1,"column":50}},"1":{"start":{"line":2,"column":29},"end":{"line":2,"column":57}},"2":{"start":{"line":4,"column":0},"end":{"line":4,"column":67}},"3":{"start":{"line":5,"column":0},"end":{"line":5,"column":69}},"4":{"start":{"line":6,"column":0},"end":{"line":6,"column":79}},"5":{"start":{"line":7,"column":0},"end":{"line":7,"column":71}},"6":{"start":{"line":8,"column":0},"end":{"line":8,"column":31}}},"fnMap":{},"branchMap":{},"s":{"0":1,"1":1,"2":1,"3":1,"4":1,"5":1,"6":1},"f":{},"b":{},"_coverageSchema":"1a1c01bbd47fc00a2c39e90264f33305004495a9","hash":"4d442f003584566e4d2d3034403981fe52a2c1a6"}
,"V:\\FSW-101\\Binar-Project\\showcarpedia-next\\server\\routes\\v1\\adminRouter.js": {"path":"V:\\FSW-101\\Binar-Project\\showcarpedia-next\\server\\routes\\v1\\adminRouter.js","statementMap":{"0":{"start":{"line":1,"column":24},"end":{"line":1,"column":68}},"1":{"start":{"line":2,"column":29},"end":{"line":2,"column":69}},"2":{"start":{"line":3,"column":31},"end":{"line":3,"column":73}},"3":{"start":{"line":4,"column":20},"end":{"line":4,"column":47}},"4":{"start":{"line":6,"column":0},"end":{"line":8,"column":3}},"5":{"start":{"line":7,"column":2},"end":{"line":7,"column":58}},"6":{"start":{"line":10,"column":0},"end":{"line":12,"column":5}},"7":{"start":{"line":11,"column":4},"end":{"line":11,"column":40}},"8":{"start":{"line":14,"column":0},"end":{"line":16,"column":5}},"9":{"start":{"line":15,"column":4},"end":{"line":15,"column":40}},"10":{"start":{"line":18,"column":0},"end":{"line":20,"column":5}},"11":{"start":{"line":19,"column":4},"end":{"line":19,"column":40}},"12":{"start":{"line":22,"column":0},"end":{"line":24,"column":5}},"13":{"start":{"line":23,"column":4},"end":{"line":23,"column":54}},"14":{"start":{"line":26,"column":2},"end":{"line":26,"column":30}}},"fnMap":{"0":{"name":"(anonymous_0)","decl":{"start":{"line":6,"column":52},"end":{"line":6,"column":53}},"loc":{"start":{"line":6,"column":66},"end":{"line":8,"column":1}},"line":6},"1":{"name":"(anonymous_1)","decl":{"start":{"line":10,"column":94},"end":{"line":10,"column":95}},"loc":{"start":{"line":10,"column":108},"end":{"line":12,"column":3}},"line":10},"2":{"name":"(anonymous_2)","decl":{"start":{"line":14,"column":89},"end":{"line":14,"column":90}},"loc":{"start":{"line":14,"column":103},"end":{"line":16,"column":3}},"line":14},"3":{"name":"(anonymous_3)","decl":{"start":{"line":18,"column":58},"end":{"line":18,"column":59}},"loc":{"start":{"line":18,"column":72},"end":{"line":20,"column":3}},"line":18},"4":{"name":"(anonymous_4)","decl":{"start":{"line":22,"column":58},"end":{"line":22,"column":59}},"loc":{"start":{"line":22,"column":72},"end":{"line":24,"column":3}},"line":22}},"branchMap":{},"s":{"0":1,"1":1,"2":1,"3":1,"4":1,"5":0,"6":1,"7":0,"8":1,"9":0,"10":1,"11":0,"12":1,"13":0,"14":1},"f":{"0":0,"1":0,"2":0,"3":0,"4":0},"b":{},"_coverageSchema":"1a1c01bbd47fc00a2c39e90264f33305004495a9","hash":"090d7fbb28edc48f0698fbae721d27e42b291098"}
,"V:\\FSW-101\\Binar-Project\\showcarpedia-next\\server\\routes\\v1\\carsRouter.js": {"path":"V:\\FSW-101\\Binar-Project\\showcarpedia-next\\server\\routes\\v1\\carsRouter.js","statementMap":{"0":{"start":{"line":1,"column":23},"end":{"line":1,"column":66}},"1":{"start":{"line":2,"column":23},"end":{"line":2,"column":66}},"2":{"start":{"line":3,"column":29},"end":{"line":3,"column":69}},"3":{"start":{"line":4,"column":29},"end":{"line":4,"column":71}},"4":{"start":{"line":5,"column":19},"end":{"line":5,"column":46}},"5":{"start":{"line":9,"column":0},"end":{"line":11,"column":3}},"6":{"start":{"line":10,"column":2},"end":{"line":10,"column":38}},"7":{"start":{"line":12,"column":0},"end":{"line":14,"column":3}},"8":{"start":{"line":13,"column":4},"end":{"line":13,"column":40}},"9":{"start":{"line":15,"column":0},"end":{"line":17,"column":3}},"10":{"start":{"line":16,"column":4},"end":{"line":16,"column":40}},"11":{"start":{"line":18,"column":0},"end":{"line":20,"column":3}},"12":{"start":{"line":19,"column":2},"end":{"line":19,"column":38}},"13":{"start":{"line":21,"column":0},"end":{"line":23,"column":2}},"14":{"start":{"line":22,"column":2},"end":{"line":22,"column":38}},"15":{"start":{"line":24,"column":0},"end":{"line":24,"column":56}},"16":{"start":{"line":26,"column":0},"end":{"line":26,"column":52}},"17":{"start":{"line":27,"column":0},"end":{"line":27,"column":27}}},"fnMap":{"0":{"name":"(anonymous_0)","decl":{"start":{"line":9,"column":50},"end":{"line":9,"column":51}},"loc":{"start":{"line":9,"column":64},"end":{"line":11,"column":1}},"line":9},"1":{"name":"(anonymous_1)","decl":{"start":{"line":12,"column":80},"end":{"line":12,"column":81}},"loc":{"start":{"line":12,"column":94},"end":{"line":14,"column":1}},"line":12},"2":{"name":"(anonymous_2)","decl":{"start":{"line":15,"column":62},"end":{"line":15,"column":63}},"loc":{"start":{"line":15,"column":76},"end":{"line":17,"column":1}},"line":15},"3":{"name":"(anonymous_3)","decl":{"start":{"line":18,"column":100},"end":{"line":18,"column":101}},"loc":{"start":{"line":18,"column":114},"end":{"line":20,"column":1}},"line":18},"4":{"name":"(anonymous_4)","decl":{"start":{"line":21,"column":63},"end":{"line":21,"column":64}},"loc":{"start":{"line":21,"column":77},"end":{"line":23,"column":1}},"line":21}},"branchMap":{},"s":{"0":1,"1":1,"2":1,"3":1,"4":1,"5":1,"6":0,"7":1,"8":0,"9":1,"10":0,"11":1,"12":0,"13":1,"14":0,"15":1,"16":1,"17":1},"f":{"0":0,"1":0,"2":0,"3":0,"4":0},"b":{},"_coverageSchema":"1a1c01bbd47fc00a2c39e90264f33305004495a9","hash":"ee275c0191c48106318a096c5f0b125dd8c2ae67"}
,"V:\\FSW-101\\Binar-Project\\showcarpedia-next\\server\\routes\\v1\\chatRouter.js": {"path":"V:\\FSW-101\\Binar-Project\\showcarpedia-next\\server\\routes\\v1\\chatRouter.js","statementMap":{"0":{"start":{"line":1,"column":19},"end":{"line":1,"column":46}},"1":{"start":{"line":2,"column":25},"end":{"line":2,"column":53}},"2":{"start":{"line":4,"column":0},"end":{"line":4,"column":47}},"3":{"start":{"line":5,"column":0},"end":{"line":5,"column":47}},"4":{"start":{"line":6,"column":0},"end":{"line":6,"column":48}},"5":{"start":{"line":7,"column":0},"end":{"line":7,"column":49}},"6":{"start":{"line":8,"column":0},"end":{"line":8,"column":53}},"7":{"start":{"line":9,"column":0},"end":{"line":9,"column":59}},"8":{"start":{"line":10,"column":0},"end":{"line":10,"column":65}},"9":{"start":{"line":12,"column":0},"end":{"line":12,"column":27}}},"fnMap":{},"branchMap":{},"s":{"0":1,"1":1,"2":1,"3":1,"4":1,"5":1,"6":1,"7":1,"8":1,"9":1},"f":{},"b":{},"_coverageSchema":"1a1c01bbd47fc00a2c39e90264f33305004495a9","hash":"ae7e2d5e9d5fe6f6dbd220951d33ee4e9e235f1a"}
,"V:\\FSW-101\\Binar-Project\\showcarpedia-next\\server\\routes\\v1\\index.js": {"path":"V:\\FSW-101\\Binar-Project\\showcarpedia-next\\server\\routes\\v1\\index.js","statementMap":{"0":{"start":{"line":1,"column":11},"end":{"line":1,"column":38}},"1":{"start":{"line":2,"column":23},"end":{"line":2,"column":65}},"2":{"start":{"line":3,"column":19},"end":{"line":3,"column":42}},"3":{"start":{"line":4,"column":23},"end":{"line":4,"column":50}},"4":{"start":{"line":5,"column":20},"end":{"line":5,"column":44}},"5":{"start":{"line":6,"column":20},"end":{"line":6,"column":44}},"6":{"start":{"line":7,"column":20},"end":{"line":7,"column":44}},"7":{"start":{"line":9,"column":19},"end":{"line":9,"column":42}},"8":{"start":{"line":10,"column":23},"end":{"line":10,"column":50}},"9":{"start":{"line":11,"column":19},"end":{"line":11,"column":42}},"10":{"start":{"line":12,"column":23},"end":{"line":12,"column":50}},"11":{"start":{"line":14,"column":0},"end":{"line":14,"column":49}},"12":{"start":{"line":14,"column":25},"end":{"line":14,"column":48}},"13":{"start":{"line":16,"column":0},"end":{"line":16,"column":35}},"14":{"start":{"line":17,"column":0},"end":{"line":17,"column":29}},"15":{"start":{"line":18,"column":0},"end":{"line":18,"column":29}},"16":{"start":{"line":19,"column":0},"end":{"line":19,"column":22}},"17":{"start":{"line":20,"column":0},"end":{"line":20,"column":27}},"18":{"start":{"line":21,"column":0},"end":{"line":21,"column":29}},"19":{"start":{"line":23,"column":0},"end":{"line":23,"column":27}},"20":{"start":{"line":24,"column":0},"end":{"line":24,"column":35}},"21":{"start":{"line":25,"column":0},"end":{"line":25,"column":27}},"22":{"start":{"line":26,"column":0},"end":{"line":26,"column":35}},"23":{"start":{"line":29,"column":0},"end":{"line":29,"column":18}}},"fnMap":{"0":{"name":"(anonymous_0)","decl":{"start":{"line":14,"column":12},"end":{"line":14,"column":13}},"loc":{"start":{"line":14,"column":25},"end":{"line":14,"column":48}},"line":14}},"branchMap":{},"s":{"0":1,"1":1,"2":1,"3":1,"4":1,"5":1,"6":1,"7":1,"8":1,"9":1,"10":1,"11":1,"12":0,"13":1,"14":1,"15":1,"16":1,"17":1,"18":1,"19":1,"20":1,"21":1,"22":1,"23":1},"f":{"0":0},"b":{},"_coverageSchema":"1a1c01bbd47fc00a2c39e90264f33305004495a9","hash":"26aee1b0d45ed5e706ca8c3c12cfa31b42b76494"}
,"V:\\FSW-101\\Binar-Project\\showcarpedia-next\\server\\routes\\v1\\loginRouter.js": {"path":"V:\\FSW-101\\Binar-Project\\showcarpedia-next\\server\\routes\\v1\\loginRouter.js","statementMap":{"0":{"start":{"line":1,"column":24},"end":{"line":1,"column":68}},"1":{"start":{"line":2,"column":29},"end":{"line":2,"column":69}},"2":{"start":{"line":3,"column":28},"end":{"line":3,"column":70}},"3":{"start":{"line":4,"column":20},"end":{"line":4,"column":47}},"4":{"start":{"line":6,"column":0},"end":{"line":6,"column":78}},"5":{"start":{"line":8,"column":0},"end":{"line":8,"column":28}}},"fnMap":{},"branchMap":{},"s":{"0":1,"1":1,"2":1,"3":1,"4":1,"5":1},"f":{},"b":{},"_coverageSchema":"1a1c01bbd47fc00a2c39e90264f33305004495a9","hash":"3f5820afd0aeaa4897003cf174927b4e6d4da386"}
,"V:\\FSW-101\\Binar-Project\\showcarpedia-next\\server\\routes\\v1\\profileRouter.js": {"path":"V:\\FSW-101\\Binar-Project\\showcarpedia-next\\server\\routes\\v1\\profileRouter.js","statementMap":{"0":{"start":{"line":1,"column":22},"end":{"line":1,"column":49}},"1":{"start":{"line":2,"column":28},"end":{"line":2,"column":56}},"2":{"start":{"line":3,"column":29},"end":{"line":3,"column":69}},"3":{"start":{"line":4,"column":26},"end":{"line":4,"column":68}},"4":{"start":{"line":6,"column":0},"end":{"line":6,"column":53}},"5":{"start":{"line":7,"column":0},"end":{"line":7,"column":87}},"6":{"start":{"line":9,"column":0},"end":{"line":9,"column":30}}},"fnMap":{},"branchMap":{},"s":{"0":1,"1":1,"2":1,"3":1,"4":1,"5":1,"6":1},"f":{},"b":{},"_coverageSchema":"1a1c01bbd47fc00a2c39e90264f33305004495a9","hash":"0042c2cf0bc6fa80048b86cfdcb156838064a19a"}
,"V:\\FSW-101\\Binar-Project\\showcarpedia-next\\server\\routes\\v1\\registerRouter.js": {"path":"V:\\FSW-101\\Binar-Project\\showcarpedia-next\\server\\routes\\v1\\registerRouter.js","statementMap":{"0":{"start":{"line":1,"column":27},"end":{"line":1,"column":74}},"1":{"start":{"line":2,"column":29},"end":{"line":2,"column":69}},"2":{"start":{"line":3,"column":31},"end":{"line":3,"column":73}},"3":{"start":{"line":4,"column":23},"end":{"line":4,"column":50}},"4":{"start":{"line":8,"column":0},"end":{"line":10,"column":5}},"5":{"start":{"line":9,"column":4},"end":{"line":9,"column":40}},"6":{"start":{"line":12,"column":2},"end":{"line":12,"column":33}}},"fnMap":{"0":{"name":"(anonymous_0)","decl":{"start":{"line":8,"column":92},"end":{"line":8,"column":93}},"loc":{"start":{"line":8,"column":106},"end":{"line":10,"column":3}},"line":8}},"branchMap":{},"s":{"0":1,"1":1,"2":1,"3":1,"4":1,"5":0,"6":1},"f":{"0":0},"b":{},"_coverageSchema":"1a1c01bbd47fc00a2c39e90264f33305004495a9","hash":"4d54fca78f715add1d95546db79a2b3846296c9d"}
,"V:\\FSW-101\\Binar-Project\\showcarpedia-next\\server\\routes\\v1\\userAccountRouter.js": {"path":"V:\\FSW-101\\Binar-Project\\showcarpedia-next\\server\\routes\\v1\\userAccountRouter.js","statementMap":{"0":{"start":{"line":1,"column":26},"end":{"line":1,"column":53}},"1":{"start":{"line":2,"column":27},"end":{"line":2,"column":55}},"2":{"start":{"line":3,"column":29},"end":{"line":3,"column":69}},"3":{"start":{"line":4,"column":31},"end":{"line":4,"column":73}},"4":{"start":{"line":6,"column":0},"end":{"line":6,"column":54}},"5":{"start":{"line":7,"column":0},"end":{"line":7,"column":84}},"6":{"start":{"line":9,"column":0},"end":{"line":9,"column":34}}},"fnMap":{},"branchMap":{},"s":{"0":1,"1":1,"2":1,"3":1,"4":1,"5":1,"6":1},"f":{},"b":{},"_coverageSchema":"1a1c01bbd47fc00a2c39e90264f33305004495a9","hash":"b131217f2ff50c5ea19a2982737591a897351d7a"}
,"V:\\FSW-101\\Binar-Project\\showcarpedia-next\\server\\routes\\v1\\userRouter.js": {"path":"V:\\FSW-101\\Binar-Project\\showcarpedia-next\\server\\routes\\v1\\userRouter.js","statementMap":{"0":{"start":{"line":1,"column":19},"end":{"line":1,"column":46}},"1":{"start":{"line":2,"column":22},"end":{"line":2,"column":48}},"2":{"start":{"line":3,"column":26},"end":{"line":3,"column":56}},"3":{"start":{"line":6,"column":0},"end":{"line":6,"column":40}},"4":{"start":{"line":7,"column":0},"end":{"line":7,"column":44}},"5":{"start":{"line":9,"column":0},"end":{"line":9,"column":27}}},"fnMap":{},"branchMap":{},"s":{"0":1,"1":1,"2":1,"3":1,"4":1,"5":1},"f":{},"b":{},"_coverageSchema":"1a1c01bbd47fc00a2c39e90264f33305004495a9","hash":"af0ca92e2ff3f39d4aacd72581fb25185b696719"}
,"V:\\FSW-101\\Binar-Project\\showcarpedia-next\\server\\routes\\v1\\wishlistRouter.js": {"path":"V:\\FSW-101\\Binar-Project\\showcarpedia-next\\server\\routes\\v1\\wishlistRouter.js","statementMap":{"0":{"start":{"line":1,"column":27},"end":{"line":1,"column":74}},"1":{"start":{"line":2,"column":23},"end":{"line":2,"column":50}},"2":{"start":{"line":4,"column":0},"end":{"line":6,"column":3}},"3":{"start":{"line":5,"column":2},"end":{"line":5,"column":38}},"4":{"start":{"line":7,"column":0},"end":{"line":9,"column":3}},"5":{"start":{"line":8,"column":4},"end":{"line":8,"column":40}},"6":{"start":{"line":10,"column":0},"end":{"line":12,"column":3}},"7":{"start":{"line":11,"column":4},"end":{"line":11,"column":40}},"8":{"start":{"line":13,"column":0},"end":{"line":13,"column":31}}},"fnMap":{"0":{"name":"(anonymous_0)","decl":{"start":{"line":4,"column":68},"end":{"line":4,"column":69}},"loc":{"start":{"line":4,"column":82},"end":{"line":6,"column":1}},"line":4},"1":{"name":"(anonymous_1)","decl":{"start":{"line":7,"column":52},"end":{"line":7,"column":53}},"loc":{"start":{"line":7,"column":66},"end":{"line":9,"column":1}},"line":7},"2":{"name":"(anonymous_2)","decl":{"start":{"line":10,"column":57},"end":{"line":10,"column":58}},"loc":{"start":{"line":10,"column":71},"end":{"line":12,"column":1}},"line":10}},"branchMap":{},"s":{"0":1,"1":1,"2":1,"3":0,"4":1,"5":0,"6":1,"7":0,"8":1},"f":{"0":0,"1":0,"2":0},"b":{},"_coverageSchema":"1a1c01bbd47fc00a2c39e90264f33305004495a9","hash":"e50024f07ea3516815062fe567a22ef892837fda"}
,"V:\\FSW-101\\Binar-Project\\showcarpedia-next\\server\\validation\\authSchema.yup.js": {"path":"V:\\FSW-101\\Binar-Project\\showcarpedia-next\\server\\validation\\authSchema.yup.js","statementMap":{"0":{"start":{"line":1,"column":12},"end":{"line":1,"column":26}},"1":{"start":{"line":3,"column":27},"end":{"line":9,"column":2}},"2":{"start":{"line":11,"column":26},"end":{"line":16,"column":4}},"3":{"start":{"line":18,"column":27},"end":{"line":29,"column":4}},"4":{"start":{"line":31,"column":24},"end":{"line":39,"column":4}},"5":{"start":{"line":40,"column":0},"end":{"line":40,"column":89}}},"fnMap":{},"branchMap":{},"s":{"0":1,"1":1,"2":1,"3":1,"4":1,"5":1},"f":{},"b":{},"_coverageSchema":"1a1c01bbd47fc00a2c39e90264f33305004495a9","hash":"c209736445fbc955087afa552557627500b0e9c4"}
}
