{"C:\\project\\showcarpedia-next\\server\\index.js": {"path":"C:\\project\\showcarpedia-next\\server\\index.js","statementMap":{"0":{"start":{"line":1,"column":16},"end":{"line":1,"column":34}},"1":{"start":{"line":2,"column":12},"end":{"line":2,"column":21}},"2":{"start":{"line":3,"column":13},"end":{"line":3,"column":28}},"3":{"start":{"line":4,"column":21},"end":{"line":4,"column":45}},"4":{"start":{"line":5,"column":15},"end":{"line":5,"column":34}},"5":{"start":{"line":7,"column":0},"end":{"line":7,"column":45}},"6":{"start":{"line":8,"column":0},"end":{"line":8,"column":23}},"7":{"start":{"line":9,"column":0},"end":{"line":9,"column":23}},"8":{"start":{"line":10,"column":0},"end":{"line":10,"column":15}},"9":{"start":{"line":13,"column":0},"end":{"line":13,"column":15}},"10":{"start":{"line":14,"column":0},"end":{"line":14,"column":20}}},"fnMap":{},"branchMap":{},"s":{"0":1,"1":1,"2":1,"3":1,"4":1,"5":1,"6":1,"7":1,"8":1,"9":1,"10":1},"f":{},"b":{},"_coverageSchema":"1a1c01bbd47fc00a2c39e90264f33305004495a9","hash":"f29645b3ade9eb249da77360e0da6cc4060ad7d8"}
,"C:\\project\\showcarpedia-next\\server\\config\\config.js": {"path":"C:\\project\\showcarpedia-next\\server\\config\\config.js","statementMap":{"0":{"start":{"line":1,"column":0},"end":{"line":1,"column":26}},"1":{"start":{"line":2,"column":0},"end":{"line":24,"column":1}}},"fnMap":{},"branchMap":{},"s":{"0":1,"1":1},"f":{},"b":{},"_coverageSchema":"1a1c01bbd47fc00a2c39e90264f33305004495a9","hash":"b7ee26808a67cf5b88f69a0ea10345df9b583d84"}
,"C:\\project\\showcarpedia-next\\server\\controllers\\aboutController.js": {"path":"C:\\project\\showcarpedia-next\\server\\controllers\\aboutController.js","statementMap":{"0":{"start":{"line":1,"column":18},"end":{"line":1,"column":38}},"1":{"start":{"line":5,"column":6},"end":{"line":11,"column":10}},"2":{"start":{"line":7,"column":10},"end":{"line":10,"column":12}},"3":{"start":{"line":21,"column":31},"end":{"line":21,"column":39}},"4":{"start":{"line":22,"column":20},"end":{"line":25,"column":5}},"5":{"start":{"line":26,"column":4},"end":{"line":33,"column":8}},"6":{"start":{"line":32,"column":8},"end":{"line":32,"column":50}},"7":{"start":{"line":43,"column":0},"end":{"line":43,"column":33}}},"fnMap":{"0":{"name":"(anonymous_0)","decl":{"start":{"line":4,"column":2},"end":{"line":4,"column":3}},"loc":{"start":{"line":4,"column":35},"end":{"line":18,"column":3}},"line":4},"1":{"name":"(anonymous_1)","decl":{"start":{"line":6,"column":14},"end":{"line":6,"column":15}},"loc":{"start":{"line":6,"column":24},"end":{"line":11,"column":9}},"line":6},"2":{"name":"(anonymous_2)","decl":{"start":{"line":20,"column":2},"end":{"line":20,"column":3}},"loc":{"start":{"line":20,"column":37},"end":{"line":40,"column":3}},"line":20},"3":{"name":"(anonymous_3)","decl":{"start":{"line":31,"column":12},"end":{"line":31,"column":13}},"loc":{"start":{"line":31,"column":18},"end":{"line":33,"column":7}},"line":31}},"branchMap":{},"s":{"0":1,"1":0,"2":0,"3":0,"4":0,"5":0,"6":0,"7":1},"f":{"0":0,"1":0,"2":0,"3":0},"b":{},"_coverageSchema":"1a1c01bbd47fc00a2c39e90264f33305004495a9","hash":"cf97f627f5b52c0df53010f63388a7c7153ddc3c"}
,"C:\\project\\showcarpedia-next\\server\\controllers\\adminController.js": {"path":"C:\\project\\showcarpedia-next\\server\\controllers\\adminController.js","statementMap":{"0":{"start":{"line":1,"column":26},"end":{"line":1,"column":46}},"1":{"start":{"line":2,"column":25},"end":{"line":2,"column":62}},"2":{"start":{"line":6,"column":25},"end":{"line":27,"column":3}},"3":{"start":{"line":8,"column":21},"end":{"line":8,"column":34}},"4":{"start":{"line":10,"column":4},"end":{"line":26,"column":5}},"5":{"start":{"line":11,"column":6},"end":{"line":23,"column":7}},"6":{"start":{"line":12,"column":21},"end":{"line":17,"column":10}},"7":{"start":{"line":18,"column":8},"end":{"line":18,"column":34}},"8":{"start":{"line":20,"column":8},"end":{"line":22,"column":10}},"9":{"start":{"line":25,"column":6},"end":{"line":25,"column":33}},"10":{"start":{"line":29,"column":22},"end":{"line":67,"column":5}},"11":{"start":{"line":30,"column":9},"end":{"line":66,"column":9}},"12":{"start":{"line":31,"column":51},"end":{"line":31,"column":59}},"13":{"start":{"line":32,"column":34},"end":{"line":32,"column":74}},"14":{"start":{"line":33,"column":13},"end":{"line":33,"column":97}},"15":{"start":{"line":33,"column":31},"end":{"line":33,"column":97}},"16":{"start":{"line":34,"column":37},"end":{"line":34,"column":80}},"17":{"start":{"line":35,"column":13},"end":{"line":35,"column":104}},"18":{"start":{"line":35,"column":34},"end":{"line":35,"column":104}},"19":{"start":{"line":37,"column":33},"end":{"line":39,"column":14}},"20":{"start":{"line":40,"column":26},"end":{"line":40,"column":56}},"21":{"start":{"line":42,"column":13},"end":{"line":63,"column":14}},"22":{"start":{"line":44,"column":38},"end":{"line":47,"column":16}},"23":{"start":{"line":49,"column":31},"end":{"line":49,"column":67}},"24":{"start":{"line":51,"column":15},"end":{"line":59,"column":16}},"25":{"start":{"line":52,"column":17},"end":{"line":58,"column":19}},"26":{"start":{"line":61,"column":20},"end":{"line":63,"column":14}},"27":{"start":{"line":62,"column":15},"end":{"line":62,"column":63}},"28":{"start":{"line":65,"column":13},"end":{"line":65,"column":68}},"29":{"start":{"line":70,"column":22},"end":{"line":70,"column":35}},"30":{"start":{"line":71,"column":6},"end":{"line":80,"column":10}},"31":{"start":{"line":73,"column":10},"end":{"line":76,"column":12}},"32":{"start":{"line":79,"column":10},"end":{"line":79,"column":26}},"33":{"start":{"line":84,"column":22},"end":{"line":84,"column":35}},"34":{"start":{"line":85,"column":25},"end":{"line":89,"column":7}},"35":{"start":{"line":90,"column":6},"end":{"line":100,"column":10}},"36":{"start":{"line":96,"column":10},"end":{"line":96,"column":52}},"37":{"start":{"line":99,"column":10},"end":{"line":99,"column":26}},"38":{"start":{"line":104,"column":22},"end":{"line":104,"column":35}},"39":{"start":{"line":105,"column":25},"end":{"line":107,"column":7}},"40":{"start":{"line":108,"column":6},"end":{"line":118,"column":10}},"41":{"start":{"line":114,"column":10},"end":{"line":114,"column":52}},"42":{"start":{"line":117,"column":10},"end":{"line":117,"column":26}},"43":{"start":{"line":119,"column":6},"end":{"line":129,"column":12}},"44":{"start":{"line":125,"column":12},"end":{"line":125,"column":54}},"45":{"start":{"line":128,"column":12},"end":{"line":128,"column":28}},"46":{"start":{"line":132,"column":1},"end":{"line":132,"column":33}}},"fnMap":{"0":{"name":"(anonymous_0)","decl":{"start":{"line":6,"column":25},"end":{"line":6,"column":26}},"loc":{"start":{"line":6,"column":45},"end":{"line":27,"column":3}},"line":6},"1":{"name":"(anonymous_1)","decl":{"start":{"line":29,"column":22},"end":{"line":29,"column":23}},"loc":{"start":{"line":29,"column":42},"end":{"line":67,"column":5}},"line":29},"2":{"name":"(anonymous_2)","decl":{"start":{"line":69,"column":4},"end":{"line":69,"column":5}},"loc":{"start":{"line":69,"column":39},"end":{"line":81,"column":5}},"line":69},"3":{"name":"(anonymous_3)","decl":{"start":{"line":72,"column":14},"end":{"line":72,"column":15}},"loc":{"start":{"line":72,"column":24},"end":{"line":77,"column":9}},"line":72},"4":{"name":"(anonymous_4)","decl":{"start":{"line":78,"column":15},"end":{"line":78,"column":16}},"loc":{"start":{"line":78,"column":24},"end":{"line":80,"column":9}},"line":78},"5":{"name":"(anonymous_5)","decl":{"start":{"line":83,"column":4},"end":{"line":83,"column":5}},"loc":{"start":{"line":83,"column":32},"end":{"line":101,"column":5}},"line":83},"6":{"name":"(anonymous_6)","decl":{"start":{"line":95,"column":14},"end":{"line":95,"column":15}},"loc":{"start":{"line":95,"column":20},"end":{"line":97,"column":9}},"line":95},"7":{"name":"(anonymous_7)","decl":{"start":{"line":98,"column":15},"end":{"line":98,"column":16}},"loc":{"start":{"line":98,"column":24},"end":{"line":100,"column":9}},"line":98},"8":{"name":"(anonymous_8)","decl":{"start":{"line":103,"column":4},"end":{"line":103,"column":5}},"loc":{"start":{"line":103,"column":34},"end":{"line":130,"column":5}},"line":103},"9":{"name":"(anonymous_9)","decl":{"start":{"line":113,"column":14},"end":{"line":113,"column":15}},"loc":{"start":{"line":113,"column":20},"end":{"line":115,"column":9}},"line":113},"10":{"name":"(anonymous_10)","decl":{"start":{"line":116,"column":15},"end":{"line":116,"column":16}},"loc":{"start":{"line":116,"column":24},"end":{"line":118,"column":9}},"line":116},"11":{"name":"(anonymous_11)","decl":{"start":{"line":124,"column":16},"end":{"line":124,"column":17}},"loc":{"start":{"line":124,"column":22},"end":{"line":126,"column":11}},"line":124},"12":{"name":"(anonymous_12)","decl":{"start":{"line":127,"column":17},"end":{"line":127,"column":18}},"loc":{"start":{"line":127,"column":26},"end":{"line":129,"column":11}},"line":127}},"branchMap":{"0":{"loc":{"start":{"line":11,"column":6},"end":{"line":23,"column":7}},"type":"if","locations":[{"start":{"line":11,"column":6},"end":{"line":23,"column":7}},{"start":{"line":19,"column":11},"end":{"line":23,"column":7}}],"line":11},"1":{"loc":{"start":{"line":11,"column":11},"end":{"line":11,"column":60}},"type":"binary-expr","locations":[{"start":{"line":11,"column":11},"end":{"line":11,"column":36}},{"start":{"line":11,"column":40},"end":{"line":11,"column":60}}],"line":11},"2":{"loc":{"start":{"line":33,"column":13},"end":{"line":33,"column":97}},"type":"if","locations":[{"start":{"line":33,"column":13},"end":{"line":33,"column":97}},{"start":{},"end":{}}],"line":33},"3":{"loc":{"start":{"line":35,"column":13},"end":{"line":35,"column":104}},"type":"if","locations":[{"start":{"line":35,"column":13},"end":{"line":35,"column":104}},{"start":{},"end":{}}],"line":35},"4":{"loc":{"start":{"line":42,"column":13},"end":{"line":63,"column":14}},"type":"if","locations":[{"start":{"line":42,"column":13},"end":{"line":63,"column":14}},{"start":{"line":61,"column":20},"end":{"line":63,"column":14}}],"line":42},"5":{"loc":{"start":{"line":51,"column":15},"end":{"line":59,"column":16}},"type":"if","locations":[{"start":{"line":51,"column":15},"end":{"line":59,"column":16}},{"start":{},"end":{}}],"line":51},"6":{"loc":{"start":{"line":61,"column":20},"end":{"line":63,"column":14}},"type":"if","locations":[{"start":{"line":61,"column":20},"end":{"line":63,"column":14}},{"start":{},"end":{}}],"line":61}},"s":{"0":1,"1":1,"2":1,"3":0,"4":0,"5":0,"6":0,"7":0,"8":0,"9":0,"10":1,"11":0,"12":0,"13":0,"14":0,"15":0,"16":0,"17":0,"18":0,"19":0,"20":0,"21":0,"22":0,"23":0,"24":0,"25":0,"26":0,"27":0,"28":0,"29":0,"30":0,"31":0,"32":0,"33":0,"34":0,"35":0,"36":0,"37":0,"38":0,"39":0,"40":0,"41":0,"42":0,"43":0,"44":0,"45":0,"46":1},"f":{"0":0,"1":0,"2":0,"3":0,"4":0,"5":0,"6":0,"7":0,"8":0,"9":0,"10":0,"11":0,"12":0},"b":{"0":[0,0],"1":[0,0],"2":[0,0],"3":[0,0],"4":[0,0],"5":[0,0],"6":[0,0]},"_coverageSchema":"1a1c01bbd47fc00a2c39e90264f33305004495a9","hash":"bacf3ee5a6de61fe9a20d29d389f81a3d3fbb4bc"}
,"C:\\project\\showcarpedia-next\\server\\controllers\\carsController.js": {"path":"C:\\project\\showcarpedia-next\\server\\controllers\\carsController.js","statementMap":{"0":{"start":{"line":1,"column":18},"end":{"line":1,"column":38}},"1":{"start":{"line":2,"column":13},"end":{"line":2,"column":33}},"2":{"start":{"line":4,"column":18},"end":{"line":48,"column":3}},"3":{"start":{"line":15,"column":8},"end":{"line":15,"column":16}},"4":{"start":{"line":16,"column":24},"end":{"line":27,"column":5}},"5":{"start":{"line":28,"column":4},"end":{"line":47,"column":5}},"6":{"start":{"line":29,"column":19},"end":{"line":29,"column":52}},"7":{"start":{"line":31,"column":6},"end":{"line":42,"column":8}},"8":{"start":{"line":44,"column":6},"end":{"line":46,"column":8}},"9":{"start":{"line":51,"column":4},"end":{"line":62,"column":5}},"10":{"start":{"line":52,"column":19},"end":{"line":57,"column":8}},"11":{"start":{"line":58,"column":6},"end":{"line":58,"column":77}},"12":{"start":{"line":58,"column":24},"end":{"line":58,"column":77}},"13":{"start":{"line":59,"column":6},"end":{"line":59,"column":39}},"14":{"start":{"line":61,"column":6},"end":{"line":61,"column":17}},"15":{"start":{"line":66,"column":4},"end":{"line":84,"column":5}},"16":{"start":{"line":67,"column":19},"end":{"line":67,"column":29}},"17":{"start":{"line":68,"column":19},"end":{"line":68,"column":45}},"18":{"start":{"line":69,"column":6},"end":{"line":81,"column":7}},"19":{"start":{"line":70,"column":8},"end":{"line":80,"column":10}},"20":{"start":{"line":83,"column":6},"end":{"line":83,"column":17}},"21":{"start":{"line":88,"column":4},"end":{"line":126,"column":5}},"22":{"start":{"line":89,"column":19},"end":{"line":89,"column":29}},"23":{"start":{"line":100,"column":10},"end":{"line":100,"column":18}},"24":{"start":{"line":101,"column":29},"end":{"line":112,"column":7}},"25":{"start":{"line":113,"column":19},"end":{"line":117,"column":8}},"26":{"start":{"line":118,"column":6},"end":{"line":123,"column":7}},"27":{"start":{"line":119,"column":8},"end":{"line":122,"column":10}},"28":{"start":{"line":125,"column":6},"end":{"line":125,"column":17}},"29":{"start":{"line":129,"column":4},"end":{"line":146,"column":5}},"30":{"start":{"line":130,"column":19},"end":{"line":130,"column":29}},"31":{"start":{"line":131,"column":25},"end":{"line":133,"column":7}},"32":{"start":{"line":134,"column":19},"end":{"line":138,"column":8}},"33":{"start":{"line":139,"column":6},"end":{"line":143,"column":7}},"34":{"start":{"line":140,"column":8},"end":{"line":142,"column":10}},"35":{"start":{"line":145,"column":6},"end":{"line":145,"column":17}},"36":{"start":{"line":149,"column":63},"end":{"line":149,"column":72}},"37":{"start":{"line":150,"column":18},"end":{"line":154,"column":5}},"38":{"start":{"line":156,"column":26},"end":{"line":158,"column":5}},"39":{"start":{"line":157,"column":47},"end":{"line":157,"column":57}},"40":{"start":{"line":159,"column":4},"end":{"line":159,"column":30}},"41":{"start":{"line":160,"column":4},"end":{"line":179,"column":5}},"42":{"start":{"line":161,"column":19},"end":{"line":174,"column":8}},"43":{"start":{"line":175,"column":6},"end":{"line":175,"column":69}},"44":{"start":{"line":175,"column":24},"end":{"line":175,"column":69}},"45":{"start":{"line":176,"column":6},"end":{"line":176,"column":39}},"46":{"start":{"line":178,"column":6},"end":{"line":178,"column":17}},"47":{"start":{"line":183,"column":17},"end":{"line":183,"column":40}},"48":{"start":{"line":184,"column":4},"end":{"line":184,"column":22}},"49":{"start":{"line":185,"column":18},"end":{"line":185,"column":36}},"50":{"start":{"line":186,"column":21},"end":{"line":186,"column":44}},"51":{"start":{"line":187,"column":4},"end":{"line":196,"column":5}},"52":{"start":{"line":188,"column":19},"end":{"line":192,"column":8}},"53":{"start":{"line":193,"column":6},"end":{"line":193,"column":68}},"54":{"start":{"line":193,"column":16},"end":{"line":193,"column":68}},"55":{"start":{"line":195,"column":6},"end":{"line":195,"column":15}},"56":{"start":{"line":199,"column":0},"end":{"line":199,"column":31}}},"fnMap":{"0":{"name":"(anonymous_0)","decl":{"start":{"line":4,"column":18},"end":{"line":4,"column":19}},"loc":{"start":{"line":4,"column":38},"end":{"line":48,"column":3}},"line":4},"1":{"name":"(anonymous_1)","decl":{"start":{"line":50,"column":2},"end":{"line":50,"column":3}},"loc":{"start":{"line":50,"column":39},"end":{"line":63,"column":3}},"line":50},"2":{"name":"(anonymous_2)","decl":{"start":{"line":65,"column":2},"end":{"line":65,"column":3}},"loc":{"start":{"line":65,"column":40},"end":{"line":85,"column":3}},"line":65},"3":{"name":"(anonymous_3)","decl":{"start":{"line":87,"column":2},"end":{"line":87,"column":3}},"loc":{"start":{"line":87,"column":43},"end":{"line":127,"column":3}},"line":87},"4":{"name":"(anonymous_4)","decl":{"start":{"line":128,"column":2},"end":{"line":128,"column":3}},"loc":{"start":{"line":128,"column":39},"end":{"line":147,"column":3}},"line":128},"5":{"name":"(anonymous_5)","decl":{"start":{"line":148,"column":2},"end":{"line":148,"column":3}},"loc":{"start":{"line":148,"column":41},"end":{"line":180,"column":3}},"line":148},"6":{"name":"(anonymous_6)","decl":{"start":{"line":157,"column":35},"end":{"line":157,"column":36}},"loc":{"start":{"line":157,"column":47},"end":{"line":157,"column":57}},"line":157},"7":{"name":"(anonymous_7)","decl":{"start":{"line":182,"column":2},"end":{"line":182,"column":3}},"loc":{"start":{"line":182,"column":39},"end":{"line":197,"column":3}},"line":182}},"branchMap":{"0":{"loc":{"start":{"line":58,"column":6},"end":{"line":58,"column":77}},"type":"if","locations":[{"start":{"line":58,"column":6},"end":{"line":58,"column":77}},{"start":{},"end":{}}],"line":58},"1":{"loc":{"start":{"line":69,"column":6},"end":{"line":81,"column":7}},"type":"if","locations":[{"start":{"line":69,"column":6},"end":{"line":81,"column":7}},{"start":{},"end":{}}],"line":69},"2":{"loc":{"start":{"line":118,"column":6},"end":{"line":123,"column":7}},"type":"if","locations":[{"start":{"line":118,"column":6},"end":{"line":123,"column":7}},{"start":{},"end":{}}],"line":118},"3":{"loc":{"start":{"line":139,"column":6},"end":{"line":143,"column":7}},"type":"if","locations":[{"start":{"line":139,"column":6},"end":{"line":143,"column":7}},{"start":{},"end":{}}],"line":139},"4":{"loc":{"start":{"line":165,"column":22},"end":{"line":165,"column":77}},"type":"cond-expr","locations":[{"start":{"line":165,"column":51},"end":{"line":165,"column":58}},{"start":{"line":165,"column":61},"end":{"line":165,"column":77}}],"line":165},"5":{"loc":{"start":{"line":165,"column":22},"end":{"line":165,"column":48}},"type":"binary-expr","locations":[{"start":{"line":165,"column":22},"end":{"line":165,"column":38}},{"start":{"line":165,"column":42},"end":{"line":165,"column":48}}],"line":165},"6":{"loc":{"start":{"line":168,"column":22},"end":{"line":168,"column":42}},"type":"binary-expr","locations":[{"start":{"line":168,"column":22},"end":{"line":168,"column":37}},{"start":{"line":168,"column":41},"end":{"line":168,"column":42}}],"line":168},"7":{"loc":{"start":{"line":171,"column":22},"end":{"line":171,"column":40}},"type":"binary-expr","locations":[{"start":{"line":171,"column":22},"end":{"line":171,"column":35}},{"start":{"line":171,"column":39},"end":{"line":171,"column":40}}],"line":171},"8":{"loc":{"start":{"line":175,"column":6},"end":{"line":175,"column":69}},"type":"if","locations":[{"start":{"line":175,"column":6},"end":{"line":175,"column":69}},{"start":{},"end":{}}],"line":175},"9":{"loc":{"start":{"line":193,"column":6},"end":{"line":193,"column":68}},"type":"if","locations":[{"start":{"line":193,"column":6},"end":{"line":193,"column":68}},{"start":{},"end":{}}],"line":193}},"s":{"0":1,"1":1,"2":1,"3":1,"4":1,"5":1,"6":1,"7":1,"8":0,"9":2,"10":2,"11":2,"12":1,"13":1,"14":0,"15":1,"16":1,"17":1,"18":1,"19":1,"20":0,"21":0,"22":0,"23":0,"24":0,"25":0,"26":0,"27":0,"28":0,"29":0,"30":0,"31":0,"32":0,"33":0,"34":0,"35":0,"36":0,"37":0,"38":0,"39":0,"40":0,"41":0,"42":0,"43":0,"44":0,"45":0,"46":0,"47":0,"48":0,"49":0,"50":0,"51":0,"52":0,"53":0,"54":0,"55":0,"56":1},"f":{"0":1,"1":2,"2":1,"3":0,"4":0,"5":0,"6":0,"7":0},"b":{"0":[1,1],"1":[1,0],"2":[0,0],"3":[0,0],"4":[0,0],"5":[0,0],"6":[0,0],"7":[0,0],"8":[0,0],"9":[0,0]},"_coverageSchema":"1a1c01bbd47fc00a2c39e90264f33305004495a9","hash":"37790b59aa96314b50e5875979f4e6970dcdb53a"}
,"C:\\project\\showcarpedia-next\\server\\controllers\\chatController.js": {"path":"C:\\project\\showcarpedia-next\\server\\controllers\\chatController.js","statementMap":{"0":{"start":{"line":1,"column":22},"end":{"line":1,"column":42}},"1":{"start":{"line":2,"column":17},"end":{"line":2,"column":37}},"2":{"start":{"line":3,"column":17},"end":{"line":3,"column":37}},"3":{"start":{"line":6,"column":24},"end":{"line":21,"column":5}},"4":{"start":{"line":7,"column":6},"end":{"line":20,"column":7}},"5":{"start":{"line":8,"column":24},"end":{"line":16,"column":12}},"6":{"start":{"line":17,"column":10},"end":{"line":17,"column":37}},"7":{"start":{"line":19,"column":10},"end":{"line":19,"column":61}},"8":{"start":{"line":23,"column":21},"end":{"line":34,"column":5}},"9":{"start":{"line":24,"column":8},"end":{"line":33,"column":9}},"10":{"start":{"line":25,"column":27},"end":{"line":25,"column":38}},"11":{"start":{"line":26,"column":25},"end":{"line":29,"column":14}},"12":{"start":{"line":30,"column":12},"end":{"line":30,"column":38}},"13":{"start":{"line":32,"column":12},"end":{"line":32,"column":63}},"14":{"start":{"line":37,"column":8},"end":{"line":48,"column":9}},"15":{"start":{"line":38,"column":25},"end":{"line":38,"column":36}},"16":{"start":{"line":39,"column":23},"end":{"line":44,"column":12}},"17":{"start":{"line":45,"column":10},"end":{"line":45,"column":37}},"18":{"start":{"line":47,"column":10},"end":{"line":47,"column":22}},"19":{"start":{"line":52,"column":7},"end":{"line":73,"column":8}},"20":{"start":{"line":53,"column":26},"end":{"line":53,"column":39}},"21":{"start":{"line":54,"column":22},"end":{"line":69,"column":11}},"22":{"start":{"line":70,"column":9},"end":{"line":70,"column":35}},"23":{"start":{"line":72,"column":9},"end":{"line":72,"column":20}},"24":{"start":{"line":77,"column":6},"end":{"line":102,"column":7}},"25":{"start":{"line":78,"column":25},"end":{"line":78,"column":40}},"26":{"start":{"line":79,"column":21},"end":{"line":82,"column":10}},"27":{"start":{"line":83,"column":21},"end":{"line":98,"column":10}},"28":{"start":{"line":99,"column":8},"end":{"line":99,"column":34}},"29":{"start":{"line":101,"column":8},"end":{"line":101,"column":19}},"30":{"start":{"line":106,"column":6},"end":{"line":133,"column":4}},"31":{"start":{"line":107,"column":28},"end":{"line":107,"column":36}},"32":{"start":{"line":109,"column":23},"end":{"line":109,"column":34}},"33":{"start":{"line":110,"column":25},"end":{"line":110,"column":38}},"34":{"start":{"line":112,"column":25},"end":{"line":115,"column":8}},"35":{"start":{"line":116,"column":28},"end":{"line":118,"column":9}},"36":{"start":{"line":119,"column":21},"end":{"line":119,"column":51}},"37":{"start":{"line":121,"column":8},"end":{"line":129,"column":9}},"38":{"start":{"line":122,"column":10},"end":{"line":126,"column":12}},"39":{"start":{"line":127,"column":15},"end":{"line":129,"column":9}},"40":{"start":{"line":128,"column":10},"end":{"line":128,"column":58}},"41":{"start":{"line":132,"column":8},"end":{"line":132,"column":63}},"42":{"start":{"line":137,"column":4},"end":{"line":164,"column":2}},"43":{"start":{"line":138,"column":26},"end":{"line":138,"column":34}},"44":{"start":{"line":140,"column":21},"end":{"line":140,"column":32}},"45":{"start":{"line":141,"column":23},"end":{"line":141,"column":38}},"46":{"start":{"line":143,"column":23},"end":{"line":146,"column":6}},"47":{"start":{"line":147,"column":26},"end":{"line":149,"column":7}},"48":{"start":{"line":150,"column":19},"end":{"line":150,"column":49}},"49":{"start":{"line":152,"column":6},"end":{"line":160,"column":7}},"50":{"start":{"line":153,"column":8},"end":{"line":157,"column":10}},"51":{"start":{"line":158,"column":13},"end":{"line":160,"column":7}},"52":{"start":{"line":159,"column":8},"end":{"line":159,"column":56}},"53":{"start":{"line":163,"column":6},"end":{"line":163,"column":61}},"54":{"start":{"line":168,"column":0},"end":{"line":168,"column":31}}},"fnMap":{"0":{"name":"(anonymous_0)","decl":{"start":{"line":6,"column":24},"end":{"line":6,"column":25}},"loc":{"start":{"line":6,"column":44},"end":{"line":21,"column":5}},"line":6},"1":{"name":"(anonymous_1)","decl":{"start":{"line":23,"column":21},"end":{"line":23,"column":22}},"loc":{"start":{"line":23,"column":41},"end":{"line":34,"column":5}},"line":23},"2":{"name":"(anonymous_2)","decl":{"start":{"line":36,"column":4},"end":{"line":36,"column":5}},"loc":{"start":{"line":36,"column":35},"end":{"line":49,"column":7}},"line":36},"3":{"name":"(anonymous_3)","decl":{"start":{"line":51,"column":4},"end":{"line":51,"column":5}},"loc":{"start":{"line":51,"column":36},"end":{"line":74,"column":5}},"line":51},"4":{"name":"(anonymous_4)","decl":{"start":{"line":76,"column":4},"end":{"line":76,"column":5}},"loc":{"start":{"line":76,"column":41},"end":{"line":103,"column":4}},"line":76},"5":{"name":"(anonymous_5)","decl":{"start":{"line":105,"column":3},"end":{"line":105,"column":4}},"loc":{"start":{"line":105,"column":35},"end":{"line":134,"column":3}},"line":105},"6":{"name":"(anonymous_6)","decl":{"start":{"line":136,"column":2},"end":{"line":136,"column":3}},"loc":{"start":{"line":136,"column":39},"end":{"line":165,"column":1}},"line":136}},"branchMap":{"0":{"loc":{"start":{"line":121,"column":8},"end":{"line":129,"column":9}},"type":"if","locations":[{"start":{"line":121,"column":8},"end":{"line":129,"column":9}},{"start":{"line":127,"column":15},"end":{"line":129,"column":9}}],"line":121},"1":{"loc":{"start":{"line":127,"column":15},"end":{"line":129,"column":9}},"type":"if","locations":[{"start":{"line":127,"column":15},"end":{"line":129,"column":9}},{"start":{},"end":{}}],"line":127},"2":{"loc":{"start":{"line":152,"column":6},"end":{"line":160,"column":7}},"type":"if","locations":[{"start":{"line":152,"column":6},"end":{"line":160,"column":7}},{"start":{"line":158,"column":13},"end":{"line":160,"column":7}}],"line":152},"3":{"loc":{"start":{"line":158,"column":13},"end":{"line":160,"column":7}},"type":"if","locations":[{"start":{"line":158,"column":13},"end":{"line":160,"column":7}},{"start":{},"end":{}}],"line":158}},"s":{"0":1,"1":1,"2":1,"3":1,"4":0,"5":0,"6":0,"7":0,"8":1,"9":0,"10":0,"11":0,"12":0,"13":0,"14":0,"15":0,"16":0,"17":0,"18":0,"19":0,"20":0,"21":0,"22":0,"23":0,"24":0,"25":0,"26":0,"27":0,"28":0,"29":0,"30":0,"31":0,"32":0,"33":0,"34":0,"35":0,"36":0,"37":0,"38":0,"39":0,"40":0,"41":0,"42":0,"43":0,"44":0,"45":0,"46":0,"47":0,"48":0,"49":0,"50":0,"51":0,"52":0,"53":0,"54":1},"f":{"0":0,"1":0,"2":0,"3":0,"4":0,"5":0,"6":0},"b":{"0":[0,0],"1":[0,0],"2":[0,0],"3":[0,0]},"_coverageSchema":"1a1c01bbd47fc00a2c39e90264f33305004495a9","hash":"7ce6fc1d11fccd6270fc2b1990955b0ad55623f6"}
,"C:\\project\\showcarpedia-next\\server\\controllers\\index.js": {"path":"C:\\project\\showcarpedia-next\\server\\controllers\\index.js","statementMap":{"0":{"start":{"line":1,"column":0},"end":{"line":8,"column":1}}},"fnMap":{},"branchMap":{},"s":{"0":1},"f":{},"b":{},"_coverageSchema":"1a1c01bbd47fc00a2c39e90264f33305004495a9","hash":"d2fb02b8fda6b30f87a4bbad675b93bcb517ef7d"}
,"C:\\project\\showcarpedia-next\\server\\controllers\\insightsController.js": {"path":"C:\\project\\showcarpedia-next\\server\\controllers\\insightsController.js","statementMap":{"0":{"start":{"line":1,"column":47},"end":{"line":1,"column":67}},"1":{"start":{"line":6,"column":27},"end":{"line":11,"column":10}},"2":{"start":{"line":12,"column":8},"end":{"line":14,"column":10}},"3":{"start":{"line":18,"column":28},"end":{"line":23,"column":10}},"4":{"start":{"line":24,"column":8},"end":{"line":26,"column":10}},"5":{"start":{"line":30,"column":33},"end":{"line":34,"column":10}},"6":{"start":{"line":35,"column":8},"end":{"line":37,"column":10}},"7":{"start":{"line":41,"column":29},"end":{"line":58,"column":10}},"8":{"start":{"line":60,"column":8},"end":{"line":62,"column":10}},"9":{"start":{"line":67,"column":0},"end":{"line":67,"column":35}}},"fnMap":{"0":{"name":"(anonymous_0)","decl":{"start":{"line":5,"column":4},"end":{"line":5,"column":5}},"loc":{"start":{"line":5,"column":41},"end":{"line":15,"column":5}},"line":5},"1":{"name":"(anonymous_1)","decl":{"start":{"line":17,"column":4},"end":{"line":17,"column":5}},"loc":{"start":{"line":17,"column":42},"end":{"line":27,"column":5}},"line":17},"2":{"name":"(anonymous_2)","decl":{"start":{"line":29,"column":4},"end":{"line":29,"column":5}},"loc":{"start":{"line":29,"column":47},"end":{"line":38,"column":5}},"line":29},"3":{"name":"(anonymous_3)","decl":{"start":{"line":40,"column":4},"end":{"line":40,"column":5}},"loc":{"start":{"line":40,"column":43},"end":{"line":64,"column":5}},"line":40}},"branchMap":{},"s":{"0":1,"1":0,"2":0,"3":0,"4":0,"5":0,"6":0,"7":0,"8":0,"9":1},"f":{"0":0,"1":0,"2":0,"3":0},"b":{},"_coverageSchema":"1a1c01bbd47fc00a2c39e90264f33305004495a9","hash":"6933dc13853d3b0dae3a06af5a52f1491ad54c14"}
,"C:\\project\\showcarpedia-next\\server\\controllers\\loginController.js": {"path":"C:\\project\\showcarpedia-next\\server\\controllers\\loginController.js","statementMap":{"0":{"start":{"line":1,"column":28},"end":{"line":1,"column":48}},"1":{"start":{"line":2,"column":27},"end":{"line":2,"column":64}},"2":{"start":{"line":3,"column":26},"end":{"line":3,"column":60}},"3":{"start":{"line":6,"column":19},"end":{"line":52,"column":5}},"4":{"start":{"line":7,"column":8},"end":{"line":51,"column":9}},"5":{"start":{"line":8,"column":23},"end":{"line":8,"column":27}},"6":{"start":{"line":9,"column":43},"end":{"line":9,"column":51}},"7":{"start":{"line":10,"column":25},"end":{"line":14,"column":14}},"8":{"start":{"line":15,"column":29},"end":{"line":15,"column":38}},"9":{"start":{"line":17,"column":12},"end":{"line":23,"column":13}},"10":{"start":{"line":18,"column":16},"end":{"line":22,"column":18}},"11":{"start":{"line":25,"column":36},"end":{"line":25,"column":81}},"12":{"start":{"line":27,"column":12},"end":{"line":29,"column":13}},"13":{"start":{"line":28,"column":16},"end":{"line":28,"column":74}},"14":{"start":{"line":31,"column":33},"end":{"line":36,"column":14}},"15":{"start":{"line":38,"column":12},"end":{"line":40,"column":14}},"16":{"start":{"line":42,"column":12},"end":{"line":48,"column":15}},"17":{"start":{"line":50,"column":12},"end":{"line":50,"column":69}},"18":{"start":{"line":54,"column":0},"end":{"line":54,"column":31}}},"fnMap":{"0":{"name":"(anonymous_0)","decl":{"start":{"line":6,"column":19},"end":{"line":6,"column":20}},"loc":{"start":{"line":6,"column":45},"end":{"line":52,"column":5}},"line":6}},"branchMap":{"0":{"loc":{"start":{"line":17,"column":12},"end":{"line":23,"column":13}},"type":"if","locations":[{"start":{"line":17,"column":12},"end":{"line":23,"column":13}},{"start":{},"end":{}}],"line":17},"1":{"loc":{"start":{"line":27,"column":12},"end":{"line":29,"column":13}},"type":"if","locations":[{"start":{"line":27,"column":12},"end":{"line":29,"column":13}},{"start":{},"end":{}}],"line":27}},"s":{"0":1,"1":1,"2":1,"3":1,"4":0,"5":0,"6":0,"7":0,"8":0,"9":0,"10":0,"11":0,"12":0,"13":0,"14":0,"15":0,"16":0,"17":0,"18":1},"f":{"0":0},"b":{"0":[0,0],"1":[0,0]},"_coverageSchema":"1a1c01bbd47fc00a2c39e90264f33305004495a9","hash":"cee765aaf1991af6a9f553b2af0b5d57d355c79d"}
,"C:\\project\\showcarpedia-next\\server\\controllers\\productController.js": {"path":"C:\\project\\showcarpedia-next\\server\\controllers\\productController.js","statementMap":{"0":{"start":{"line":1,"column":18},"end":{"line":1,"column":38}},"1":{"start":{"line":4,"column":8},"end":{"line":10,"column":9}},"2":{"start":{"line":5,"column":25},"end":{"line":5,"column":70}},"3":{"start":{"line":6,"column":12},"end":{"line":6,"column":63}},"4":{"start":{"line":6,"column":29},"end":{"line":6,"column":63}},"5":{"start":{"line":7,"column":12},"end":{"line":7,"column":38}},"6":{"start":{"line":9,"column":12},"end":{"line":9,"column":23}},"7":{"start":{"line":14,"column":0},"end":{"line":14,"column":34}}},"fnMap":{"0":{"name":"(anonymous_0)","decl":{"start":{"line":3,"column":4},"end":{"line":3,"column":5}},"loc":{"start":{"line":3,"column":39},"end":{"line":11,"column":5}},"line":3}},"branchMap":{"0":{"loc":{"start":{"line":6,"column":12},"end":{"line":6,"column":63}},"type":"if","locations":[{"start":{"line":6,"column":12},"end":{"line":6,"column":63}},{"start":{},"end":{}}],"line":6}},"s":{"0":1,"1":0,"2":0,"3":0,"4":0,"5":0,"6":0,"7":1},"f":{"0":0},"b":{"0":[0,0]},"_coverageSchema":"1a1c01bbd47fc00a2c39e90264f33305004495a9","hash":"895d2612522b4f2c2a920bbc246b0c0e961c7d8e"}
,"C:\\project\\showcarpedia-next\\server\\controllers\\profileController.js": {"path":"C:\\project\\showcarpedia-next\\server\\controllers\\profileController.js","statementMap":{"0":{"start":{"line":1,"column":20},"end":{"line":1,"column":40}},"1":{"start":{"line":6,"column":19},"end":{"line":6,"column":30}},"2":{"start":{"line":7,"column":4},"end":{"line":13,"column":5}},"3":{"start":{"line":8,"column":6},"end":{"line":8,"column":53}},"4":{"start":{"line":8,"column":19},"end":{"line":8,"column":53}},"5":{"start":{"line":9,"column":19},"end":{"line":9,"column":63}},"6":{"start":{"line":10,"column":6},"end":{"line":10,"column":33}},"7":{"start":{"line":12,"column":6},"end":{"line":12,"column":18}},"8":{"start":{"line":17,"column":19},"end":{"line":17,"column":30}},"9":{"start":{"line":18,"column":79},"end":{"line":18,"column":87}},"10":{"start":{"line":20,"column":20},"end":{"line":27,"column":27}},"11":{"start":{"line":29,"column":4},"end":{"line":39,"column":5}},"12":{"start":{"line":30,"column":8},"end":{"line":30,"column":53}},"13":{"start":{"line":30,"column":20},"end":{"line":30,"column":53}},"14":{"start":{"line":31,"column":8},"end":{"line":31,"column":54}},"15":{"start":{"line":32,"column":8},"end":{"line":36,"column":9}},"16":{"start":{"line":38,"column":8},"end":{"line":38,"column":19}},"17":{"start":{"line":43,"column":0},"end":{"line":43,"column":35}}},"fnMap":{"0":{"name":"(anonymous_0)","decl":{"start":{"line":5,"column":2},"end":{"line":5,"column":3}},"loc":{"start":{"line":5,"column":37},"end":{"line":14,"column":3}},"line":5},"1":{"name":"(anonymous_1)","decl":{"start":{"line":15,"column":2},"end":{"line":15,"column":3}},"loc":{"start":{"line":15,"column":37},"end":{"line":40,"column":3}},"line":15}},"branchMap":{"0":{"loc":{"start":{"line":8,"column":6},"end":{"line":8,"column":53}},"type":"if","locations":[{"start":{"line":8,"column":6},"end":{"line":8,"column":53}},{"start":{},"end":{}}],"line":8},"1":{"loc":{"start":{"line":30,"column":8},"end":{"line":30,"column":53}},"type":"if","locations":[{"start":{"line":30,"column":8},"end":{"line":30,"column":53}},{"start":{},"end":{}}],"line":30}},"s":{"0":1,"1":0,"2":0,"3":0,"4":0,"5":0,"6":0,"7":0,"8":0,"9":0,"10":0,"11":0,"12":0,"13":0,"14":0,"15":0,"16":0,"17":1},"f":{"0":0,"1":0},"b":{"0":[0,0],"1":[0,0]},"_coverageSchema":"1a1c01bbd47fc00a2c39e90264f33305004495a9","hash":"23a17d70c1f9425ef86f73508220f564d303237a"}
,"C:\\project\\showcarpedia-next\\server\\controllers\\registerController.js": {"path":"C:\\project\\showcarpedia-next\\server\\controllers\\registerController.js","statementMap":{"0":{"start":{"line":1,"column":35},"end":{"line":1,"column":55}},"1":{"start":{"line":2,"column":23},"end":{"line":2,"column":60}},"2":{"start":{"line":5,"column":20},"end":{"line":56,"column":3}},"3":{"start":{"line":6,"column":4},"end":{"line":55,"column":5}},"4":{"start":{"line":7,"column":42},"end":{"line":7,"column":50}},"5":{"start":{"line":8,"column":27},"end":{"line":8,"column":63}},"6":{"start":{"line":9,"column":6},"end":{"line":10,"column":72}},"7":{"start":{"line":10,"column":8},"end":{"line":10,"column":72}},"8":{"start":{"line":11,"column":30},"end":{"line":11,"column":69}},"9":{"start":{"line":12,"column":6},"end":{"line":13,"column":76}},"10":{"start":{"line":13,"column":8},"end":{"line":13,"column":76}},"11":{"start":{"line":15,"column":26},"end":{"line":21,"column":7}},"12":{"start":{"line":22,"column":19},"end":{"line":22,"column":49}},"13":{"start":{"line":24,"column":6},"end":{"line":52,"column":7}},"14":{"start":{"line":25,"column":31},"end":{"line":28,"column":9}},"15":{"start":{"line":30,"column":24},"end":{"line":30,"column":60}},"16":{"start":{"line":32,"column":8},"end":{"line":49,"column":9}},"17":{"start":{"line":33,"column":35},"end":{"line":36,"column":11}},"18":{"start":{"line":38,"column":27},"end":{"line":38,"column":67}},"19":{"start":{"line":40,"column":10},"end":{"line":48,"column":11}},"20":{"start":{"line":41,"column":12},"end":{"line":47,"column":14}},"21":{"start":{"line":50,"column":13},"end":{"line":52,"column":7}},"22":{"start":{"line":51,"column":8},"end":{"line":51,"column":54}},"23":{"start":{"line":54,"column":6},"end":{"line":54,"column":59}},"24":{"start":{"line":58,"column":0},"end":{"line":58,"column":35}}},"fnMap":{"0":{"name":"(anonymous_0)","decl":{"start":{"line":5,"column":20},"end":{"line":5,"column":21}},"loc":{"start":{"line":5,"column":40},"end":{"line":56,"column":3}},"line":5}},"branchMap":{"0":{"loc":{"start":{"line":9,"column":6},"end":{"line":10,"column":72}},"type":"if","locations":[{"start":{"line":9,"column":6},"end":{"line":10,"column":72}},{"start":{},"end":{}}],"line":9},"1":{"loc":{"start":{"line":12,"column":6},"end":{"line":13,"column":76}},"type":"if","locations":[{"start":{"line":12,"column":6},"end":{"line":13,"column":76}},{"start":{},"end":{}}],"line":12},"2":{"loc":{"start":{"line":24,"column":6},"end":{"line":52,"column":7}},"type":"if","locations":[{"start":{"line":24,"column":6},"end":{"line":52,"column":7}},{"start":{"line":50,"column":13},"end":{"line":52,"column":7}}],"line":24},"3":{"loc":{"start":{"line":32,"column":8},"end":{"line":49,"column":9}},"type":"if","locations":[{"start":{"line":32,"column":8},"end":{"line":49,"column":9}},{"start":{},"end":{}}],"line":32},"4":{"loc":{"start":{"line":40,"column":10},"end":{"line":48,"column":11}},"type":"if","locations":[{"start":{"line":40,"column":10},"end":{"line":48,"column":11}},{"start":{},"end":{}}],"line":40},"5":{"loc":{"start":{"line":50,"column":13},"end":{"line":52,"column":7}},"type":"if","locations":[{"start":{"line":50,"column":13},"end":{"line":52,"column":7}},{"start":{},"end":{}}],"line":50}},"s":{"0":1,"1":1,"2":1,"3":0,"4":0,"5":0,"6":0,"7":0,"8":0,"9":0,"10":0,"11":0,"12":0,"13":0,"14":0,"15":0,"16":0,"17":0,"18":0,"19":0,"20":0,"21":0,"22":0,"23":0,"24":1},"f":{"0":0},"b":{"0":[0,0],"1":[0,0],"2":[0,0],"3":[0,0],"4":[0,0],"5":[0,0]},"_coverageSchema":"1a1c01bbd47fc00a2c39e90264f33305004495a9","hash":"9bc3f18558e3fe06a83e0dc3d75a03ecb45a97d2"}
,"C:\\project\\showcarpedia-next\\server\\controllers\\userController.js": {"path":"C:\\project\\showcarpedia-next\\server\\controllers\\userController.js","statementMap":{"0":{"start":{"line":1,"column":26},"end":{"line":1,"column":46}},"1":{"start":{"line":2,"column":25},"end":{"line":2,"column":62}},"2":{"start":{"line":7,"column":22},"end":{"line":7,"column":33}},"3":{"start":{"line":8,"column":6},"end":{"line":17,"column":10}},"4":{"start":{"line":10,"column":10},"end":{"line":13,"column":12}},"5":{"start":{"line":16,"column":10},"end":{"line":16,"column":26}},"6":{"start":{"line":21,"column":22},"end":{"line":21,"column":33}},"7":{"start":{"line":22,"column":25},"end":{"line":26,"column":7}},"8":{"start":{"line":27,"column":6},"end":{"line":37,"column":10}},"9":{"start":{"line":33,"column":10},"end":{"line":33,"column":52}},"10":{"start":{"line":36,"column":10},"end":{"line":36,"column":26}},"11":{"start":{"line":40,"column":1},"end":{"line":40,"column":32}}},"fnMap":{"0":{"name":"(anonymous_0)","decl":{"start":{"line":6,"column":4},"end":{"line":6,"column":5}},"loc":{"start":{"line":6,"column":39},"end":{"line":18,"column":5}},"line":6},"1":{"name":"(anonymous_1)","decl":{"start":{"line":9,"column":14},"end":{"line":9,"column":15}},"loc":{"start":{"line":9,"column":24},"end":{"line":14,"column":9}},"line":9},"2":{"name":"(anonymous_2)","decl":{"start":{"line":15,"column":15},"end":{"line":15,"column":16}},"loc":{"start":{"line":15,"column":24},"end":{"line":17,"column":9}},"line":15},"3":{"name":"(anonymous_3)","decl":{"start":{"line":20,"column":4},"end":{"line":20,"column":5}},"loc":{"start":{"line":20,"column":32},"end":{"line":38,"column":5}},"line":20},"4":{"name":"(anonymous_4)","decl":{"start":{"line":32,"column":14},"end":{"line":32,"column":15}},"loc":{"start":{"line":32,"column":20},"end":{"line":34,"column":9}},"line":32},"5":{"name":"(anonymous_5)","decl":{"start":{"line":35,"column":15},"end":{"line":35,"column":16}},"loc":{"start":{"line":35,"column":24},"end":{"line":37,"column":9}},"line":35}},"branchMap":{},"s":{"0":1,"1":1,"2":0,"3":0,"4":0,"5":0,"6":0,"7":0,"8":0,"9":0,"10":0,"11":1},"f":{"0":0,"1":0,"2":0,"3":0,"4":0,"5":0},"b":{},"_coverageSchema":"1a1c01bbd47fc00a2c39e90264f33305004495a9","hash":"251562e28ed2252dc84bea10e13157588ef43600"}
,"C:\\project\\showcarpedia-next\\server\\controllers\\wishlistController.js": {"path":"C:\\project\\showcarpedia-next\\server\\controllers\\wishlistController.js","statementMap":{"0":{"start":{"line":1,"column":36},"end":{"line":1,"column":56}},"1":{"start":{"line":4,"column":18},"end":{"line":27,"column":3}},"2":{"start":{"line":5,"column":17},"end":{"line":5,"column":25}},"3":{"start":{"line":6,"column":26},"end":{"line":6,"column":34}},"4":{"start":{"line":7,"column":28},"end":{"line":10,"column":5}},"5":{"start":{"line":11,"column":4},"end":{"line":26,"column":5}},"6":{"start":{"line":12,"column":27},"end":{"line":14,"column":8}},"7":{"start":{"line":16,"column":6},"end":{"line":21,"column":7}},"8":{"start":{"line":17,"column":8},"end":{"line":17,"column":62}},"9":{"start":{"line":19,"column":7},"end":{"line":19,"column":46}},"10":{"start":{"line":20,"column":8},"end":{"line":20,"column":56}},"11":{"start":{"line":23,"column":6},"end":{"line":25,"column":9}},"12":{"start":{"line":30,"column":17},"end":{"line":30,"column":25}},"13":{"start":{"line":31,"column":4},"end":{"line":51,"column":5}},"14":{"start":{"line":32,"column":19},"end":{"line":46,"column":8}},"15":{"start":{"line":47,"column":6},"end":{"line":47,"column":78}},"16":{"start":{"line":47,"column":24},"end":{"line":47,"column":78}},"17":{"start":{"line":48,"column":5},"end":{"line":48,"column":39}},"18":{"start":{"line":50,"column":6},"end":{"line":50,"column":18}},"19":{"start":{"line":105,"column":4},"end":{"line":122,"column":5}},"20":{"start":{"line":106,"column":28},"end":{"line":106,"column":36}},"21":{"start":{"line":107,"column":19},"end":{"line":107,"column":27}},"22":{"start":{"line":108,"column":19},"end":{"line":113,"column":8}},"23":{"start":{"line":114,"column":6},"end":{"line":119,"column":7}},"24":{"start":{"line":115,"column":8},"end":{"line":118,"column":11}},"25":{"start":{"line":121,"column":6},"end":{"line":121,"column":18}},"26":{"start":{"line":125,"column":0},"end":{"line":125,"column":36}}},"fnMap":{"0":{"name":"(anonymous_0)","decl":{"start":{"line":4,"column":18},"end":{"line":4,"column":19}},"loc":{"start":{"line":4,"column":38},"end":{"line":27,"column":3}},"line":4},"1":{"name":"(anonymous_1)","decl":{"start":{"line":29,"column":2},"end":{"line":29,"column":3}},"loc":{"start":{"line":29,"column":38},"end":{"line":52,"column":3}},"line":29},"2":{"name":"(anonymous_2)","decl":{"start":{"line":104,"column":2},"end":{"line":104,"column":3}},"loc":{"start":{"line":104,"column":40},"end":{"line":123,"column":3}},"line":104}},"branchMap":{"0":{"loc":{"start":{"line":16,"column":6},"end":{"line":21,"column":7}},"type":"if","locations":[{"start":{"line":16,"column":6},"end":{"line":21,"column":7}},{"start":{"line":18,"column":13},"end":{"line":21,"column":7}}],"line":16},"1":{"loc":{"start":{"line":47,"column":6},"end":{"line":47,"column":78}},"type":"if","locations":[{"start":{"line":47,"column":6},"end":{"line":47,"column":78}},{"start":{},"end":{}}],"line":47},"2":{"loc":{"start":{"line":114,"column":6},"end":{"line":119,"column":7}},"type":"if","locations":[{"start":{"line":114,"column":6},"end":{"line":119,"column":7}},{"start":{},"end":{}}],"line":114}},"s":{"0":1,"1":1,"2":0,"3":0,"4":0,"5":0,"6":0,"7":0,"8":0,"9":0,"10":0,"11":0,"12":0,"13":0,"14":0,"15":0,"16":0,"17":0,"18":0,"19":0,"20":0,"21":0,"22":0,"23":0,"24":0,"25":0,"26":1},"f":{"0":0,"1":0,"2":0},"b":{"0":[0,0],"1":[0,0],"2":[0,0]},"_coverageSchema":"1a1c01bbd47fc00a2c39e90264f33305004495a9","hash":"bdc3ce56a0d0cc7754759d7a9d93f2b5888b1604"}
,"C:\\project\\showcarpedia-next\\server\\helpers\\passwordHandler.js": {"path":"C:\\project\\showcarpedia-next\\server\\helpers\\passwordHandler.js","statementMap":{"0":{"start":{"line":1,"column":15},"end":{"line":1,"column":32}},"1":{"start":{"line":2,"column":14},"end":{"line":2,"column":16}},"2":{"start":{"line":4,"column":21},"end":{"line":6,"column":1}},"3":{"start":{"line":5,"column":2},"end":{"line":5,"column":50}},"4":{"start":{"line":8,"column":23},"end":{"line":10,"column":1}},"5":{"start":{"line":9,"column":2},"end":{"line":9,"column":55}},"6":{"start":{"line":12,"column":0},"end":{"line":15,"column":1}}},"fnMap":{"0":{"name":"(anonymous_0)","decl":{"start":{"line":4,"column":21},"end":{"line":4,"column":22}},"loc":{"start":{"line":4,"column":35},"end":{"line":6,"column":1}},"line":4},"1":{"name":"(anonymous_1)","decl":{"start":{"line":8,"column":23},"end":{"line":8,"column":24}},"loc":{"start":{"line":8,"column":59},"end":{"line":10,"column":1}},"line":8}},"branchMap":{},"s":{"0":1,"1":1,"2":1,"3":1,"4":1,"5":0,"6":1},"f":{"0":1,"1":0},"b":{},"_coverageSchema":"1a1c01bbd47fc00a2c39e90264f33305004495a9","hash":"ec9d649e767ba679c6f126bd20b445155b7f0ff0"}
,"C:\\project\\showcarpedia-next\\server\\helpers\\tokenHandler.js": {"path":"C:\\project\\showcarpedia-next\\server\\helpers\\tokenHandler.js","statementMap":{"0":{"start":{"line":1,"column":0},"end":{"line":1,"column":26}},"1":{"start":{"line":2,"column":12},"end":{"line":2,"column":35}},"2":{"start":{"line":4,"column":22},"end":{"line":6,"column":1}},"3":{"start":{"line":5,"column":2},"end":{"line":5,"column":56}},"4":{"start":{"line":8,"column":20},"end":{"line":10,"column":1}},"5":{"start":{"line":9,"column":2},"end":{"line":9,"column":56}},"6":{"start":{"line":12,"column":0},"end":{"line":15,"column":1}}},"fnMap":{"0":{"name":"(anonymous_0)","decl":{"start":{"line":4,"column":22},"end":{"line":4,"column":23}},"loc":{"start":{"line":4,"column":41},"end":{"line":6,"column":1}},"line":4},"1":{"name":"(anonymous_1)","decl":{"start":{"line":8,"column":20},"end":{"line":8,"column":21}},"loc":{"start":{"line":8,"column":37},"end":{"line":10,"column":1}},"line":8}},"branchMap":{},"s":{"0":1,"1":1,"2":1,"3":1,"4":1,"5":4,"6":1},"f":{"0":1,"1":4},"b":{},"_coverageSchema":"1a1c01bbd47fc00a2c39e90264f33305004495a9","hash":"4f040a313e06d9ed6f5dcd7fa328b124e9953b00"}
,"C:\\project\\showcarpedia-next\\server\\middleware\\authentication.js": {"path":"C:\\project\\showcarpedia-next\\server\\middleware\\authentication.js","statementMap":{"0":{"start":{"line":1,"column":17},"end":{"line":1,"column":37}},"1":{"start":{"line":2,"column":24},"end":{"line":2,"column":58}},"2":{"start":{"line":5,"column":0},"end":{"line":27,"column":1}},"3":{"start":{"line":6,"column":2},"end":{"line":26,"column":3}},"4":{"start":{"line":7,"column":29},"end":{"line":7,"column":40}},"5":{"start":{"line":8,"column":4},"end":{"line":22,"column":5}},"6":{"start":{"line":9,"column":26},"end":{"line":9,"column":57}},"7":{"start":{"line":10,"column":23},"end":{"line":14,"column":8}},"8":{"start":{"line":15,"column":6},"end":{"line":17,"column":7}},"9":{"start":{"line":16,"column":8},"end":{"line":16,"column":76}},"10":{"start":{"line":18,"column":6},"end":{"line":18,"column":28}},"11":{"start":{"line":19,"column":6},"end":{"line":19,"column":12}},"12":{"start":{"line":21,"column":6},"end":{"line":21,"column":63}},"13":{"start":{"line":24,"column":4},"end":{"line":24,"column":22}},"14":{"start":{"line":25,"column":4},"end":{"line":25,"column":62}}},"fnMap":{"0":{"name":"(anonymous_0)","decl":{"start":{"line":5,"column":17},"end":{"line":5,"column":18}},"loc":{"start":{"line":5,"column":43},"end":{"line":27,"column":1}},"line":5}},"branchMap":{"0":{"loc":{"start":{"line":8,"column":4},"end":{"line":22,"column":5}},"type":"if","locations":[{"start":{"line":8,"column":4},"end":{"line":22,"column":5}},{"start":{"line":20,"column":11},"end":{"line":22,"column":5}}],"line":8},"1":{"loc":{"start":{"line":15,"column":6},"end":{"line":17,"column":7}},"type":"if","locations":[{"start":{"line":15,"column":6},"end":{"line":17,"column":7}},{"start":{},"end":{}}],"line":15}},"s":{"0":1,"1":1,"2":1,"3":5,"4":5,"5":5,"6":4,"7":4,"8":4,"9":0,"10":4,"11":4,"12":1,"13":0,"14":0},"f":{"0":5},"b":{"0":[4,1],"1":[0,4]},"_coverageSchema":"1a1c01bbd47fc00a2c39e90264f33305004495a9","hash":"a5c8ed84f009660850d7976e137998dee6548150"}
,"C:\\project\\showcarpedia-next\\server\\middleware\\validatorYup.js": {"path":"C:\\project\\showcarpedia-next\\server\\middleware\\validatorYup.js","statementMap":{"0":{"start":{"line":1,"column":25},"end":{"line":10,"column":3}},"1":{"start":{"line":1,"column":37},"end":{"line":10,"column":3}},"2":{"start":{"line":2,"column":4},"end":{"line":9,"column":5}},"3":{"start":{"line":3,"column":6},"end":{"line":5,"column":9}},"4":{"start":{"line":6,"column":6},"end":{"line":6,"column":20}},"5":{"start":{"line":8,"column":6},"end":{"line":8,"column":76}},"6":{"start":{"line":12,"column":0},"end":{"line":12,"column":37}}},"fnMap":{"0":{"name":"(anonymous_0)","decl":{"start":{"line":1,"column":25},"end":{"line":1,"column":26}},"loc":{"start":{"line":1,"column":37},"end":{"line":10,"column":3}},"line":1},"1":{"name":"(anonymous_1)","decl":{"start":{"line":1,"column":37},"end":{"line":1,"column":38}},"loc":{"start":{"line":1,"column":63},"end":{"line":10,"column":3}},"line":1}},"branchMap":{},"s":{"0":1,"1":8,"2":1,"3":1,"4":1,"5":0,"6":1},"f":{"0":8,"1":1},"b":{},"_coverageSchema":"1a1c01bbd47fc00a2c39e90264f33305004495a9","hash":"c04f5884b17258b384eda1a598cfae8f7abe45fd"}
,"C:\\project\\showcarpedia-next\\server\\models\\about.js": {"path":"C:\\project\\showcarpedia-next\\server\\models\\about.js","statementMap":{"0":{"start":{"line":4,"column":4},"end":{"line":4,"column":24}},"1":{"start":{"line":5,"column":0},"end":{"line":24,"column":2}},"2":{"start":{"line":16,"column":2},"end":{"line":22,"column":5}},"3":{"start":{"line":23,"column":2},"end":{"line":23,"column":15}}},"fnMap":{"0":{"name":"(anonymous_0)","decl":{"start":{"line":5,"column":17},"end":{"line":5,"column":18}},"loc":{"start":{"line":5,"column":43},"end":{"line":24,"column":1}},"line":5},"1":{"name":"(anonymous_1)","decl":{"start":{"line":12,"column":4},"end":{"line":12,"column":5}},"loc":{"start":{"line":12,"column":29},"end":{"line":14,"column":5}},"line":12}},"branchMap":{},"s":{"0":1,"1":1,"2":1,"3":1},"f":{"0":1,"1":1},"b":{},"_coverageSchema":"1a1c01bbd47fc00a2c39e90264f33305004495a9","hash":"3b4e1bf9f30c95ae27a261d03ad4a483947deb96"}
,"C:\\project\\showcarpedia-next\\server\\models\\chat.js": {"path":"C:\\project\\showcarpedia-next\\server\\models\\chat.js","statementMap":{"0":{"start":{"line":4,"column":4},"end":{"line":4,"column":24}},"1":{"start":{"line":5,"column":0},"end":{"line":41,"column":2}},"2":{"start":{"line":13,"column":6},"end":{"line":13,"column":59}},"3":{"start":{"line":14,"column":6},"end":{"line":14,"column":64}},"4":{"start":{"line":17,"column":2},"end":{"line":39,"column":5}},"5":{"start":{"line":40,"column":2},"end":{"line":40,"column":14}}},"fnMap":{"0":{"name":"(anonymous_0)","decl":{"start":{"line":5,"column":17},"end":{"line":5,"column":18}},"loc":{"start":{"line":5,"column":43},"end":{"line":41,"column":1}},"line":5},"1":{"name":"(anonymous_1)","decl":{"start":{"line":12,"column":4},"end":{"line":12,"column":5}},"loc":{"start":{"line":12,"column":29},"end":{"line":15,"column":5}},"line":12}},"branchMap":{},"s":{"0":1,"1":1,"2":1,"3":1,"4":1,"5":1},"f":{"0":1,"1":1},"b":{},"_coverageSchema":"1a1c01bbd47fc00a2c39e90264f33305004495a9","hash":"f1a85d94dbb6c7680fd1a8986f775b5cbf4bdc36"}
,"C:\\project\\showcarpedia-next\\server\\models\\index.js": {"path":"C:\\project\\showcarpedia-next\\server\\models\\index.js","statementMap":{"0":{"start":{"line":3,"column":11},"end":{"line":3,"column":24}},"1":{"start":{"line":4,"column":13},"end":{"line":4,"column":28}},"2":{"start":{"line":5,"column":18},"end":{"line":5,"column":38}},"3":{"start":{"line":6,"column":17},"end":{"line":6,"column":42}},"4":{"start":{"line":7,"column":12},"end":{"line":7,"column":49}},"5":{"start":{"line":8,"column":15},"end":{"line":8,"column":63}},"6":{"start":{"line":9,"column":11},"end":{"line":9,"column":13}},"7":{"start":{"line":12,"column":0},"end":{"line":16,"column":1}},"8":{"start":{"line":13,"column":2},"end":{"line":13,"column":74}},"9":{"start":{"line":15,"column":2},"end":{"line":15,"column":87}},"10":{"start":{"line":18,"column":0},"end":{"line":26,"column":5}},"11":{"start":{"line":21,"column":4},"end":{"line":21,"column":90}},"12":{"start":{"line":24,"column":18},"end":{"line":24,"column":85}},"13":{"start":{"line":25,"column":4},"end":{"line":25,"column":27}},"14":{"start":{"line":28,"column":0},"end":{"line":32,"column":3}},"15":{"start":{"line":29,"column":2},"end":{"line":31,"column":3}},"16":{"start":{"line":30,"column":4},"end":{"line":30,"column":32}},"17":{"start":{"line":34,"column":0},"end":{"line":34,"column":25}},"18":{"start":{"line":35,"column":0},"end":{"line":35,"column":25}},"19":{"start":{"line":37,"column":0},"end":{"line":37,"column":20}}},"fnMap":{"0":{"name":"(anonymous_0)","decl":{"start":{"line":20,"column":10},"end":{"line":20,"column":11}},"loc":{"start":{"line":20,"column":18},"end":{"line":22,"column":3}},"line":20},"1":{"name":"(anonymous_1)","decl":{"start":{"line":23,"column":11},"end":{"line":23,"column":12}},"loc":{"start":{"line":23,"column":19},"end":{"line":26,"column":3}},"line":23},"2":{"name":"(anonymous_2)","decl":{"start":{"line":28,"column":24},"end":{"line":28,"column":25}},"loc":{"start":{"line":28,"column":37},"end":{"line":32,"column":1}},"line":28}},"branchMap":{"0":{"loc":{"start":{"line":7,"column":12},"end":{"line":7,"column":49}},"type":"binary-expr","locations":[{"start":{"line":7,"column":12},"end":{"line":7,"column":32}},{"start":{"line":7,"column":36},"end":{"line":7,"column":49}}],"line":7},"1":{"loc":{"start":{"line":12,"column":0},"end":{"line":16,"column":1}},"type":"if","locations":[{"start":{"line":12,"column":0},"end":{"line":16,"column":1}},{"start":{"line":14,"column":7},"end":{"line":16,"column":1}}],"line":12},"2":{"loc":{"start":{"line":21,"column":11},"end":{"line":21,"column":89}},"type":"binary-expr","locations":[{"start":{"line":21,"column":12},"end":{"line":21,"column":35}},{"start":{"line":21,"column":41},"end":{"line":21,"column":58}},{"start":{"line":21,"column":64},"end":{"line":21,"column":88}}],"line":21},"3":{"loc":{"start":{"line":29,"column":2},"end":{"line":31,"column":3}},"type":"if","locations":[{"start":{"line":29,"column":2},"end":{"line":31,"column":3}},{"start":{},"end":{}}],"line":29}},"s":{"0":1,"1":1,"2":1,"3":1,"4":1,"5":1,"6":1,"7":1,"8":0,"9":1,"10":1,"11":8,"12":7,"13":7,"14":1,"15":7,"16":7,"17":1,"18":1,"19":1},"f":{"0":8,"1":7,"2":7},"b":{"0":[1,0],"1":[0,1],"2":[8,8,7],"3":[7,0]},"_coverageSchema":"1a1c01bbd47fc00a2c39e90264f33305004495a9","hash":"c05a079945527139cf1425ba2219b4527c830c3b"}
,"C:\\project\\showcarpedia-next\\server\\models\\product.js": {"path":"C:\\project\\showcarpedia-next\\server\\models\\product.js","statementMap":{"0":{"start":{"line":2,"column":16},"end":{"line":2,"column":36}},"1":{"start":{"line":3,"column":0},"end":{"line":37,"column":1}},"2":{"start":{"line":12,"column":6},"end":{"line":15,"column":8}},"3":{"start":{"line":18,"column":2},"end":{"line":35,"column":3}},"4":{"start":{"line":36,"column":2},"end":{"line":36,"column":16}}},"fnMap":{"0":{"name":"(anonymous_0)","decl":{"start":{"line":3,"column":17},"end":{"line":3,"column":18}},"loc":{"start":{"line":3,"column":43},"end":{"line":37,"column":1}},"line":3},"1":{"name":"(anonymous_1)","decl":{"start":{"line":10,"column":4},"end":{"line":10,"column":5}},"loc":{"start":{"line":10,"column":29},"end":{"line":16,"column":5}},"line":10}},"branchMap":{},"s":{"0":1,"1":1,"2":1,"3":1,"4":1},"f":{"0":1,"1":1},"b":{},"_coverageSchema":"1a1c01bbd47fc00a2c39e90264f33305004495a9","hash":"896007d570e95b6291d974f90255573c4b006725"}
,"C:\\project\\showcarpedia-next\\server\\models\\profile.js": {"path":"C:\\project\\showcarpedia-next\\server\\models\\profile.js","statementMap":{"0":{"start":{"line":4,"column":4},"end":{"line":4,"column":24}},"1":{"start":{"line":5,"column":0},"end":{"line":35,"column":2}},"2":{"start":{"line":13,"column":6},"end":{"line":13,"column":59}},"3":{"start":{"line":16,"column":2},"end":{"line":33,"column":5}},"4":{"start":{"line":34,"column":2},"end":{"line":34,"column":17}}},"fnMap":{"0":{"name":"(anonymous_0)","decl":{"start":{"line":5,"column":17},"end":{"line":5,"column":18}},"loc":{"start":{"line":5,"column":43},"end":{"line":35,"column":1}},"line":5},"1":{"name":"(anonymous_1)","decl":{"start":{"line":12,"column":4},"end":{"line":12,"column":5}},"loc":{"start":{"line":12,"column":29},"end":{"line":14,"column":5}},"line":12}},"branchMap":{},"s":{"0":1,"1":1,"2":1,"3":1,"4":1},"f":{"0":1,"1":1},"b":{},"_coverageSchema":"1a1c01bbd47fc00a2c39e90264f33305004495a9","hash":"aba57a7ab3739ea8eccff6700ae6fb2e74708d1c"}
,"C:\\project\\showcarpedia-next\\server\\models\\roomlists.js": {"path":"C:\\project\\showcarpedia-next\\server\\models\\roomlists.js","statementMap":{"0":{"start":{"line":4,"column":4},"end":{"line":4,"column":24}},"1":{"start":{"line":5,"column":0},"end":{"line":35,"column":2}},"2":{"start":{"line":13,"column":6},"end":{"line":13,"column":61}},"3":{"start":{"line":14,"column":6},"end":{"line":14,"column":89}},"4":{"start":{"line":17,"column":2},"end":{"line":33,"column":5}},"5":{"start":{"line":34,"column":2},"end":{"line":34,"column":19}}},"fnMap":{"0":{"name":"(anonymous_0)","decl":{"start":{"line":5,"column":17},"end":{"line":5,"column":18}},"loc":{"start":{"line":5,"column":43},"end":{"line":35,"column":1}},"line":5},"1":{"name":"(anonymous_1)","decl":{"start":{"line":12,"column":4},"end":{"line":12,"column":5}},"loc":{"start":{"line":12,"column":29},"end":{"line":15,"column":5}},"line":12}},"branchMap":{},"s":{"0":1,"1":1,"2":1,"3":1,"4":1,"5":1},"f":{"0":1,"1":1},"b":{},"_coverageSchema":"1a1c01bbd47fc00a2c39e90264f33305004495a9","hash":"b338919c463ba0b337003cae1614810d7d02edee"}
,"C:\\project\\showcarpedia-next\\server\\models\\user.js": {"path":"C:\\project\\showcarpedia-next\\server\\models\\user.js","statementMap":{"0":{"start":{"line":4,"column":4},"end":{"line":4,"column":24}},"1":{"start":{"line":5,"column":0},"end":{"line":31,"column":2}},"2":{"start":{"line":13,"column":6},"end":{"line":13,"column":56}},"3":{"start":{"line":15,"column":6},"end":{"line":15,"column":60}},"4":{"start":{"line":16,"column":6},"end":{"line":17,"column":56}},"5":{"start":{"line":20,"column":2},"end":{"line":29,"column":5}},"6":{"start":{"line":30,"column":2},"end":{"line":30,"column":14}}},"fnMap":{"0":{"name":"(anonymous_0)","decl":{"start":{"line":5,"column":17},"end":{"line":5,"column":18}},"loc":{"start":{"line":5,"column":43},"end":{"line":31,"column":1}},"line":5},"1":{"name":"(anonymous_1)","decl":{"start":{"line":12,"column":4},"end":{"line":12,"column":5}},"loc":{"start":{"line":12,"column":29},"end":{"line":18,"column":5}},"line":12}},"branchMap":{},"s":{"0":1,"1":1,"2":1,"3":1,"4":1,"5":1,"6":1},"f":{"0":1,"1":1},"b":{},"_coverageSchema":"1a1c01bbd47fc00a2c39e90264f33305004495a9","hash":"d10f50a61eb214a2ea63ac22c1a590fcf6363789"}
,"C:\\project\\showcarpedia-next\\server\\models\\wishlist.js": {"path":"C:\\project\\showcarpedia-next\\server\\models\\wishlist.js","statementMap":{"0":{"start":{"line":4,"column":4},"end":{"line":4,"column":24}},"1":{"start":{"line":5,"column":0},"end":{"line":25,"column":2}},"2":{"start":{"line":13,"column":6},"end":{"line":13,"column":63}},"3":{"start":{"line":14,"column":6},"end":{"line":14,"column":69}},"4":{"start":{"line":17,"column":2},"end":{"line":23,"column":5}},"5":{"start":{"line":24,"column":2},"end":{"line":24,"column":18}}},"fnMap":{"0":{"name":"(anonymous_0)","decl":{"start":{"line":5,"column":17},"end":{"line":5,"column":18}},"loc":{"start":{"line":5,"column":43},"end":{"line":25,"column":1}},"line":5},"1":{"name":"(anonymous_1)","decl":{"start":{"line":12,"column":4},"end":{"line":12,"column":5}},"loc":{"start":{"line":12,"column":29},"end":{"line":15,"column":5}},"line":12}},"branchMap":{},"s":{"0":1,"1":1,"2":1,"3":1,"4":1,"5":1},"f":{"0":1,"1":1},"b":{},"_coverageSchema":"1a1c01bbd47fc00a2c39e90264f33305004495a9","hash":"fea8d4439756788651eff63ca833b355dbac7150"}
,"C:\\project\\showcarpedia-next\\server\\routes\\index.js": {"path":"C:\\project\\showcarpedia-next\\server\\routes\\index.js","statementMap":{"0":{"start":{"line":1,"column":15},"end":{"line":1,"column":42}},"1":{"start":{"line":2,"column":11},"end":{"line":2,"column":26}},"2":{"start":{"line":3,"column":23},"end":{"line":3,"column":62}},"3":{"start":{"line":5,"column":0},"end":{"line":5,"column":50}},"4":{"start":{"line":5,"column":27},"end":{"line":5,"column":49}},"5":{"start":{"line":7,"column":0},"end":{"line":7,"column":21}},"6":{"start":{"line":10,"column":0},"end":{"line":10,"column":26}},"7":{"start":{"line":11,"column":0},"end":{"line":11,"column":55}},"8":{"start":{"line":11,"column":32},"end":{"line":11,"column":54}},"9":{"start":{"line":13,"column":0},"end":{"line":13,"column":23}}},"fnMap":{"0":{"name":"(anonymous_0)","decl":{"start":{"line":5,"column":15},"end":{"line":5,"column":16}},"loc":{"start":{"line":5,"column":27},"end":{"line":5,"column":49}},"line":5},"1":{"name":"(anonymous_1)","decl":{"start":{"line":11,"column":20},"end":{"line":11,"column":21}},"loc":{"start":{"line":11,"column":32},"end":{"line":11,"column":54}},"line":11}},"branchMap":{},"s":{"0":1,"1":1,"2":1,"3":1,"4":0,"5":1,"6":1,"7":1,"8":0,"9":1},"f":{"0":0,"1":0},"b":{},"_coverageSchema":"1a1c01bbd47fc00a2c39e90264f33305004495a9","hash":"0f4c0efce660a71f0ab7b927b7724954765dd469"}
,"C:\\project\\showcarpedia-next\\server\\routes\\v1\\AboutRouter.js": {"path":"C:\\project\\showcarpedia-next\\server\\routes\\v1\\AboutRouter.js","statementMap":{"0":{"start":{"line":1,"column":20},"end":{"line":1,"column":47}},"1":{"start":{"line":2,"column":26},"end":{"line":2,"column":54}},"2":{"start":{"line":5,"column":0},"end":{"line":5,"column":47}},"3":{"start":{"line":6,"column":0},"end":{"line":6,"column":49}},"4":{"start":{"line":7,"column":0},"end":{"line":7,"column":28}}},"fnMap":{},"branchMap":{},"s":{"0":1,"1":1,"2":1,"3":1,"4":1},"f":{},"b":{},"_coverageSchema":"1a1c01bbd47fc00a2c39e90264f33305004495a9","hash":"2b3fa6ad5300d560d3124be772c409cd4520e415"}
,"C:\\project\\showcarpedia-next\\server\\routes\\v1\\InsightsRouter.js": {"path":"C:\\project\\showcarpedia-next\\server\\routes\\v1\\InsightsRouter.js","statementMap":{"0":{"start":{"line":1,"column":23},"end":{"line":1,"column":50}},"1":{"start":{"line":2,"column":29},"end":{"line":2,"column":57}},"2":{"start":{"line":4,"column":0},"end":{"line":4,"column":67}},"3":{"start":{"line":5,"column":0},"end":{"line":5,"column":69}},"4":{"start":{"line":6,"column":0},"end":{"line":6,"column":79}},"5":{"start":{"line":7,"column":0},"end":{"line":7,"column":71}},"6":{"start":{"line":8,"column":0},"end":{"line":8,"column":31}}},"fnMap":{},"branchMap":{},"s":{"0":1,"1":1,"2":1,"3":1,"4":1,"5":1,"6":1},"f":{},"b":{},"_coverageSchema":"1a1c01bbd47fc00a2c39e90264f33305004495a9","hash":"26f3c66444bc1373c93da1a9d381143e4f66fe6c"}
,"C:\\project\\showcarpedia-next\\server\\routes\\v1\\adminRouter.js": {"path":"C:\\project\\showcarpedia-next\\server\\routes\\v1\\adminRouter.js","statementMap":{"0":{"start":{"line":1,"column":24},"end":{"line":1,"column":68}},"1":{"start":{"line":2,"column":29},"end":{"line":2,"column":69}},"2":{"start":{"line":3,"column":31},"end":{"line":3,"column":73}},"3":{"start":{"line":4,"column":20},"end":{"line":4,"column":47}},"4":{"start":{"line":6,"column":0},"end":{"line":8,"column":3}},"5":{"start":{"line":7,"column":2},"end":{"line":7,"column":58}},"6":{"start":{"line":10,"column":0},"end":{"line":12,"column":5}},"7":{"start":{"line":11,"column":4},"end":{"line":11,"column":40}},"8":{"start":{"line":14,"column":0},"end":{"line":16,"column":5}},"9":{"start":{"line":15,"column":4},"end":{"line":15,"column":40}},"10":{"start":{"line":18,"column":0},"end":{"line":20,"column":5}},"11":{"start":{"line":19,"column":4},"end":{"line":19,"column":40}},"12":{"start":{"line":22,"column":0},"end":{"line":24,"column":5}},"13":{"start":{"line":23,"column":4},"end":{"line":23,"column":54}},"14":{"start":{"line":26,"column":2},"end":{"line":26,"column":30}}},"fnMap":{"0":{"name":"(anonymous_0)","decl":{"start":{"line":6,"column":52},"end":{"line":6,"column":53}},"loc":{"start":{"line":6,"column":66},"end":{"line":8,"column":1}},"line":6},"1":{"name":"(anonymous_1)","decl":{"start":{"line":10,"column":94},"end":{"line":10,"column":95}},"loc":{"start":{"line":10,"column":108},"end":{"line":12,"column":3}},"line":10},"2":{"name":"(anonymous_2)","decl":{"start":{"line":14,"column":89},"end":{"line":14,"column":90}},"loc":{"start":{"line":14,"column":103},"end":{"line":16,"column":3}},"line":14},"3":{"name":"(anonymous_3)","decl":{"start":{"line":18,"column":58},"end":{"line":18,"column":59}},"loc":{"start":{"line":18,"column":72},"end":{"line":20,"column":3}},"line":18},"4":{"name":"(anonymous_4)","decl":{"start":{"line":22,"column":58},"end":{"line":22,"column":59}},"loc":{"start":{"line":22,"column":72},"end":{"line":24,"column":3}},"line":22}},"branchMap":{},"s":{"0":1,"1":1,"2":1,"3":1,"4":1,"5":0,"6":1,"7":0,"8":1,"9":0,"10":1,"11":0,"12":1,"13":0,"14":1},"f":{"0":0,"1":0,"2":0,"3":0,"4":0},"b":{},"_coverageSchema":"1a1c01bbd47fc00a2c39e90264f33305004495a9","hash":"e57fcd6ade119129ebf8fff0106a471182d48d75"}
,"C:\\project\\showcarpedia-next\\server\\routes\\v1\\carsRouter.js": {"path":"C:\\project\\showcarpedia-next\\server\\routes\\v1\\carsRouter.js","statementMap":{"0":{"start":{"line":1,"column":23},"end":{"line":1,"column":66}},"1":{"start":{"line":2,"column":23},"end":{"line":2,"column":66}},"2":{"start":{"line":3,"column":29},"end":{"line":3,"column":69}},"3":{"start":{"line":4,"column":29},"end":{"line":4,"column":71}},"4":{"start":{"line":5,"column":19},"end":{"line":5,"column":46}},"5":{"start":{"line":9,"column":0},"end":{"line":11,"column":3}},"6":{"start":{"line":10,"column":2},"end":{"line":10,"column":38}},"7":{"start":{"line":12,"column":0},"end":{"line":14,"column":3}},"8":{"start":{"line":13,"column":4},"end":{"line":13,"column":40}},"9":{"start":{"line":15,"column":0},"end":{"line":17,"column":3}},"10":{"start":{"line":16,"column":4},"end":{"line":16,"column":40}},"11":{"start":{"line":18,"column":0},"end":{"line":20,"column":3}},"12":{"start":{"line":19,"column":2},"end":{"line":19,"column":38}},"13":{"start":{"line":21,"column":0},"end":{"line":23,"column":2}},"14":{"start":{"line":22,"column":2},"end":{"line":22,"column":38}},"15":{"start":{"line":24,"column":0},"end":{"line":24,"column":56}},"16":{"start":{"line":26,"column":0},"end":{"line":26,"column":52}},"17":{"start":{"line":27,"column":0},"end":{"line":27,"column":27}}},"fnMap":{"0":{"name":"(anonymous_0)","decl":{"start":{"line":9,"column":50},"end":{"line":9,"column":51}},"loc":{"start":{"line":9,"column":64},"end":{"line":11,"column":1}},"line":9},"1":{"name":"(anonymous_1)","decl":{"start":{"line":12,"column":80},"end":{"line":12,"column":81}},"loc":{"start":{"line":12,"column":94},"end":{"line":14,"column":1}},"line":12},"2":{"name":"(anonymous_2)","decl":{"start":{"line":15,"column":62},"end":{"line":15,"column":63}},"loc":{"start":{"line":15,"column":76},"end":{"line":17,"column":1}},"line":15},"3":{"name":"(anonymous_3)","decl":{"start":{"line":18,"column":100},"end":{"line":18,"column":101}},"loc":{"start":{"line":18,"column":114},"end":{"line":20,"column":1}},"line":18},"4":{"name":"(anonymous_4)","decl":{"start":{"line":21,"column":63},"end":{"line":21,"column":64}},"loc":{"start":{"line":21,"column":77},"end":{"line":23,"column":1}},"line":21}},"branchMap":{},"s":{"0":1,"1":1,"2":1,"3":1,"4":1,"5":1,"6":0,"7":1,"8":0,"9":1,"10":0,"11":1,"12":0,"13":1,"14":0,"15":1,"16":1,"17":1},"f":{"0":0,"1":0,"2":0,"3":0,"4":0},"b":{},"_coverageSchema":"1a1c01bbd47fc00a2c39e90264f33305004495a9","hash":"529d2cba99de58a9e2c7bae47caf652c833ddc97"}
,"C:\\project\\showcarpedia-next\\server\\routes\\v1\\chatRouter.js": {"path":"C:\\project\\showcarpedia-next\\server\\routes\\v1\\chatRouter.js","statementMap":{"0":{"start":{"line":1,"column":19},"end":{"line":1,"column":46}},"1":{"start":{"line":2,"column":25},"end":{"line":2,"column":53}},"2":{"start":{"line":4,"column":0},"end":{"line":4,"column":47}},"3":{"start":{"line":5,"column":0},"end":{"line":5,"column":47}},"4":{"start":{"line":6,"column":0},"end":{"line":6,"column":48}},"5":{"start":{"line":7,"column":0},"end":{"line":7,"column":49}},"6":{"start":{"line":8,"column":0},"end":{"line":8,"column":53}},"7":{"start":{"line":9,"column":0},"end":{"line":9,"column":59}},"8":{"start":{"line":10,"column":0},"end":{"line":10,"column":65}},"9":{"start":{"line":12,"column":0},"end":{"line":12,"column":27}}},"fnMap":{},"branchMap":{},"s":{"0":1,"1":1,"2":1,"3":1,"4":1,"5":1,"6":1,"7":1,"8":1,"9":1},"f":{},"b":{},"_coverageSchema":"1a1c01bbd47fc00a2c39e90264f33305004495a9","hash":"7740396d250dd433d0f578f5736d0d65ff1db6b4"}
,"C:\\project\\showcarpedia-next\\server\\routes\\v1\\index.js": {"path":"C:\\project\\showcarpedia-next\\server\\routes\\v1\\index.js","statementMap":{"0":{"start":{"line":1,"column":11},"end":{"line":1,"column":38}},"1":{"start":{"line":2,"column":23},"end":{"line":2,"column":65}},"2":{"start":{"line":3,"column":19},"end":{"line":3,"column":42}},"3":{"start":{"line":4,"column":23},"end":{"line":4,"column":50}},"4":{"start":{"line":5,"column":20},"end":{"line":5,"column":44}},"5":{"start":{"line":6,"column":20},"end":{"line":6,"column":44}},"6":{"start":{"line":7,"column":20},"end":{"line":7,"column":44}},"7":{"start":{"line":9,"column":19},"end":{"line":9,"column":42}},"8":{"start":{"line":10,"column":23},"end":{"line":10,"column":50}},"9":{"start":{"line":11,"column":19},"end":{"line":11,"column":42}},"10":{"start":{"line":12,"column":23},"end":{"line":12,"column":50}},"11":{"start":{"line":14,"column":0},"end":{"line":14,"column":49}},"12":{"start":{"line":14,"column":25},"end":{"line":14,"column":48}},"13":{"start":{"line":16,"column":0},"end":{"line":16,"column":35}},"14":{"start":{"line":17,"column":0},"end":{"line":17,"column":29}},"15":{"start":{"line":18,"column":0},"end":{"line":18,"column":29}},"16":{"start":{"line":19,"column":0},"end":{"line":19,"column":22}},"17":{"start":{"line":20,"column":0},"end":{"line":20,"column":27}},"18":{"start":{"line":21,"column":0},"end":{"line":21,"column":29}},"19":{"start":{"line":23,"column":0},"end":{"line":23,"column":27}},"20":{"start":{"line":24,"column":0},"end":{"line":24,"column":35}},"21":{"start":{"line":25,"column":0},"end":{"line":25,"column":27}},"22":{"start":{"line":26,"column":0},"end":{"line":26,"column":35}},"23":{"start":{"line":29,"column":0},"end":{"line":29,"column":18}}},"fnMap":{"0":{"name":"(anonymous_0)","decl":{"start":{"line":14,"column":12},"end":{"line":14,"column":13}},"loc":{"start":{"line":14,"column":25},"end":{"line":14,"column":48}},"line":14}},"branchMap":{},"s":{"0":1,"1":1,"2":1,"3":1,"4":1,"5":1,"6":1,"7":1,"8":1,"9":1,"10":1,"11":1,"12":0,"13":1,"14":1,"15":1,"16":1,"17":1,"18":1,"19":1,"20":1,"21":1,"22":1,"23":1},"f":{"0":0},"b":{},"_coverageSchema":"1a1c01bbd47fc00a2c39e90264f33305004495a9","hash":"42baa2222fb794c71992ca0fa3fbf21cf888c1f2"}
,"C:\\project\\showcarpedia-next\\server\\routes\\v1\\loginRouter.js": {"path":"C:\\project\\showcarpedia-next\\server\\routes\\v1\\loginRouter.js","statementMap":{"0":{"start":{"line":1,"column":24},"end":{"line":1,"column":68}},"1":{"start":{"line":2,"column":29},"end":{"line":2,"column":69}},"2":{"start":{"line":3,"column":28},"end":{"line":3,"column":70}},"3":{"start":{"line":4,"column":20},"end":{"line":4,"column":47}},"4":{"start":{"line":6,"column":0},"end":{"line":6,"column":78}},"5":{"start":{"line":8,"column":0},"end":{"line":8,"column":28}}},"fnMap":{},"branchMap":{},"s":{"0":1,"1":1,"2":1,"3":1,"4":1,"5":1},"f":{},"b":{},"_coverageSchema":"1a1c01bbd47fc00a2c39e90264f33305004495a9","hash":"0d64f4f4eb88986eb2680712c0779d6ed1f97aaa"}
,"C:\\project\\showcarpedia-next\\server\\routes\\v1\\profileRouter.js": {"path":"C:\\project\\showcarpedia-next\\server\\routes\\v1\\profileRouter.js","statementMap":{"0":{"start":{"line":1,"column":22},"end":{"line":1,"column":49}},"1":{"start":{"line":2,"column":28},"end":{"line":2,"column":56}},"2":{"start":{"line":3,"column":29},"end":{"line":3,"column":69}},"3":{"start":{"line":4,"column":26},"end":{"line":4,"column":68}},"4":{"start":{"line":6,"column":0},"end":{"line":6,"column":53}},"5":{"start":{"line":7,"column":0},"end":{"line":7,"column":87}},"6":{"start":{"line":9,"column":0},"end":{"line":9,"column":30}}},"fnMap":{},"branchMap":{},"s":{"0":1,"1":1,"2":1,"3":1,"4":1,"5":1,"6":1},"f":{},"b":{},"_coverageSchema":"1a1c01bbd47fc00a2c39e90264f33305004495a9","hash":"521e2f54899c55330a4e67b223a8833cf8e9ed3b"}
,"C:\\project\\showcarpedia-next\\server\\routes\\v1\\registerRouter.js": {"path":"C:\\project\\showcarpedia-next\\server\\routes\\v1\\registerRouter.js","statementMap":{"0":{"start":{"line":1,"column":27},"end":{"line":1,"column":74}},"1":{"start":{"line":2,"column":29},"end":{"line":2,"column":69}},"2":{"start":{"line":3,"column":31},"end":{"line":3,"column":73}},"3":{"start":{"line":4,"column":23},"end":{"line":4,"column":50}},"4":{"start":{"line":8,"column":0},"end":{"line":10,"column":5}},"5":{"start":{"line":9,"column":4},"end":{"line":9,"column":40}},"6":{"start":{"line":12,"column":2},"end":{"line":12,"column":33}}},"fnMap":{"0":{"name":"(anonymous_0)","decl":{"start":{"line":8,"column":92},"end":{"line":8,"column":93}},"loc":{"start":{"line":8,"column":106},"end":{"line":10,"column":3}},"line":8}},"branchMap":{},"s":{"0":1,"1":1,"2":1,"3":1,"4":1,"5":0,"6":1},"f":{"0":0},"b":{},"_coverageSchema":"1a1c01bbd47fc00a2c39e90264f33305004495a9","hash":"3050f109bdb7d10cb00271d14f66e01ba55ee4ca"}
,"C:\\project\\showcarpedia-next\\server\\routes\\v1\\userAccountRouter.js": {"path":"C:\\project\\showcarpedia-next\\server\\routes\\v1\\userAccountRouter.js","statementMap":{"0":{"start":{"line":1,"column":26},"end":{"line":1,"column":53}},"1":{"start":{"line":2,"column":27},"end":{"line":2,"column":55}},"2":{"start":{"line":3,"column":29},"end":{"line":3,"column":69}},"3":{"start":{"line":4,"column":31},"end":{"line":4,"column":73}},"4":{"start":{"line":6,"column":0},"end":{"line":6,"column":54}},"5":{"start":{"line":7,"column":0},"end":{"line":7,"column":84}},"6":{"start":{"line":9,"column":0},"end":{"line":9,"column":34}}},"fnMap":{},"branchMap":{},"s":{"0":1,"1":1,"2":1,"3":1,"4":1,"5":1,"6":1},"f":{},"b":{},"_coverageSchema":"1a1c01bbd47fc00a2c39e90264f33305004495a9","hash":"f3bac840c3c292133fb3db0a5e0271cacd945ca1"}
,"C:\\project\\showcarpedia-next\\server\\routes\\v1\\userRouter.js": {"path":"C:\\project\\showcarpedia-next\\server\\routes\\v1\\userRouter.js","statementMap":{"0":{"start":{"line":1,"column":19},"end":{"line":1,"column":46}},"1":{"start":{"line":2,"column":22},"end":{"line":2,"column":48}},"2":{"start":{"line":3,"column":26},"end":{"line":3,"column":56}},"3":{"start":{"line":6,"column":0},"end":{"line":6,"column":40}},"4":{"start":{"line":7,"column":0},"end":{"line":7,"column":44}},"5":{"start":{"line":9,"column":0},"end":{"line":9,"column":27}}},"fnMap":{},"branchMap":{},"s":{"0":1,"1":1,"2":1,"3":1,"4":1,"5":1},"f":{},"b":{},"_coverageSchema":"1a1c01bbd47fc00a2c39e90264f33305004495a9","hash":"a25db1331350d239f2aef1f117e941431b2e5cad"}
,"C:\\project\\showcarpedia-next\\server\\routes\\v1\\wishlistRouter.js": {"path":"C:\\project\\showcarpedia-next\\server\\routes\\v1\\wishlistRouter.js","statementMap":{"0":{"start":{"line":1,"column":27},"end":{"line":1,"column":74}},"1":{"start":{"line":2,"column":23},"end":{"line":2,"column":50}},"2":{"start":{"line":4,"column":0},"end":{"line":6,"column":3}},"3":{"start":{"line":5,"column":2},"end":{"line":5,"column":38}},"4":{"start":{"line":7,"column":0},"end":{"line":9,"column":3}},"5":{"start":{"line":8,"column":4},"end":{"line":8,"column":40}},"6":{"start":{"line":10,"column":0},"end":{"line":12,"column":3}},"7":{"start":{"line":11,"column":4},"end":{"line":11,"column":40}},"8":{"start":{"line":13,"column":0},"end":{"line":13,"column":31}}},"fnMap":{"0":{"name":"(anonymous_0)","decl":{"start":{"line":4,"column":68},"end":{"line":4,"column":69}},"loc":{"start":{"line":4,"column":82},"end":{"line":6,"column":1}},"line":4},"1":{"name":"(anonymous_1)","decl":{"start":{"line":7,"column":52},"end":{"line":7,"column":53}},"loc":{"start":{"line":7,"column":66},"end":{"line":9,"column":1}},"line":7},"2":{"name":"(anonymous_2)","decl":{"start":{"line":10,"column":57},"end":{"line":10,"column":58}},"loc":{"start":{"line":10,"column":71},"end":{"line":12,"column":1}},"line":10}},"branchMap":{},"s":{"0":1,"1":1,"2":1,"3":0,"4":1,"5":0,"6":1,"7":0,"8":1},"f":{"0":0,"1":0,"2":0},"b":{},"_coverageSchema":"1a1c01bbd47fc00a2c39e90264f33305004495a9","hash":"531c1663f33fcc76a24a00ba6e5835624eb17de3"}
,"C:\\project\\showcarpedia-next\\server\\validation\\authSchema.yup.js": {"path":"C:\\project\\showcarpedia-next\\server\\validation\\authSchema.yup.js","statementMap":{"0":{"start":{"line":1,"column":12},"end":{"line":1,"column":26}},"1":{"start":{"line":3,"column":27},"end":{"line":9,"column":2}},"2":{"start":{"line":11,"column":26},"end":{"line":16,"column":4}},"3":{"start":{"line":18,"column":27},"end":{"line":29,"column":4}},"4":{"start":{"line":31,"column":24},"end":{"line":39,"column":4}},"5":{"start":{"line":40,"column":0},"end":{"line":40,"column":89}}},"fnMap":{},"branchMap":{},"s":{"0":1,"1":1,"2":1,"3":1,"4":1,"5":1},"f":{},"b":{},"_coverageSchema":"1a1c01bbd47fc00a2c39e90264f33305004495a9","hash":"45a3fd303686f83ad1c309204ebf4beeab3b8a19"}
}
