TN:
SF:index.js
FNF:0
FNH:0
DA:1,10
DA:2,10
DA:3,10
DA:4,10
DA:5,10
DA:7,10
DA:8,10
DA:9,10
DA:10,10
DA:13,10
DA:14,10
LF:11
LH:11
BRF:0
BRH:0
end_of_record
TN:
SF:config/config.js
FNF:0
FNH:0
DA:1,10
DA:2,10
LF:2
LH:2
BRF:0
BRH:0
end_of_record
TN:
SF:controllers/aboutController.js
FN:4,(anonymous_0)
FN:6,(anonymous_1)
FN:20,(anonymous_2)
FN:31,(anonymous_3)
FNF:4
FNH:4
FNDA:1,(anonymous_0)
FNDA:1,(anonymous_1)
FNDA:1,(anonymous_2)
FNDA:1,(anonymous_3)
DA:1,10
DA:5,1
DA:7,1
DA:21,1
DA:22,1
DA:26,1
DA:32,1
DA:43,10
LF:8
LH:8
BRF:0
BRH:0
end_of_record
TN:
SF:controllers/adminController.js
FN:6,(anonymous_0)
FN:29,(anonymous_1)
FN:74,(anonymous_2)
FN:79,(anonymous_3)
FN:85,(anonymous_4)
FN:93,(anonymous_5)
FN:121,(anonymous_6)
FNF:7
FNH:6
FNDA:2,(anonymous_0)
FNDA:3,(anonymous_1)
FNDA:2,(anonymous_2)
FNDA:1,(anonymous_3)
FNDA:0,(anonymous_4)
FNDA:2,(anonymous_5)
FNDA:2,(anonymous_6)
DA:1,10
DA:2,10
DA:6,10
DA:8,2
DA:10,2
DA:11,2
DA:12,2
DA:18,2
DA:20,0
DA:25,0
DA:29,10
DA:30,3
DA:31,3
DA:32,3
DA:33,3
DA:34,3
DA:35,3
DA:36,2
DA:37,2
DA:39,1
DA:42,1
DA:44,1
DA:46,1
DA:51,1
DA:53,1
DA:54,1
DA:63,0
DA:64,0
DA:67,0
DA:70,0
DA:75,2
DA:76,2
DA:77,2
DA:78,1
DA:80,1
DA:86,0
DA:89,1
DA:93,10
DA:94,2
DA:95,2
DA:96,2
DA:97,2
DA:103,2
DA:104,1
DA:109,1
DA:110,1
DA:113,1
DA:116,0
DA:117,0
DA:122,2
DA:123,2
DA:124,2
DA:125,2
DA:129,2
DA:130,1
DA:135,1
DA:136,1
DA:138,1
DA:143,1
DA:144,1
DA:147,1
DA:150,1
DA:155,10
LF:63
LH:54
BRDA:11,0,0,2
BRDA:11,0,1,0
BRDA:11,1,0,2
BRDA:11,1,1,1
BRDA:32,2,0,3
BRDA:32,2,1,0
BRDA:35,3,0,1
BRDA:35,3,1,2
BRDA:37,4,0,1
BRDA:37,4,1,1
BRDA:44,5,0,1
BRDA:44,5,1,0
BRDA:53,6,0,1
BRDA:53,6,1,0
BRDA:63,7,0,0
BRDA:63,7,1,0
BRDA:77,8,0,1
BRDA:77,8,1,1
BRDA:103,9,0,1
BRDA:103,9,1,1
BRDA:109,10,0,1
BRDA:109,10,1,0
BRDA:129,11,0,1
BRDA:129,11,1,1
BRDA:135,12,0,1
BRDA:135,12,1,0
BRDA:143,13,0,1
BRDA:143,13,1,0
BRF:28
BRH:19
end_of_record
TN:
SF:controllers/carsController.js
FN:4,(anonymous_0)
FN:50,(anonymous_1)
FN:65,(anonymous_2)
FN:87,(anonymous_3)
FN:128,(anonymous_4)
FN:148,(anonymous_5)
FN:157,(anonymous_6)
FN:182,(anonymous_7)
FNF:8
FNH:8
FNDA:1,(anonymous_0)
FNDA:2,(anonymous_1)
FNDA:1,(anonymous_2)
FNDA:1,(anonymous_3)
FNDA:1,(anonymous_4)
FNDA:2,(anonymous_5)
FNDA:6,(anonymous_6)
FNDA:1,(anonymous_7)
DA:1,10
DA:2,10
DA:4,10
DA:15,1
DA:16,1
DA:28,1
DA:29,1
DA:31,1
DA:44,0
DA:51,2
DA:52,2
DA:58,2
DA:59,1
DA:61,0
DA:66,1
DA:67,1
DA:68,1
DA:69,1
DA:70,1
DA:83,0
DA:88,1
DA:89,1
DA:100,1
DA:101,1
DA:113,1
DA:118,1
DA:119,1
DA:125,0
DA:129,1
DA:130,1
DA:131,1
DA:134,1
DA:139,1
DA:140,1
DA:145,0
DA:149,2
DA:150,2
DA:156,2
DA:157,6
DA:159,2
DA:160,2
DA:161,2
DA:175,2
DA:176,1
DA:178,0
DA:183,1
DA:184,1
DA:185,1
DA:186,1
DA:187,1
DA:188,1
DA:193,1
DA:195,0
DA:199,10
LF:54
LH:47
BRDA:58,0,0,1
BRDA:58,0,1,1
BRDA:69,1,0,1
BRDA:69,1,1,0
BRDA:118,2,0,1
BRDA:118,2,1,0
BRDA:139,3,0,1
BRDA:139,3,1,0
BRDA:165,4,0,2
BRDA:165,4,1,0
BRDA:165,5,0,2
BRDA:165,5,1,0
BRDA:168,6,0,2
BRDA:168,6,1,0
BRDA:171,7,0,2
BRDA:171,7,1,0
BRDA:175,8,0,1
BRDA:175,8,1,1
BRF:18
BRH:11
end_of_record
TN:
SF:controllers/chatController.js
FN:6,(anonymous_0)
FN:23,(anonymous_1)
FN:36,(anonymous_2)
FN:51,(anonymous_3)
FN:76,(anonymous_4)
FN:105,(anonymous_5)
FN:137,(anonymous_6)
FNF:7
FNH:7
FNDA:1,(anonymous_0)
FNDA:1,(anonymous_1)
FNDA:1,(anonymous_2)
FNDA:1,(anonymous_3)
FNDA:1,(anonymous_4)
FNDA:1,(anonymous_5)
FNDA:1,(anonymous_6)
DA:1,10
DA:2,10
DA:3,10
DA:6,10
DA:7,1
DA:8,1
DA:17,1
DA:23,10
DA:24,1
DA:25,1
DA:26,1
DA:30,1
DA:37,1
DA:38,1
DA:39,1
DA:45,1
DA:52,1
DA:53,1
DA:54,1
DA:70,1
DA:77,1
DA:78,1
DA:79,1
DA:83,1
DA:99,1
DA:106,1
DA:107,1
DA:109,1
DA:110,1
DA:112,1
DA:116,1
DA:119,1
DA:121,1
DA:122,1
DA:138,1
DA:139,1
DA:141,1
DA:142,1
DA:144,1
DA:148,1
DA:151,1
DA:153,1
DA:154,1
DA:170,10
LF:44
LH:44
BRDA:121,0,0,1
BRDA:121,0,1,0
BRDA:153,1,0,1
BRDA:153,1,1,0
BRF:4
BRH:2
end_of_record
TN:
SF:controllers/index.js
FNF:0
FNH:0
DA:1,10
LF:1
LH:1
BRF:0
BRH:0
end_of_record
TN:
SF:controllers/insightsController.js
FN:5,(anonymous_0)
FN:17,(anonymous_1)
FN:29,(anonymous_2)
FN:40,(anonymous_3)
FNF:4
FNH:4
FNDA:1,(anonymous_0)
FNDA:1,(anonymous_1)
FNDA:1,(anonymous_2)
FNDA:1,(anonymous_3)
DA:1,10
DA:6,1
DA:12,1
DA:18,1
DA:24,1
DA:30,1
DA:35,1
DA:41,1
DA:60,1
DA:67,10
LF:10
LH:10
BRF:0
BRH:0
end_of_record
TN:
SF:controllers/loginController.js
FN:6,(anonymous_0)
FNF:1
FNH:1
FNDA:3,(anonymous_0)
DA:1,10
DA:2,10
DA:3,10
DA:6,10
DA:7,3
DA:8,3
DA:9,3
DA:10,3
DA:15,3
DA:17,3
DA:18,2
DA:25,3
DA:27,3
DA:28,1
DA:31,2
DA:38,2
DA:42,2
DA:54,10
LF:18
LH:18
BRDA:17,0,0,2
BRDA:17,0,1,1
BRDA:27,1,0,1
BRDA:27,1,1,2
BRF:4
BRH:4
end_of_record
TN:
SF:controllers/profileController.js
FN:5,(anonymous_0)
FN:15,(anonymous_1)
FNF:2
FNH:2
FNDA:1,(anonymous_0)
FNDA:1,(anonymous_1)
DA:1,10
DA:6,1
DA:7,1
DA:9,1
DA:10,1
DA:17,1
DA:18,1
DA:20,1
DA:29,1
DA:31,1
DA:32,1
DA:43,10
LF:12
LH:12
BRF:0
BRH:0
end_of_record
TN:
SF:controllers/registerController.js
FN:5,(anonymous_0)
FNF:1
FNH:1
FNDA:3,(anonymous_0)
DA:1,10
DA:2,10
DA:5,10
DA:6,3
DA:7,3
DA:8,3
DA:9,3
DA:10,1
DA:11,2
DA:12,2
DA:13,1
DA:15,1
DA:22,1
DA:24,1
DA:25,1
DA:30,1
DA:32,1
DA:33,1
DA:38,1
DA:40,1
DA:41,1
DA:50,0
DA:51,0
DA:54,0
DA:58,10
LF:25
LH:22
BRDA:9,0,0,1
BRDA:9,0,1,2
BRDA:12,1,0,1
BRDA:12,1,1,1
BRDA:24,2,0,1
BRDA:24,2,1,0
BRDA:32,3,0,1
BRDA:32,3,1,0
BRDA:40,4,0,1
BRDA:40,4,1,0
BRDA:50,5,0,0
BRDA:50,5,1,0
BRF:12
BRH:7
end_of_record
TN:
SF:controllers/userController.js
FN:6,(anonymous_0)
FN:9,(anonymous_1)
FN:20,(anonymous_2)
FN:32,(anonymous_3)
FNF:4
FNH:4
FNDA:1,(anonymous_0)
FNDA:1,(anonymous_1)
FNDA:1,(anonymous_2)
FNDA:1,(anonymous_3)
DA:1,10
DA:2,10
DA:7,1
DA:8,1
DA:10,1
DA:21,1
DA:22,1
DA:27,1
DA:33,1
DA:40,10
LF:10
LH:10
BRF:0
BRH:0
end_of_record
TN:
SF:controllers/wishlistController.js
FN:4,(anonymous_0)
FN:29,(anonymous_1)
FN:104,(anonymous_2)
FNF:3
FNH:3
FNDA:2,(anonymous_0)
FNDA:2,(anonymous_1)
FNDA:1,(anonymous_2)
DA:1,10
DA:4,10
DA:5,2
DA:6,2
DA:7,2
DA:11,2
DA:12,2
DA:16,2
DA:17,1
DA:19,1
DA:20,1
DA:23,0
DA:30,2
DA:31,2
DA:32,2
DA:47,2
DA:48,1
DA:50,0
DA:105,1
DA:106,1
DA:107,1
DA:108,1
DA:114,1
DA:119,0
DA:123,10
LF:25
LH:22
BRDA:16,0,0,1
BRDA:16,0,1,1
BRDA:47,1,0,1
BRDA:47,1,1,1
BRF:4
BRH:4
end_of_record
TN:
SF:helpers/passwordHandler.js
FN:4,(anonymous_0)
FN:8,(anonymous_1)
FNF:2
FNH:2
FNDA:21,(anonymous_0)
FNDA:3,(anonymous_1)
DA:1,10
DA:2,10
DA:4,10
DA:5,21
DA:8,10
DA:9,3
DA:12,10
LF:7
LH:7
BRF:0
BRH:0
end_of_record
TN:
SF:helpers/tokenHandler.js
FN:4,(anonymous_0)
FN:8,(anonymous_1)
FNF:2
FNH:2
FNDA:11,(anonymous_0)
FNDA:49,(anonymous_1)
DA:1,10
DA:2,10
DA:4,10
DA:5,11
DA:8,10
DA:9,49
DA:12,10
LF:7
LH:7
BRF:0
BRH:0
end_of_record
TN:
SF:middleware/authentication.js
FN:5,(anonymous_0)
FNF:1
FNH:1
FNDA:56,(anonymous_0)
DA:1,10
DA:2,10
DA:5,10
DA:6,56
DA:7,56
DA:8,56
DA:9,49
DA:10,49
DA:18,49
DA:19,49
DA:21,7
LF:11
LH:11
BRDA:8,0,0,49
BRDA:8,0,1,7
BRF:2
BRH:2
end_of_record
TN:
SF:middleware/validatorYup.js
FN:1,(anonymous_0)
FN:1,(anonymous_1)
FNF:2
FNH:2
FNDA:80,(anonymous_0)
FNDA:23,(anonymous_1)
DA:1,80
DA:2,23
DA:3,23
DA:6,15
DA:8,8
DA:12,10
LF:6
LH:6
BRF:0
BRH:0
end_of_record
TN:
SF:models/about.js
FN:5,(anonymous_0)
FN:12,(anonymous_1)
FNF:2
FNH:2
FNDA:10,(anonymous_0)
FNDA:10,(anonymous_1)
DA:4,10
DA:5,10
DA:16,10
DA:23,10
LF:4
LH:4
BRF:0
BRH:0
end_of_record
TN:
SF:models/chat.js
FN:5,(anonymous_0)
FN:12,(anonymous_1)
FNF:2
FNH:2
FNDA:10,(anonymous_0)
FNDA:10,(anonymous_1)
DA:4,10
DA:5,10
DA:13,10
DA:14,10
DA:17,10
DA:40,10
LF:6
LH:6
BRF:0
BRH:0
end_of_record
TN:
SF:models/index.js
FN:20,(anonymous_0)
FN:23,(anonymous_1)
FN:28,(anonymous_2)
FNF:3
FNH:3
FNDA:80,(anonymous_0)
FNDA:70,(anonymous_1)
FNDA:70,(anonymous_2)
DA:3,10
DA:4,10
DA:5,10
DA:6,10
DA:7,10
DA:8,10
DA:9,10
DA:12,10
DA:13,0
DA:15,10
DA:18,10
DA:21,80
DA:24,70
DA:25,70
DA:28,10
DA:29,70
DA:30,70
DA:34,10
DA:35,10
DA:37,10
LF:20
LH:19
BRDA:7,0,0,10
BRDA:7,0,1,0
BRDA:12,1,0,0
BRDA:12,1,1,10
BRDA:21,2,0,80
BRDA:21,2,1,80
BRDA:21,2,2,70
BRDA:29,3,0,70
BRDA:29,3,1,0
BRF:9
BRH:6
end_of_record
TN:
SF:models/product.js
FN:3,(anonymous_0)
FN:10,(anonymous_1)
FNF:2
FNH:2
FNDA:10,(anonymous_0)
FNDA:10,(anonymous_1)
DA:2,10
DA:3,10
DA:12,10
DA:18,10
DA:36,10
LF:5
LH:5
BRF:0
BRH:0
end_of_record
TN:
SF:models/profile.js
FN:5,(anonymous_0)
FN:12,(anonymous_1)
FNF:2
FNH:2
FNDA:10,(anonymous_0)
FNDA:10,(anonymous_1)
DA:4,10
DA:5,10
DA:13,10
DA:16,10
DA:34,10
LF:5
LH:5
BRF:0
BRH:0
end_of_record
TN:
SF:models/roomlists.js
FN:5,(anonymous_0)
FN:12,(anonymous_1)
FNF:2
FNH:2
FNDA:10,(anonymous_0)
FNDA:10,(anonymous_1)
DA:4,10
DA:5,10
DA:13,10
DA:14,10
DA:17,10
DA:34,10
LF:6
LH:6
BRF:0
BRH:0
end_of_record
TN:
SF:models/user.js
FN:5,(anonymous_0)
FN:12,(anonymous_1)
FNF:2
FNH:2
FNDA:10,(anonymous_0)
FNDA:10,(anonymous_1)
DA:4,10
DA:5,10
DA:13,10
DA:15,10
DA:16,10
DA:20,10
DA:30,10
LF:7
LH:7
BRF:0
BRH:0
end_of_record
TN:
SF:models/wishlist.js
FN:5,(anonymous_0)
FN:12,(anonymous_1)
FNF:2
FNH:2
FNDA:10,(anonymous_0)
FNDA:10,(anonymous_1)
DA:4,10
DA:5,10
DA:13,10
DA:14,10
DA:17,10
DA:24,10
LF:6
LH:6
BRF:0
BRH:0
end_of_record
TN:
SF:routes/index.js
FN:5,(anonymous_0)
FN:11,(anonymous_1)
FNF:2
FNH:0
FNDA:0,(anonymous_0)
FNDA:0,(anonymous_1)
DA:1,10
DA:2,10
DA:3,10
DA:5,10
DA:7,10
DA:10,10
DA:11,10
DA:13,10
LF:8
LH:8
BRF:0
BRH:0
end_of_record
TN:
SF:routes/v1/AboutRouter.js
FNF:0
FNH:0
DA:1,10
DA:2,10
DA:5,10
DA:6,10
DA:7,10
LF:5
LH:5
BRF:0
BRH:0
end_of_record
TN:
SF:routes/v1/InsightsRouter.js
FNF:0
FNH:0
DA:1,10
DA:2,10
DA:4,10
DA:5,10
DA:6,10
DA:7,10
DA:8,10
LF:7
LH:7
BRF:0
BRH:0
end_of_record
TN:
SF:routes/v1/adminRouter.js
FN:6,(anonymous_0)
FN:10,(anonymous_1)
FN:14,(anonymous_2)
FN:18,(anonymous_3)
FN:22,(anonymous_4)
FNF:5
FNH:0
FNDA:0,(anonymous_0)
FNDA:0,(anonymous_1)
FNDA:0,(anonymous_2)
FNDA:0,(anonymous_3)
FNDA:0,(anonymous_4)
DA:1,10
DA:2,10
DA:3,10
DA:4,10
DA:6,10
DA:10,10
DA:14,10
DA:18,10
DA:22,10
DA:26,10
LF:10
LH:10
BRF:0
BRH:0
end_of_record
TN:
SF:routes/v1/carsRouter.js
FN:9,(anonymous_0)
FN:12,(anonymous_1)
FN:15,(anonymous_2)
FN:18,(anonymous_3)
FN:21,(anonymous_4)
FNF:5
FNH:0
FNDA:0,(anonymous_0)
FNDA:0,(anonymous_1)
FNDA:0,(anonymous_2)
FNDA:0,(anonymous_3)
FNDA:0,(anonymous_4)
DA:1,10
DA:2,10
DA:3,10
DA:4,10
DA:5,10
DA:9,10
DA:10,0
DA:12,10
DA:13,0
DA:15,10
DA:16,0
DA:18,10
DA:19,0
DA:21,10
DA:22,0
DA:24,10
DA:26,10
DA:27,10
LF:18
LH:13
BRF:0
BRH:0
end_of_record
TN:
SF:routes/v1/chatRouter.js
FNF:0
FNH:0
DA:1,10
DA:2,10
DA:4,10
DA:5,10
DA:6,10
DA:7,10
DA:8,10
DA:9,10
DA:10,10
DA:12,10
LF:10
LH:10
BRF:0
BRH:0
end_of_record
TN:
SF:routes/v1/index.js
FN:14,(anonymous_0)
FNF:1
FNH:0
FNDA:0,(anonymous_0)
DA:1,10
DA:2,10
DA:3,10
DA:4,10
DA:5,10
DA:6,10
DA:7,10
DA:9,10
DA:10,10
DA:11,10
DA:12,10
DA:14,10
DA:16,10
DA:17,10
DA:18,10
DA:19,10
DA:20,10
DA:21,10
DA:23,10
DA:24,10
DA:25,10
DA:26,10
DA:29,10
LF:23
LH:23
BRF:0
BRH:0
end_of_record
TN:
SF:routes/v1/loginRouter.js
FNF:0
FNH:0
DA:1,10
DA:2,10
DA:3,10
DA:4,10
DA:6,10
DA:8,10
LF:6
LH:6
BRF:0
BRH:0
end_of_record
TN:
SF:routes/v1/profileRouter.js
FNF:0
FNH:0
DA:1,10
DA:2,10
DA:3,10
DA:4,10
DA:6,10
DA:7,10
DA:9,10
LF:7
LH:7
BRF:0
BRH:0
end_of_record
TN:
SF:routes/v1/registerRouter.js
FN:8,(anonymous_0)
FNF:1
FNH:0
FNDA:0,(anonymous_0)
DA:1,10
DA:2,10
DA:3,10
DA:4,10
DA:8,10
DA:12,10
LF:6
LH:6
BRF:0
BRH:0
end_of_record
TN:
SF:routes/v1/userAccountRouter.js
FNF:0
FNH:0
DA:1,10
DA:2,10
DA:3,10
DA:4,10
DA:6,10
DA:7,10
DA:9,10
LF:7
LH:7
BRF:0
BRH:0
end_of_record
TN:
SF:routes/v1/userRouter.js
FNF:0
FNH:0
DA:1,10
DA:2,10
DA:3,10
DA:6,10
DA:7,10
DA:9,10
LF:6
LH:6
BRF:0
BRH:0
end_of_record
TN:
SF:routes/v1/wishlistRouter.js
FN:7,(anonymous_0)
FN:11,(anonymous_1)
FN:14,(anonymous_2)
FNF:3
FNH:0
FNDA:0,(anonymous_0)
FNDA:0,(anonymous_1)
FNDA:0,(anonymous_2)
DA:1,10
DA:2,10
DA:4,10
DA:8,0
DA:11,10
DA:12,0
DA:14,10
DA:15,0
DA:17,10
LF:9
LH:6
BRF:0
BRH:0
end_of_record
TN:
SF:validation/authSchema.yup.js
FNF:0
FNH:0
DA:1,10
DA:3,10
DA:11,10
DA:18,10
DA:31,10
DA:40,10
LF:6
LH:6
BRF:0
BRH:0
end_of_record
